[2017-01-09 19:00:45.212] [ERROR] console - SyntaxError: Unexpected token , in JSON at position 1
    at JSON.parse (<anonymous>)
    at exports.create (/Users/achar/Projects/yuntianyuan_api/api/data/controller.js:50:24)
    at Layer.handle [as handle_request] (/Users/achar/Projects/yuntianyuan_api/node_modules/express/lib/router/layer.js:95:5)
    at next (/Users/achar/Projects/yuntianyuan_api/node_modules/express/lib/router/route.js:131:13)
    at module.exports (/Users/achar/Projects/yuntianyuan_api/utils/sanitize.js:25:5)
    at Layer.handle [as handle_request] (/Users/achar/Projects/yuntianyuan_api/node_modules/express/lib/router/layer.js:95:5)
    at next (/Users/achar/Projects/yuntianyuan_api/node_modules/express/lib/router/route.js:131:13)
    at exports.touchToken (/Users/achar/Projects/yuntianyuan_api/utils/token_manager.js:43:2)
    at Layer.handle [as handle_request] (/Users/achar/Projects/yuntianyuan_api/node_modules/express/lib/router/layer.js:95:5)
    at next (/Users/achar/Projects/yuntianyuan_api/node_modules/express/lib/router/route.js:131:13)
    at Route.dispatch (/Users/achar/Projects/yuntianyuan_api/node_modules/express/lib/router/route.js:112:3)
    at Layer.handle [as handle_request] (/Users/achar/Projects/yuntianyuan_api/node_modules/express/lib/router/layer.js:95:5)
    at /Users/achar/Projects/yuntianyuan_api/node_modules/express/lib/router/index.js:277:22
    at Function.process_params (/Users/achar/Projects/yuntianyuan_api/node_modules/express/lib/router/index.js:330:12)
    at next (/Users/achar/Projects/yuntianyuan_api/node_modules/express/lib/router/index.js:271:10)
    at Function.handle (/Users/achar/Projects/yuntianyuan_api/node_modules/express/lib/router/index.js:176:3)
    at router (/Users/achar/Projects/yuntianyuan_api/node_modules/express/lib/router/index.js:46:12)
    at Layer.handle [as handle_request] (/Users/achar/Projects/yuntianyuan_api/node_modules/express/lib/router/layer.js:95:5)
    at trim_prefix (/Users/achar/Projects/yuntianyuan_api/node_modules/express/lib/router/index.js:312:13)
    at /Users/achar/Projects/yuntianyuan_api/node_modules/express/lib/router/index.js:280:7
    at Function.process_params (/Users/achar/Projects/yuntianyuan_api/node_modules/express/lib/router/index.js:330:12)
    at next (/Users/achar/Projects/yuntianyuan_api/node_modules/express/lib/router/index.js:271:10)
    at cookieParser (/Users/achar/Projects/yuntianyuan_api/node_modules/cookie-parser/index.js:56:14)
    at Layer.handle [as handle_request] (/Users/achar/Projects/yuntianyuan_api/node_modules/express/lib/router/layer.js:95:5)
    at trim_prefix (/Users/achar/Projects/yuntianyuan_api/node_modules/express/lib/router/index.js:312:13)
    at /Users/achar/Projects/yuntianyuan_api/node_modules/express/lib/router/index.js:280:7
    at Function.process_params (/Users/achar/Projects/yuntianyuan_api/node_modules/express/lib/router/index.js:330:12)
    at next (/Users/achar/Projects/yuntianyuan_api/node_modules/express/lib/router/index.js:271:10)
[2017-01-09 19:01:21.217] [DEBUG] console - 日志系统启动!
[2017-01-09 19:01:21.270] [INFO] console - 开发环境模式
[2017-01-09 19:01:21.560] [DEBUG] console - 加载权限管理模块!
[2017-01-09 19:01:21.657] [DEBUG] console - 已加载问诊模块
[2017-01-09 19:01:21.666] [DEBUG] console - 已加载问诊模块
[2017-01-09 19:01:22.108] [ERROR] console - (node:74782) DeprecationWarning: Mongoose: mpromise (mongoose's default promise library) is deprecated, plug in your own promise library instead: http://mongoosejs.com/docs/promises.html
[2017-01-09 19:01:22.109] [INFO] console - listen on 8029
[2017-01-09 19:01:22.110] [INFO] console - Listening on port 8029
[2017-01-09 19:01:22.111] [INFO] console - Redis is ready
[2017-01-09 19:01:22.118] [INFO] console - Connection success!
[2017-01-09 19:01:22.124] [INFO] console - mongodb is connected
[2017-01-09 19:01:22.157] [INFO] console - 测试诊断方案010123 init plan
[2017-01-09 19:03:06.313] [DEBUG] console - 日志系统启动!
[2017-01-09 19:03:06.369] [INFO] console - 开发环境模式
[2017-01-09 19:03:06.697] [DEBUG] console - 加载权限管理模块!
[2017-01-09 19:03:06.792] [DEBUG] console - 已加载问诊模块
[2017-01-09 19:03:06.801] [DEBUG] console - 已加载问诊模块
[2017-01-09 19:03:07.216] [ERROR] console - (node:74919) DeprecationWarning: Mongoose: mpromise (mongoose's default promise library) is deprecated, plug in your own promise library instead: http://mongoosejs.com/docs/promises.html
[2017-01-09 19:03:07.217] [INFO] console - listen on 8029
[2017-01-09 19:03:07.217] [INFO] console - Listening on port 8029
[2017-01-09 19:03:07.219] [INFO] console - Redis is ready
[2017-01-09 19:03:07.226] [INFO] console - Connection success!
[2017-01-09 19:03:07.231] [INFO] console - mongodb is connected
[2017-01-09 19:03:07.258] [INFO] console - 测试诊断方案010123 init plan
[2017-01-09 19:04:17.532] [ERROR] console - SyntaxError: Unexpected token , in JSON at position 3
    at JSON.parse (<anonymous>)
    at exports.create (/Users/achar/Projects/yuntianyuan_api/api/data/controller.js:51:24)
    at Layer.handle [as handle_request] (/Users/achar/Projects/yuntianyuan_api/node_modules/express/lib/router/layer.js:95:5)
    at next (/Users/achar/Projects/yuntianyuan_api/node_modules/express/lib/router/route.js:131:13)
    at module.exports (/Users/achar/Projects/yuntianyuan_api/utils/sanitize.js:25:5)
    at Layer.handle [as handle_request] (/Users/achar/Projects/yuntianyuan_api/node_modules/express/lib/router/layer.js:95:5)
    at next (/Users/achar/Projects/yuntianyuan_api/node_modules/express/lib/router/route.js:131:13)
    at exports.touchToken (/Users/achar/Projects/yuntianyuan_api/utils/token_manager.js:43:2)
    at Layer.handle [as handle_request] (/Users/achar/Projects/yuntianyuan_api/node_modules/express/lib/router/layer.js:95:5)
    at next (/Users/achar/Projects/yuntianyuan_api/node_modules/express/lib/router/route.js:131:13)
    at Route.dispatch (/Users/achar/Projects/yuntianyuan_api/node_modules/express/lib/router/route.js:112:3)
    at Layer.handle [as handle_request] (/Users/achar/Projects/yuntianyuan_api/node_modules/express/lib/router/layer.js:95:5)
    at /Users/achar/Projects/yuntianyuan_api/node_modules/express/lib/router/index.js:277:22
    at Function.process_params (/Users/achar/Projects/yuntianyuan_api/node_modules/express/lib/router/index.js:330:12)
    at next (/Users/achar/Projects/yuntianyuan_api/node_modules/express/lib/router/index.js:271:10)
    at Function.handle (/Users/achar/Projects/yuntianyuan_api/node_modules/express/lib/router/index.js:176:3)
    at router (/Users/achar/Projects/yuntianyuan_api/node_modules/express/lib/router/index.js:46:12)
    at Layer.handle [as handle_request] (/Users/achar/Projects/yuntianyuan_api/node_modules/express/lib/router/layer.js:95:5)
    at trim_prefix (/Users/achar/Projects/yuntianyuan_api/node_modules/express/lib/router/index.js:312:13)
    at /Users/achar/Projects/yuntianyuan_api/node_modules/express/lib/router/index.js:280:7
    at Function.process_params (/Users/achar/Projects/yuntianyuan_api/node_modules/express/lib/router/index.js:330:12)
    at next (/Users/achar/Projects/yuntianyuan_api/node_modules/express/lib/router/index.js:271:10)
    at cookieParser (/Users/achar/Projects/yuntianyuan_api/node_modules/cookie-parser/index.js:56:14)
    at Layer.handle [as handle_request] (/Users/achar/Projects/yuntianyuan_api/node_modules/express/lib/router/layer.js:95:5)
    at trim_prefix (/Users/achar/Projects/yuntianyuan_api/node_modules/express/lib/router/index.js:312:13)
    at /Users/achar/Projects/yuntianyuan_api/node_modules/express/lib/router/index.js:280:7
    at Function.process_params (/Users/achar/Projects/yuntianyuan_api/node_modules/express/lib/router/index.js:330:12)
    at next (/Users/achar/Projects/yuntianyuan_api/node_modules/express/lib/router/index.js:271:10)
[2017-01-09 19:04:17.545] [INFO] console - Connection error: Error: connection timeout
[2017-01-09 19:04:22.681] [DEBUG] console - 日志系统启动!
[2017-01-09 19:04:22.778] [INFO] console - 开发环境模式
[2017-01-09 19:04:23.133] [DEBUG] console - 加载权限管理模块!
[2017-01-09 19:04:23.233] [DEBUG] console - 已加载问诊模块
[2017-01-09 19:04:23.241] [DEBUG] console - 已加载问诊模块
[2017-01-09 19:04:23.705] [ERROR] console - (node:75030) DeprecationWarning: Mongoose: mpromise (mongoose's default promise library) is deprecated, plug in your own promise library instead: http://mongoosejs.com/docs/promises.html
[2017-01-09 19:04:23.706] [INFO] console - listen on 8029
[2017-01-09 19:04:23.707] [INFO] console - Listening on port 8029
[2017-01-09 19:04:23.708] [INFO] console - Redis is ready
[2017-01-09 19:04:23.715] [INFO] console - Connection success!
[2017-01-09 19:04:23.721] [INFO] console - mongodb is connected
[2017-01-09 19:04:23.751] [INFO] console - 测试诊断方案010123 init plan
[2017-01-09 19:05:26.423] [INFO] console - { __v: 0,
  diagnosticRecord: 5873688b9b15991c0ca8b6c9,
  _id: 58736e533e4fe82517323d0b,
  datas: [],
  largeIntestine: [],
  lung: [],
  liver: [],
  gallbladder: [],
  sanjiao: [],
  pericardium: [],
  kidney: [],
  bladder: [],
  smallIntestine: [],
  heart: [],
  spleen: [],
  stomach: [] }
