[2017-01-10 09:28:03.883] [DEBUG] console - 日志系统启动!
[2017-01-10 09:28:03.941] [INFO] console - 开发环境模式
[2017-01-10 09:28:04.352] [DEBUG] console - 加载权限管理模块!
[2017-01-10 09:28:04.481] [DEBUG] console - 已加载问诊模块
[2017-01-10 09:28:04.493] [DEBUG] console - 已加载问诊模块
[2017-01-10 09:28:05.019] [ERROR] console - (node:76725) DeprecationWarning: Mongoose: mpromise (mongoose's default promise library) is deprecated, plug in your own promise library instead: http://mongoosejs.com/docs/promises.html
[2017-01-10 09:28:05.021] [INFO] console - listen on 8029
[2017-01-10 09:28:05.022] [INFO] console - Listening on port 8029
[2017-01-10 09:28:05.023] [INFO] console - Redis is ready
[2017-01-10 09:28:05.037] [INFO] console - Connection success!
[2017-01-10 09:28:05.043] [INFO] console - mongodb is connected
[2017-01-10 09:28:05.085] [INFO] console - 测试诊断方案010123 init plan
[2017-01-10 09:28:52.157] [INFO] console - { __v: 0,
  diagnosticRecord: 5873688b9b15991c0ca8b6c9,
  _id: 587438d2d376162bb69f929a,
  datas: [],
  largeIntestine: [],
  lung: [],
  liver: [],
  gallbladder: [],
  sanjiao: [],
  pericardium: [],
  kidney: [],
  bladder: [],
  smallIntestine: [],
  heart: [],
  spleen: [],
  stomach: [] }
[2017-01-10 09:28:53.232] [INFO] console - ::1 - - "POST /api/pc/datas HTTP/1.1" 200 187 "" "Mozilla/5.0 (Macintosh; Intel Mac OS X 10_12_2) AppleWebKit/537.36 (KHTML, like Gecko) yuntianyuan_pc/1.0.0 Chrome/53.0.2785.143 Electron/1.4.13 Safari/537.36"
[2017-01-10 09:28:53.248] [DEBUG] console - 诊断报告的信息 { data: 587438d2d376162bb69f929a,
  result: 587438d5d376162bb69f929b,
  report: 587438d5d376162bb69f929c,
  _id: 5873688b9b15991c0ca8b6c9,
  tel: '13900002222',
  name: '1111',
  birthday: 1483958220000,
  idCardNumber: '',
  selfReported: '112222',
  medicalHistory: '11',
  createdBy: null,
  userId: '5873688b9b15991c0ca8b6c8',
  __v: 0,
  sex: 2,
  updatedAt: 1483929611565,
  createdAt: 1483929611565 }
[2017-01-10 09:36:04.649] [ERROR] console - TypeError: data.create is not a function
    at exports.create (/Users/achar/Projects/yuntianyuan_api/api/data/controller.js:112:10)
    at Layer.handle [as handle_request] (/Users/achar/Projects/yuntianyuan_api/node_modules/express/lib/router/layer.js:95:5)
    at next (/Users/achar/Projects/yuntianyuan_api/node_modules/express/lib/router/route.js:131:13)
    at module.exports (/Users/achar/Projects/yuntianyuan_api/utils/sanitize.js:25:5)
    at Layer.handle [as handle_request] (/Users/achar/Projects/yuntianyuan_api/node_modules/express/lib/router/layer.js:95:5)
    at next (/Users/achar/Projects/yuntianyuan_api/node_modules/express/lib/router/route.js:131:13)
    at exports.touchToken (/Users/achar/Projects/yuntianyuan_api/utils/token_manager.js:43:2)
    at Layer.handle [as handle_request] (/Users/achar/Projects/yuntianyuan_api/node_modules/express/lib/router/layer.js:95:5)
    at next (/Users/achar/Projects/yuntianyuan_api/node_modules/express/lib/router/route.js:131:13)
    at Route.dispatch (/Users/achar/Projects/yuntianyuan_api/node_modules/express/lib/router/route.js:112:3)
    at Layer.handle [as handle_request] (/Users/achar/Projects/yuntianyuan_api/node_modules/express/lib/router/layer.js:95:5)
    at /Users/achar/Projects/yuntianyuan_api/node_modules/express/lib/router/index.js:277:22
    at Function.process_params (/Users/achar/Projects/yuntianyuan_api/node_modules/express/lib/router/index.js:330:12)
    at next (/Users/achar/Projects/yuntianyuan_api/node_modules/express/lib/router/index.js:271:10)
    at Function.handle (/Users/achar/Projects/yuntianyuan_api/node_modules/express/lib/router/index.js:176:3)
    at router (/Users/achar/Projects/yuntianyuan_api/node_modules/express/lib/router/index.js:46:12)
    at Layer.handle [as handle_request] (/Users/achar/Projects/yuntianyuan_api/node_modules/express/lib/router/layer.js:95:5)
    at trim_prefix (/Users/achar/Projects/yuntianyuan_api/node_modules/express/lib/router/index.js:312:13)
    at /Users/achar/Projects/yuntianyuan_api/node_modules/express/lib/router/index.js:280:7
    at Function.process_params (/Users/achar/Projects/yuntianyuan_api/node_modules/express/lib/router/index.js:330:12)
    at next (/Users/achar/Projects/yuntianyuan_api/node_modules/express/lib/router/index.js:271:10)
    at cookieParser (/Users/achar/Projects/yuntianyuan_api/node_modules/cookie-parser/index.js:56:14)
    at Layer.handle [as handle_request] (/Users/achar/Projects/yuntianyuan_api/node_modules/express/lib/router/layer.js:95:5)
    at trim_prefix (/Users/achar/Projects/yuntianyuan_api/node_modules/express/lib/router/index.js:312:13)
    at /Users/achar/Projects/yuntianyuan_api/node_modules/express/lib/router/index.js:280:7
    at Function.process_params (/Users/achar/Projects/yuntianyuan_api/node_modules/express/lib/router/index.js:330:12)
    at next (/Users/achar/Projects/yuntianyuan_api/node_modules/express/lib/router/index.js:271:10)
    at expressValidator (/Users/achar/Projects/yuntianyuan_api/node_modules/express-validator/lib/express_validator.js:355:5)
[2017-01-10 09:38:02.047] [DEBUG] console - 日志系统启动!
[2017-01-10 09:38:02.102] [INFO] console - 开发环境模式
[2017-01-10 09:38:02.379] [DEBUG] console - 加载权限管理模块!
[2017-01-10 09:38:02.472] [DEBUG] console - 已加载问诊模块
[2017-01-10 09:38:02.480] [DEBUG] console - 已加载问诊模块
[2017-01-10 09:38:02.941] [ERROR] console - (node:77401) DeprecationWarning: Mongoose: mpromise (mongoose's default promise library) is deprecated, plug in your own promise library instead: http://mongoosejs.com/docs/promises.html
[2017-01-10 09:38:02.942] [INFO] console - listen on 8029
[2017-01-10 09:38:02.942] [INFO] console - Listening on port 8029
[2017-01-10 09:38:02.943] [INFO] console - Redis is ready
[2017-01-10 09:38:02.953] [INFO] console - Connection success!
[2017-01-10 09:38:02.961] [INFO] console - mongodb is connected
[2017-01-10 09:38:02.999] [INFO] console - 测试诊断方案010123 init plan
[2017-01-10 09:38:47.449] [INFO] console - { __v: 0,
  diagnosticRecord: 5873688b9b15991c0ca8b6c9,
  _id: 58743b25acf1212e5a23372b,
  origin: 
   [ [ 17,
       17,
       32,
       34,
       34,
       29,
       29,
       22,
       13,
       13,
       10,
       4,
       4,
       2,
       2,
       1,
       -1,
       -1,
       28,
       116,
       116,
       211,
       211,
       303,
       386,
       386,
       461,
       518,
       518,
       574,
       574,
       625,
       660,
       660,
       691,
       714,
       714,
       733,
       750,
       750,
       765,
       765,
       777,
       782,
       782,
       790,
       794,
       794,
       795,
       795,
       796,
       793,
       793,
       793,
       788,
       788,
       784,
       784,
       781,
       779,
       779,
       778,
       775,
       775,
       773,
       772,
       772,
       769,
       769,
       769,
       767,
       767,
       765,
       764,
       764,
       761,
       761,
       760,
       755,
       755,
       754,
       751,
       751,
       749,
       749,
       748,
       744,
       744,
       743,
       741,
       741,
       739,
       739,
       738,
       735,
       735,
       735,
       734,
       734,
       732,
       ... 115 more items ],
     [ -1,
       -1,
       -1,
       -1,
       -1,
       -1,
       -1,
       -1,
       -1,
       -1,
       -1,
       -1,
       -1,
       -1,
       -1,
       -1,
       -1,
       -1,
       -1,
       -1,
       -1,
       -1,
       -1,
       -1,
       -1,
       -1,
       -1,
       -1,
       -1,
       -1,
       -1,
       1,
       1,
       29,
       81,
       81,
       159,
       159,
       257,
       341,
       341,
       414,
       478,
       478,
       523,
       567,
       567,
       601,
       601,
       630,
       655,
       655,
       661,
       681,
       681,
       692,
       692,
       704,
       713,
       713,
       716,
       721,
       721,
       723,
       723,
       727,
       728,
       728,
       730,
       731,
       731,
       730,
       730,
       733,
       732,
       732,
       733,
       733,
       733,
       732,
       732,
       732,
       731,
       731,
       731,
       730,
       730,
       729,
       729,
       729,
       728,
       728,
       727,
       726,
       726,
       725,
       726,
       726,
       723,
       723,
       ... 130 more items ],
     [ -1,
       -1,
       -1,
       -1,
       -1,
       -1,
       -1,
       -1,
       -1,
       -1,
       -1,
       -1,
       -1,
       20,
       20,
       58,
       87,
       87,
       113,
       149,
       149,
       216,
       293,
       293,
       362,
       362,
       416,
       465,
       465,
       504,
       520,
       520,
       547,
       547,
       566,
       583,
       583,
       594,
       604,
       604,
       610,
       610,
       616,
       623,
       623,
       627,
       631,
       631,
       633,
       633,
       635,
       637,
       637,
       637,
       640,
       640,
       640,
       641,
       641,
       641,
       641,
       640,
       642,
       642,
       641,
       642,
       642,
       641,
       641,
       640,
       642,
       642,
       639,
       641,
       641,
       639,
       639,
       639,
       640,
       640,
       638,
       639,
       639,
       637,
       637,
       637,
       638,
       638,
       636,
       637,
       637,
       636,
       636,
       636,
       636,
       636,
       636,
       636,
       636,
       635,
       ... 110 more items ] ],
  largeIntestine: [],
  lung: [],
  liver: [],
  gallbladder: [],
  sanjiao: [],
  pericardium: [],
  kidney: [],
  bladder: [],
  smallIntestine: [],
  heart: [],
  spleen: [],
  stomach: [] }
[2017-01-10 09:38:49.942] [INFO] console - ::1 - - "POST /api/pc/datas HTTP/1.1" 200 187 "" "Mozilla/5.0 (Macintosh; Intel Mac OS X 10_12_2) AppleWebKit/537.36 (KHTML, like Gecko) yuntianyuan_pc/1.0.0 Chrome/53.0.2785.143 Electron/1.4.13 Safari/537.36"
[2017-01-10 09:38:49.956] [DEBUG] console - 诊断报告的信息 { _id: 5873688b9b15991c0ca8b6c9,
  tel: '13900002222',
  name: '1111',
  birthday: 1483958220000,
  idCardNumber: '',
  selfReported: '112222',
  medicalHistory: '11',
  createdBy: null,
  userId: '5873688b9b15991c0ca8b6c8',
  __v: 0,
  data: 58743b25acf1212e5a23372b,
  report: 58743b29acf1212e5a23372d,
  result: 58743b29acf1212e5a23372c,
  sex: 2,
  updatedAt: 1483929611565,
  createdAt: 1483929611565 }
