[2017-03-26 13:20:29.892] [DEBUG] console - 日志系统启动!
[2017-03-26 13:20:29.977] [INFO] console - 开发环境模式
[2017-03-26 13:20:30.283] [DEBUG] console - 加载权限管理模块!
[2017-03-26 13:20:30.646] [DEBUG] console - 已加载问诊模块
[2017-03-26 13:20:30.649] [DEBUG] console - 已加载问诊模块
[2017-03-26 13:20:30.657] [ERROR] console - router[post](/api/pc/diagnostic-records, authority:200000, api/diagnosticRecord/controller[create]);
[2017-03-26 13:20:30.657] [ERROR] console - { Error: Cannot find module 'shortid'
    at Function.Module._resolveFilename (module.js:470:15)
    at Function.Module._load (module.js:418:25)
    at Module.require (module.js:498:17)
    at require (internal/module.js:20:19)
    at Object.<anonymous> (/Users/achar/Projects/HBuilder_Projects/yancaooa_server/api/diagnosticRecord/model.js:7:15)
    at Module._compile (module.js:571:32)
    at Object.Module._extensions..js (module.js:580:10)
    at Module.load (module.js:488:32)
    at tryModuleLoad (module.js:447:12)
    at Function.Module._load (module.js:439:3)
    at Module.require (module.js:498:17)
    at require (internal/module.js:20:19)
    at Object.<anonymous> (/Users/achar/Projects/HBuilder_Projects/yancaooa_server/api/diagnosticRecord/controller.js:4:24)
    at Module._compile (module.js:571:32)
    at Object.Module._extensions..js (module.js:580:10)
    at Module.load (module.js:488:32)
    at tryModuleLoad (module.js:447:12)
    at Function.Module._load (module.js:439:3)
    at Module.require (module.js:498:17)
    at require (internal/module.js:20:19)
    at /Users/achar/Projects/HBuilder_Projects/yancaooa_server/utils/config-route.js:38:26
    at Array.forEach (native)
    at module.exports (/Users/achar/Projects/HBuilder_Projects/yancaooa_server/utils/config-route.js:30:14)
    at Object.<anonymous> (/Users/achar/Projects/HBuilder_Projects/yancaooa_server/app.js:71:32)
    at Module._compile (module.js:571:32)
    at Object.Module._extensions..js (module.js:580:10)
    at Module.load (module.js:488:32)
    at tryModuleLoad (module.js:447:12) code: 'MODULE_NOT_FOUND' }
[2017-03-26 13:20:30.689] [ERROR] console - router[get](/api/report-template/:id, authority:null, api/diagnosticRecord/controller[detailHtml]);
[2017-03-26 13:20:30.691] [ERROR] console - { Error: Cannot find module 'shortid'
    at Function.Module._resolveFilename (module.js:470:15)
    at Function.Module._load (module.js:418:25)
    at Module.require (module.js:498:17)
    at require (internal/module.js:20:19)
    at Object.<anonymous> (/Users/achar/Projects/HBuilder_Projects/yancaooa_server/api/diagnosticRecord/model.js:7:15)
    at Module._compile (module.js:571:32)
    at Object.Module._extensions..js (module.js:580:10)
    at Module.load (module.js:488:32)
    at tryModuleLoad (module.js:447:12)
    at Function.Module._load (module.js:439:3)
    at Module.require (module.js:498:17)
    at require (internal/module.js:20:19)
    at Object.<anonymous> (/Users/achar/Projects/HBuilder_Projects/yancaooa_server/api/diagnosticRecord/controller.js:4:24)
    at Module._compile (module.js:571:32)
    at Object.Module._extensions..js (module.js:580:10)
    at Module.load (module.js:488:32)
    at tryModuleLoad (module.js:447:12)
    at Function.Module._load (module.js:439:3)
    at Module.require (module.js:498:17)
    at require (internal/module.js:20:19)
    at /Users/achar/Projects/HBuilder_Projects/yancaooa_server/utils/config-route.js:38:26
    at Array.forEach (native)
    at module.exports (/Users/achar/Projects/HBuilder_Projects/yancaooa_server/utils/config-route.js:30:14)
    at Object.<anonymous> (/Users/achar/Projects/HBuilder_Projects/yancaooa_server/app.js:71:32)
    at Module._compile (module.js:571:32)
    at Object.Module._extensions..js (module.js:580:10)
    at Module.load (module.js:488:32)
    at tryModuleLoad (module.js:447:12) code: 'MODULE_NOT_FOUND' }
[2017-03-26 13:20:30.694] [ERROR] console - router[get](/api/diagnostic-records, authority:100901, api/diagnosticRecord/controller[list]);
[2017-03-26 13:20:30.707] [ERROR] console - { Error: Cannot find module 'shortid'
    at Function.Module._resolveFilename (module.js:470:15)
    at Function.Module._load (module.js:418:25)
    at Module.require (module.js:498:17)
    at require (internal/module.js:20:19)
    at Object.<anonymous> (/Users/achar/Projects/HBuilder_Projects/yancaooa_server/api/diagnosticRecord/model.js:7:15)
    at Module._compile (module.js:571:32)
    at Object.Module._extensions..js (module.js:580:10)
    at Module.load (module.js:488:32)
    at tryModuleLoad (module.js:447:12)
    at Function.Module._load (module.js:439:3)
    at Module.require (module.js:498:17)
    at require (internal/module.js:20:19)
    at Object.<anonymous> (/Users/achar/Projects/HBuilder_Projects/yancaooa_server/api/diagnosticRecord/controller.js:4:24)
    at Module._compile (module.js:571:32)
    at Object.Module._extensions..js (module.js:580:10)
    at Module.load (module.js:488:32)
    at tryModuleLoad (module.js:447:12)
    at Function.Module._load (module.js:439:3)
    at Module.require (module.js:498:17)
    at require (internal/module.js:20:19)
    at /Users/achar/Projects/HBuilder_Projects/yancaooa_server/utils/config-route.js:38:26
    at Array.forEach (native)
    at module.exports (/Users/achar/Projects/HBuilder_Projects/yancaooa_server/utils/config-route.js:30:14)
    at Object.<anonymous> (/Users/achar/Projects/HBuilder_Projects/yancaooa_server/app.js:71:32)
    at Module._compile (module.js:571:32)
    at Object.Module._extensions..js (module.js:580:10)
    at Module.load (module.js:488:32)
    at tryModuleLoad (module.js:447:12) code: 'MODULE_NOT_FOUND' }
[2017-03-26 13:20:30.711] [ERROR] console - router[get](/api/diagnostic-users, authority:100902, api/diagnosticRecord/controller[listUsers]);
[2017-03-26 13:20:30.712] [ERROR] console - { Error: Cannot find module 'shortid'
    at Function.Module._resolveFilename (module.js:470:15)
    at Function.Module._load (module.js:418:25)
    at Module.require (module.js:498:17)
    at require (internal/module.js:20:19)
    at Object.<anonymous> (/Users/achar/Projects/HBuilder_Projects/yancaooa_server/api/diagnosticRecord/model.js:7:15)
    at Module._compile (module.js:571:32)
    at Object.Module._extensions..js (module.js:580:10)
    at Module.load (module.js:488:32)
    at tryModuleLoad (module.js:447:12)
    at Function.Module._load (module.js:439:3)
    at Module.require (module.js:498:17)
    at require (internal/module.js:20:19)
    at Object.<anonymous> (/Users/achar/Projects/HBuilder_Projects/yancaooa_server/api/diagnosticRecord/controller.js:4:24)
    at Module._compile (module.js:571:32)
    at Object.Module._extensions..js (module.js:580:10)
    at Module.load (module.js:488:32)
    at tryModuleLoad (module.js:447:12)
    at Function.Module._load (module.js:439:3)
    at Module.require (module.js:498:17)
    at require (internal/module.js:20:19)
    at /Users/achar/Projects/HBuilder_Projects/yancaooa_server/utils/config-route.js:38:26
    at Array.forEach (native)
    at module.exports (/Users/achar/Projects/HBuilder_Projects/yancaooa_server/utils/config-route.js:30:14)
    at Object.<anonymous> (/Users/achar/Projects/HBuilder_Projects/yancaooa_server/app.js:71:32)
    at Module._compile (module.js:571:32)
    at Object.Module._extensions..js (module.js:580:10)
    at Module.load (module.js:488:32)
    at tryModuleLoad (module.js:447:12) code: 'MODULE_NOT_FOUND' }
[2017-03-26 13:20:30.714] [ERROR] console - router[get](/api/pc/diagnostic-records/peoples, authority:null, api/diagnosticRecord/controller[listCount]);
[2017-03-26 13:20:30.714] [ERROR] console - { Error: Cannot find module 'shortid'
    at Function.Module._resolveFilename (module.js:470:15)
    at Function.Module._load (module.js:418:25)
    at Module.require (module.js:498:17)
    at require (internal/module.js:20:19)
    at Object.<anonymous> (/Users/achar/Projects/HBuilder_Projects/yancaooa_server/api/diagnosticRecord/model.js:7:15)
    at Module._compile (module.js:571:32)
    at Object.Module._extensions..js (module.js:580:10)
    at Module.load (module.js:488:32)
    at tryModuleLoad (module.js:447:12)
    at Function.Module._load (module.js:439:3)
    at Module.require (module.js:498:17)
    at require (internal/module.js:20:19)
    at Object.<anonymous> (/Users/achar/Projects/HBuilder_Projects/yancaooa_server/api/diagnosticRecord/controller.js:4:24)
    at Module._compile (module.js:571:32)
    at Object.Module._extensions..js (module.js:580:10)
    at Module.load (module.js:488:32)
    at tryModuleLoad (module.js:447:12)
    at Function.Module._load (module.js:439:3)
    at Module.require (module.js:498:17)
    at require (internal/module.js:20:19)
    at /Users/achar/Projects/HBuilder_Projects/yancaooa_server/utils/config-route.js:38:26
    at Array.forEach (native)
    at module.exports (/Users/achar/Projects/HBuilder_Projects/yancaooa_server/utils/config-route.js:30:14)
    at Object.<anonymous> (/Users/achar/Projects/HBuilder_Projects/yancaooa_server/app.js:71:32)
    at Module._compile (module.js:571:32)
    at Object.Module._extensions..js (module.js:580:10)
    at Module.load (module.js:488:32)
    at tryModuleLoad (module.js:447:12) code: 'MODULE_NOT_FOUND' }
[2017-03-26 13:20:30.715] [ERROR] console - router[patch](/api/pc/diagnostic-records/:id, authority:200000, api/diagnosticRecord/controller[update]);
[2017-03-26 13:20:30.715] [ERROR] console - { Error: Cannot find module 'shortid'
    at Function.Module._resolveFilename (module.js:470:15)
    at Function.Module._load (module.js:418:25)
    at Module.require (module.js:498:17)
    at require (internal/module.js:20:19)
    at Object.<anonymous> (/Users/achar/Projects/HBuilder_Projects/yancaooa_server/api/diagnosticRecord/model.js:7:15)
    at Module._compile (module.js:571:32)
    at Object.Module._extensions..js (module.js:580:10)
    at Module.load (module.js:488:32)
    at tryModuleLoad (module.js:447:12)
    at Function.Module._load (module.js:439:3)
    at Module.require (module.js:498:17)
    at require (internal/module.js:20:19)
    at Object.<anonymous> (/Users/achar/Projects/HBuilder_Projects/yancaooa_server/api/diagnosticRecord/controller.js:4:24)
    at Module._compile (module.js:571:32)
    at Object.Module._extensions..js (module.js:580:10)
    at Module.load (module.js:488:32)
    at tryModuleLoad (module.js:447:12)
    at Function.Module._load (module.js:439:3)
    at Module.require (module.js:498:17)
    at require (internal/module.js:20:19)
    at /Users/achar/Projects/HBuilder_Projects/yancaooa_server/utils/config-route.js:38:26
    at Array.forEach (native)
    at module.exports (/Users/achar/Projects/HBuilder_Projects/yancaooa_server/utils/config-route.js:30:14)
    at Object.<anonymous> (/Users/achar/Projects/HBuilder_Projects/yancaooa_server/app.js:71:32)
    at Module._compile (module.js:571:32)
    at Object.Module._extensions..js (module.js:580:10)
    at Module.load (module.js:488:32)
    at tryModuleLoad (module.js:447:12) code: 'MODULE_NOT_FOUND' }
[2017-03-26 13:20:30.717] [ERROR] console - router[get](/api/pc/diagnostic-records, authority:200000, api/diagnosticRecord/controller[pcList]);
[2017-03-26 13:20:30.717] [ERROR] console - { Error: Cannot find module 'shortid'
    at Function.Module._resolveFilename (module.js:470:15)
    at Function.Module._load (module.js:418:25)
    at Module.require (module.js:498:17)
    at require (internal/module.js:20:19)
    at Object.<anonymous> (/Users/achar/Projects/HBuilder_Projects/yancaooa_server/api/diagnosticRecord/model.js:7:15)
    at Module._compile (module.js:571:32)
    at Object.Module._extensions..js (module.js:580:10)
    at Module.load (module.js:488:32)
    at tryModuleLoad (module.js:447:12)
    at Function.Module._load (module.js:439:3)
    at Module.require (module.js:498:17)
    at require (internal/module.js:20:19)
    at Object.<anonymous> (/Users/achar/Projects/HBuilder_Projects/yancaooa_server/api/diagnosticRecord/controller.js:4:24)
    at Module._compile (module.js:571:32)
    at Object.Module._extensions..js (module.js:580:10)
    at Module.load (module.js:488:32)
    at tryModuleLoad (module.js:447:12)
    at Function.Module._load (module.js:439:3)
    at Module.require (module.js:498:17)
    at require (internal/module.js:20:19)
    at /Users/achar/Projects/HBuilder_Projects/yancaooa_server/utils/config-route.js:38:26
    at Array.forEach (native)
    at module.exports (/Users/achar/Projects/HBuilder_Projects/yancaooa_server/utils/config-route.js:30:14)
    at Object.<anonymous> (/Users/achar/Projects/HBuilder_Projects/yancaooa_server/app.js:71:32)
    at Module._compile (module.js:571:32)
    at Object.Module._extensions..js (module.js:580:10)
    at Module.load (module.js:488:32)
    at tryModuleLoad (module.js:447:12) code: 'MODULE_NOT_FOUND' }
[2017-03-26 13:20:30.721] [ERROR] console - router[get](/api/pc/diagnostic-records/:id, authority:200000, api/diagnosticRecord/controller[pcDetail]);
[2017-03-26 13:20:30.721] [ERROR] console - { Error: Cannot find module 'shortid'
    at Function.Module._resolveFilename (module.js:470:15)
    at Function.Module._load (module.js:418:25)
    at Module.require (module.js:498:17)
    at require (internal/module.js:20:19)
    at Object.<anonymous> (/Users/achar/Projects/HBuilder_Projects/yancaooa_server/api/diagnosticRecord/model.js:7:15)
    at Module._compile (module.js:571:32)
    at Object.Module._extensions..js (module.js:580:10)
    at Module.load (module.js:488:32)
    at tryModuleLoad (module.js:447:12)
    at Function.Module._load (module.js:439:3)
    at Module.require (module.js:498:17)
    at require (internal/module.js:20:19)
    at Object.<anonymous> (/Users/achar/Projects/HBuilder_Projects/yancaooa_server/api/diagnosticRecord/controller.js:4:24)
    at Module._compile (module.js:571:32)
    at Object.Module._extensions..js (module.js:580:10)
    at Module.load (module.js:488:32)
    at tryModuleLoad (module.js:447:12)
    at Function.Module._load (module.js:439:3)
    at Module.require (module.js:498:17)
    at require (internal/module.js:20:19)
    at /Users/achar/Projects/HBuilder_Projects/yancaooa_server/utils/config-route.js:38:26
    at Array.forEach (native)
    at module.exports (/Users/achar/Projects/HBuilder_Projects/yancaooa_server/utils/config-route.js:30:14)
    at Object.<anonymous> (/Users/achar/Projects/HBuilder_Projects/yancaooa_server/app.js:71:32)
    at Module._compile (module.js:571:32)
    at Object.Module._extensions..js (module.js:580:10)
    at Module.load (module.js:488:32)
    at tryModuleLoad (module.js:447:12) code: 'MODULE_NOT_FOUND' }
[2017-03-26 13:20:30.725] [ERROR] console - router[get](/api/diagnostic-records/:id, authority:null, api/diagnosticRecord/controller[detailH]);
[2017-03-26 13:20:30.725] [ERROR] console - { Error: Cannot find module 'shortid'
    at Function.Module._resolveFilename (module.js:470:15)
    at Function.Module._load (module.js:418:25)
    at Module.require (module.js:498:17)
    at require (internal/module.js:20:19)
    at Object.<anonymous> (/Users/achar/Projects/HBuilder_Projects/yancaooa_server/api/diagnosticRecord/model.js:7:15)
    at Module._compile (module.js:571:32)
    at Object.Module._extensions..js (module.js:580:10)
    at Module.load (module.js:488:32)
    at tryModuleLoad (module.js:447:12)
    at Function.Module._load (module.js:439:3)
    at Module.require (module.js:498:17)
    at require (internal/module.js:20:19)
    at Object.<anonymous> (/Users/achar/Projects/HBuilder_Projects/yancaooa_server/api/diagnosticRecord/controller.js:4:24)
    at Module._compile (module.js:571:32)
    at Object.Module._extensions..js (module.js:580:10)
    at Module.load (module.js:488:32)
    at tryModuleLoad (module.js:447:12)
    at Function.Module._load (module.js:439:3)
    at Module.require (module.js:498:17)
    at require (internal/module.js:20:19)
    at /Users/achar/Projects/HBuilder_Projects/yancaooa_server/utils/config-route.js:38:26
    at Array.forEach (native)
    at module.exports (/Users/achar/Projects/HBuilder_Projects/yancaooa_server/utils/config-route.js:30:14)
    at Object.<anonymous> (/Users/achar/Projects/HBuilder_Projects/yancaooa_server/app.js:71:32)
    at Module._compile (module.js:571:32)
    at Object.Module._extensions..js (module.js:580:10)
    at Module.load (module.js:488:32)
    at tryModuleLoad (module.js:447:12) code: 'MODULE_NOT_FOUND' }
[2017-03-26 13:20:30.727] [ERROR] console - router[get](/api/pc/diagnostic-records/comparison/:ids, authority:200000, api/diagnosticRecord/controller[compare]);
[2017-03-26 13:20:30.727] [ERROR] console - { Error: Cannot find module 'shortid'
    at Function.Module._resolveFilename (module.js:470:15)
    at Function.Module._load (module.js:418:25)
    at Module.require (module.js:498:17)
    at require (internal/module.js:20:19)
    at Object.<anonymous> (/Users/achar/Projects/HBuilder_Projects/yancaooa_server/api/diagnosticRecord/model.js:7:15)
    at Module._compile (module.js:571:32)
    at Object.Module._extensions..js (module.js:580:10)
    at Module.load (module.js:488:32)
    at tryModuleLoad (module.js:447:12)
    at Function.Module._load (module.js:439:3)
    at Module.require (module.js:498:17)
    at require (internal/module.js:20:19)
    at Object.<anonymous> (/Users/achar/Projects/HBuilder_Projects/yancaooa_server/api/diagnosticRecord/controller.js:4:24)
    at Module._compile (module.js:571:32)
    at Object.Module._extensions..js (module.js:580:10)
    at Module.load (module.js:488:32)
    at tryModuleLoad (module.js:447:12)
    at Function.Module._load (module.js:439:3)
    at Module.require (module.js:498:17)
    at require (internal/module.js:20:19)
    at /Users/achar/Projects/HBuilder_Projects/yancaooa_server/utils/config-route.js:38:26
    at Array.forEach (native)
    at module.exports (/Users/achar/Projects/HBuilder_Projects/yancaooa_server/utils/config-route.js:30:14)
    at Object.<anonymous> (/Users/achar/Projects/HBuilder_Projects/yancaooa_server/app.js:71:32)
    at Module._compile (module.js:571:32)
    at Object.Module._extensions..js (module.js:580:10)
    at Module.load (module.js:488:32)
    at tryModuleLoad (module.js:447:12) code: 'MODULE_NOT_FOUND' }
[2017-03-26 13:20:30.730] [ERROR] console - router[get](/api/pc/diagnostic-records/output/:id, authority:200000, api/diagnosticRecord/controller[print]);
[2017-03-26 13:20:30.730] [ERROR] console - { Error: Cannot find module 'shortid'
    at Function.Module._resolveFilename (module.js:470:15)
    at Function.Module._load (module.js:418:25)
    at Module.require (module.js:498:17)
    at require (internal/module.js:20:19)
    at Object.<anonymous> (/Users/achar/Projects/HBuilder_Projects/yancaooa_server/api/diagnosticRecord/model.js:7:15)
    at Module._compile (module.js:571:32)
    at Object.Module._extensions..js (module.js:580:10)
    at Module.load (module.js:488:32)
    at tryModuleLoad (module.js:447:12)
    at Function.Module._load (module.js:439:3)
    at Module.require (module.js:498:17)
    at require (internal/module.js:20:19)
    at Object.<anonymous> (/Users/achar/Projects/HBuilder_Projects/yancaooa_server/api/diagnosticRecord/controller.js:4:24)
    at Module._compile (module.js:571:32)
    at Object.Module._extensions..js (module.js:580:10)
    at Module.load (module.js:488:32)
    at tryModuleLoad (module.js:447:12)
    at Function.Module._load (module.js:439:3)
    at Module.require (module.js:498:17)
    at require (internal/module.js:20:19)
    at /Users/achar/Projects/HBuilder_Projects/yancaooa_server/utils/config-route.js:38:26
    at Array.forEach (native)
    at module.exports (/Users/achar/Projects/HBuilder_Projects/yancaooa_server/utils/config-route.js:30:14)
    at Object.<anonymous> (/Users/achar/Projects/HBuilder_Projects/yancaooa_server/app.js:71:32)
    at Module._compile (module.js:571:32)
    at Object.Module._extensions..js (module.js:580:10)
    at Module.load (module.js:488:32)
    at tryModuleLoad (module.js:447:12) code: 'MODULE_NOT_FOUND' }
[2017-03-26 13:20:30.731] [ERROR] console - router[get](/api/app/diagnostic-records/peoples, authority:200000, api/diagnosticRecord/controller[appList]);
[2017-03-26 13:20:30.732] [ERROR] console - { Error: Cannot find module 'shortid'
    at Function.Module._resolveFilename (module.js:470:15)
    at Function.Module._load (module.js:418:25)
    at Module.require (module.js:498:17)
    at require (internal/module.js:20:19)
    at Object.<anonymous> (/Users/achar/Projects/HBuilder_Projects/yancaooa_server/api/diagnosticRecord/model.js:7:15)
    at Module._compile (module.js:571:32)
    at Object.Module._extensions..js (module.js:580:10)
    at Module.load (module.js:488:32)
    at tryModuleLoad (module.js:447:12)
    at Function.Module._load (module.js:439:3)
    at Module.require (module.js:498:17)
    at require (internal/module.js:20:19)
    at Object.<anonymous> (/Users/achar/Projects/HBuilder_Projects/yancaooa_server/api/diagnosticRecord/controller.js:4:24)
    at Module._compile (module.js:571:32)
    at Object.Module._extensions..js (module.js:580:10)
    at Module.load (module.js:488:32)
    at tryModuleLoad (module.js:447:12)
    at Function.Module._load (module.js:439:3)
    at Module.require (module.js:498:17)
    at require (internal/module.js:20:19)
    at /Users/achar/Projects/HBuilder_Projects/yancaooa_server/utils/config-route.js:38:26
    at Array.forEach (native)
    at module.exports (/Users/achar/Projects/HBuilder_Projects/yancaooa_server/utils/config-route.js:30:14)
    at Object.<anonymous> (/Users/achar/Projects/HBuilder_Projects/yancaooa_server/app.js:71:32)
    at Module._compile (module.js:571:32)
    at Object.Module._extensions..js (module.js:580:10)
    at Module.load (module.js:488:32)
    at tryModuleLoad (module.js:447:12) code: 'MODULE_NOT_FOUND' }
[2017-03-26 13:20:30.735] [ERROR] console - router[get](/api/app/diagnostic-records/:id, authority:200000, api/diagnosticRecord/controller[detail]);
[2017-03-26 13:20:30.735] [ERROR] console - { Error: Cannot find module 'shortid'
    at Function.Module._resolveFilename (module.js:470:15)
    at Function.Module._load (module.js:418:25)
    at Module.require (module.js:498:17)
    at require (internal/module.js:20:19)
    at Object.<anonymous> (/Users/achar/Projects/HBuilder_Projects/yancaooa_server/api/diagnosticRecord/model.js:7:15)
    at Module._compile (module.js:571:32)
    at Object.Module._extensions..js (module.js:580:10)
    at Module.load (module.js:488:32)
    at tryModuleLoad (module.js:447:12)
    at Function.Module._load (module.js:439:3)
    at Module.require (module.js:498:17)
    at require (internal/module.js:20:19)
    at Object.<anonymous> (/Users/achar/Projects/HBuilder_Projects/yancaooa_server/api/diagnosticRecord/controller.js:4:24)
    at Module._compile (module.js:571:32)
    at Object.Module._extensions..js (module.js:580:10)
    at Module.load (module.js:488:32)
    at tryModuleLoad (module.js:447:12)
    at Function.Module._load (module.js:439:3)
    at Module.require (module.js:498:17)
    at require (internal/module.js:20:19)
    at /Users/achar/Projects/HBuilder_Projects/yancaooa_server/utils/config-route.js:38:26
    at Array.forEach (native)
    at module.exports (/Users/achar/Projects/HBuilder_Projects/yancaooa_server/utils/config-route.js:30:14)
    at Object.<anonymous> (/Users/achar/Projects/HBuilder_Projects/yancaooa_server/app.js:71:32)
    at Module._compile (module.js:571:32)
    at Object.Module._extensions..js (module.js:580:10)
    at Module.load (module.js:488:32)
    at tryModuleLoad (module.js:447:12) code: 'MODULE_NOT_FOUND' }
[2017-03-26 13:20:30.737] [ERROR] console - router[get](/api/app/diagnostic-records/comparison/:ids, authority:200000, api/diagnosticRecord/controller[compare]);
[2017-03-26 13:20:30.738] [ERROR] console - { Error: Cannot find module 'shortid'
    at Function.Module._resolveFilename (module.js:470:15)
    at Function.Module._load (module.js:418:25)
    at Module.require (module.js:498:17)
    at require (internal/module.js:20:19)
    at Object.<anonymous> (/Users/achar/Projects/HBuilder_Projects/yancaooa_server/api/diagnosticRecord/model.js:7:15)
    at Module._compile (module.js:571:32)
    at Object.Module._extensions..js (module.js:580:10)
    at Module.load (module.js:488:32)
    at tryModuleLoad (module.js:447:12)
    at Function.Module._load (module.js:439:3)
    at Module.require (module.js:498:17)
    at require (internal/module.js:20:19)
    at Object.<anonymous> (/Users/achar/Projects/HBuilder_Projects/yancaooa_server/api/diagnosticRecord/controller.js:4:24)
    at Module._compile (module.js:571:32)
    at Object.Module._extensions..js (module.js:580:10)
    at Module.load (module.js:488:32)
    at tryModuleLoad (module.js:447:12)
    at Function.Module._load (module.js:439:3)
    at Module.require (module.js:498:17)
    at require (internal/module.js:20:19)
    at /Users/achar/Projects/HBuilder_Projects/yancaooa_server/utils/config-route.js:38:26
    at Array.forEach (native)
    at module.exports (/Users/achar/Projects/HBuilder_Projects/yancaooa_server/utils/config-route.js:30:14)
    at Object.<anonymous> (/Users/achar/Projects/HBuilder_Projects/yancaooa_server/app.js:71:32)
    at Module._compile (module.js:571:32)
    at Object.Module._extensions..js (module.js:580:10)
    at Module.load (module.js:488:32)
    at tryModuleLoad (module.js:447:12) code: 'MODULE_NOT_FOUND' }
[2017-03-26 13:20:30.742] [ERROR] console - router[patch](/api/app/diagnostic-records/:id, authority:200000, api/diagnosticRecord/controller[appUpdate]);
[2017-03-26 13:20:30.742] [ERROR] console - { Error: Cannot find module 'shortid'
    at Function.Module._resolveFilename (module.js:470:15)
    at Function.Module._load (module.js:418:25)
    at Module.require (module.js:498:17)
    at require (internal/module.js:20:19)
    at Object.<anonymous> (/Users/achar/Projects/HBuilder_Projects/yancaooa_server/api/diagnosticRecord/model.js:7:15)
    at Module._compile (module.js:571:32)
    at Object.Module._extensions..js (module.js:580:10)
    at Module.load (module.js:488:32)
    at tryModuleLoad (module.js:447:12)
    at Function.Module._load (module.js:439:3)
    at Module.require (module.js:498:17)
    at require (internal/module.js:20:19)
    at Object.<anonymous> (/Users/achar/Projects/HBuilder_Projects/yancaooa_server/api/diagnosticRecord/controller.js:4:24)
    at Module._compile (module.js:571:32)
    at Object.Module._extensions..js (module.js:580:10)
    at Module.load (module.js:488:32)
    at tryModuleLoad (module.js:447:12)
    at Function.Module._load (module.js:439:3)
    at Module.require (module.js:498:17)
    at require (internal/module.js:20:19)
    at /Users/achar/Projects/HBuilder_Projects/yancaooa_server/utils/config-route.js:38:26
    at Array.forEach (native)
    at module.exports (/Users/achar/Projects/HBuilder_Projects/yancaooa_server/utils/config-route.js:30:14)
    at Object.<anonymous> (/Users/achar/Projects/HBuilder_Projects/yancaooa_server/app.js:71:32)
    at Module._compile (module.js:571:32)
    at Object.Module._extensions..js (module.js:580:10)
    at Module.load (module.js:488:32)
    at tryModuleLoad (module.js:447:12) code: 'MODULE_NOT_FOUND' }
[2017-03-26 13:20:31.079] [INFO] console - 此文件夹已经存在
[2017-03-26 13:20:31.079] [INFO] console - uploads创建成功！
[2017-03-26 13:20:31.079] [INFO] console - 此文件夹已经存在
[2017-03-26 13:20:31.080] [INFO] console - avator创建成功！
[2017-03-26 13:20:31.088] [ERROR] console - router[get](/api/pc/diagnosiss, authority:200000, api/diagnosis/controller[find]);
[2017-03-26 13:20:31.088] [ERROR] console - { MongooseError: Schema hasn't been registered for model "DiagnosticRecord".
Use mongoose.model(name, schema)
    at Mongoose.model (/Users/achar/Projects/HBuilder_Projects/yancaooa_server/node_modules/mongoose/lib/index.js:362:13)
    at Object.<anonymous> (/Users/achar/Projects/HBuilder_Projects/yancaooa_server/api/diagnosis/controller.js:7:33)
    at Module._compile (module.js:571:32)
    at Object.Module._extensions..js (module.js:580:10)
    at Module.load (module.js:488:32)
    at tryModuleLoad (module.js:447:12)
    at Function.Module._load (module.js:439:3)
    at Module.require (module.js:498:17)
    at require (internal/module.js:20:19)
    at /Users/achar/Projects/HBuilder_Projects/yancaooa_server/utils/config-route.js:38:26
    at Array.forEach (native)
    at module.exports (/Users/achar/Projects/HBuilder_Projects/yancaooa_server/utils/config-route.js:30:14)
    at Object.<anonymous> (/Users/achar/Projects/HBuilder_Projects/yancaooa_server/app.js:71:32)
    at Module._compile (module.js:571:32)
    at Object.Module._extensions..js (module.js:580:10)
    at Module.load (module.js:488:32)
    at tryModuleLoad (module.js:447:12)
    at Function.Module._load (module.js:439:3)
    at Module.runMain (module.js:605:10)
    at run (bootstrap_node.js:420:7)
    at startup (bootstrap_node.js:139:9)
    at bootstrap_node.js:535:3
  message: 'Schema hasn\'t been registered for model "DiagnosticRecord".\nUse mongoose.model(name, schema)',
  name: 'MissingSchemaError' }
[2017-03-26 13:20:31.093] [ERROR] console - router[get](/api/app/diagnosiss, authority:200000, api/diagnosis/controller[find]);
[2017-03-26 13:20:31.094] [ERROR] console - { MongooseError: Schema hasn't been registered for model "DiagnosticRecord".
Use mongoose.model(name, schema)
    at Mongoose.model (/Users/achar/Projects/HBuilder_Projects/yancaooa_server/node_modules/mongoose/lib/index.js:362:13)
    at Object.<anonymous> (/Users/achar/Projects/HBuilder_Projects/yancaooa_server/api/diagnosis/controller.js:7:33)
    at Module._compile (module.js:571:32)
    at Object.Module._extensions..js (module.js:580:10)
    at Module.load (module.js:488:32)
    at tryModuleLoad (module.js:447:12)
    at Function.Module._load (module.js:439:3)
    at Module.require (module.js:498:17)
    at require (internal/module.js:20:19)
    at /Users/achar/Projects/HBuilder_Projects/yancaooa_server/utils/config-route.js:38:26
    at Array.forEach (native)
    at module.exports (/Users/achar/Projects/HBuilder_Projects/yancaooa_server/utils/config-route.js:30:14)
    at Object.<anonymous> (/Users/achar/Projects/HBuilder_Projects/yancaooa_server/app.js:71:32)
    at Module._compile (module.js:571:32)
    at Object.Module._extensions..js (module.js:580:10)
    at Module.load (module.js:488:32)
    at tryModuleLoad (module.js:447:12)
    at Function.Module._load (module.js:439:3)
    at Module.runMain (module.js:605:10)
    at run (bootstrap_node.js:420:7)
    at startup (bootstrap_node.js:139:9)
    at bootstrap_node.js:535:3
  message: 'Schema hasn\'t been registered for model "DiagnosticRecord".\nUse mongoose.model(name, schema)',
  name: 'MissingSchemaError' }
[2017-03-26 13:20:31.097] [ERROR] console - router[post](/api/pc/diagnosiss, authority:200000, api/diagnosis/controller[create]);
[2017-03-26 13:20:31.097] [ERROR] console - { MongooseError: Schema hasn't been registered for model "DiagnosticRecord".
Use mongoose.model(name, schema)
    at Mongoose.model (/Users/achar/Projects/HBuilder_Projects/yancaooa_server/node_modules/mongoose/lib/index.js:362:13)
    at Object.<anonymous> (/Users/achar/Projects/HBuilder_Projects/yancaooa_server/api/diagnosis/controller.js:7:33)
    at Module._compile (module.js:571:32)
    at Object.Module._extensions..js (module.js:580:10)
    at Module.load (module.js:488:32)
    at tryModuleLoad (module.js:447:12)
    at Function.Module._load (module.js:439:3)
    at Module.require (module.js:498:17)
    at require (internal/module.js:20:19)
    at /Users/achar/Projects/HBuilder_Projects/yancaooa_server/utils/config-route.js:38:26
    at Array.forEach (native)
    at module.exports (/Users/achar/Projects/HBuilder_Projects/yancaooa_server/utils/config-route.js:30:14)
    at Object.<anonymous> (/Users/achar/Projects/HBuilder_Projects/yancaooa_server/app.js:71:32)
    at Module._compile (module.js:571:32)
    at Object.Module._extensions..js (module.js:580:10)
    at Module.load (module.js:488:32)
    at tryModuleLoad (module.js:447:12)
    at Function.Module._load (module.js:439:3)
    at Module.runMain (module.js:605:10)
    at run (bootstrap_node.js:420:7)
    at startup (bootstrap_node.js:139:9)
    at bootstrap_node.js:535:3
  message: 'Schema hasn\'t been registered for model "DiagnosticRecord".\nUse mongoose.model(name, schema)',
  name: 'MissingSchemaError' }
[2017-03-26 13:20:31.101] [ERROR] console - router[post](/api/app/diagnosiss, authority:200000, api/diagnosis/controller[create]);
[2017-03-26 13:20:31.101] [ERROR] console - { MongooseError: Schema hasn't been registered for model "DiagnosticRecord".
Use mongoose.model(name, schema)
    at Mongoose.model (/Users/achar/Projects/HBuilder_Projects/yancaooa_server/node_modules/mongoose/lib/index.js:362:13)
    at Object.<anonymous> (/Users/achar/Projects/HBuilder_Projects/yancaooa_server/api/diagnosis/controller.js:7:33)
    at Module._compile (module.js:571:32)
    at Object.Module._extensions..js (module.js:580:10)
    at Module.load (module.js:488:32)
    at tryModuleLoad (module.js:447:12)
    at Function.Module._load (module.js:439:3)
    at Module.require (module.js:498:17)
    at require (internal/module.js:20:19)
    at /Users/achar/Projects/HBuilder_Projects/yancaooa_server/utils/config-route.js:38:26
    at Array.forEach (native)
    at module.exports (/Users/achar/Projects/HBuilder_Projects/yancaooa_server/utils/config-route.js:30:14)
    at Object.<anonymous> (/Users/achar/Projects/HBuilder_Projects/yancaooa_server/app.js:71:32)
    at Module._compile (module.js:571:32)
    at Object.Module._extensions..js (module.js:580:10)
    at Module.load (module.js:488:32)
    at tryModuleLoad (module.js:447:12)
    at Function.Module._load (module.js:439:3)
    at Module.runMain (module.js:605:10)
    at run (bootstrap_node.js:420:7)
    at startup (bootstrap_node.js:139:9)
    at bootstrap_node.js:535:3
  message: 'Schema hasn\'t been registered for model "DiagnosticRecord".\nUse mongoose.model(name, schema)',
  name: 'MissingSchemaError' }
[2017-03-26 13:20:31.104] [ERROR] console - router[get](/api/diagnosiss/:id, authority:null, api/diagnosis/controller[detail]);
[2017-03-26 13:20:31.105] [ERROR] console - { MongooseError: Schema hasn't been registered for model "DiagnosticRecord".
Use mongoose.model(name, schema)
    at Mongoose.model (/Users/achar/Projects/HBuilder_Projects/yancaooa_server/node_modules/mongoose/lib/index.js:362:13)
    at Object.<anonymous> (/Users/achar/Projects/HBuilder_Projects/yancaooa_server/api/diagnosis/controller.js:7:33)
    at Module._compile (module.js:571:32)
    at Object.Module._extensions..js (module.js:580:10)
    at Module.load (module.js:488:32)
    at tryModuleLoad (module.js:447:12)
    at Function.Module._load (module.js:439:3)
    at Module.require (module.js:498:17)
    at require (internal/module.js:20:19)
    at /Users/achar/Projects/HBuilder_Projects/yancaooa_server/utils/config-route.js:38:26
    at Array.forEach (native)
    at module.exports (/Users/achar/Projects/HBuilder_Projects/yancaooa_server/utils/config-route.js:30:14)
    at Object.<anonymous> (/Users/achar/Projects/HBuilder_Projects/yancaooa_server/app.js:71:32)
    at Module._compile (module.js:571:32)
    at Object.Module._extensions..js (module.js:580:10)
    at Module.load (module.js:488:32)
    at tryModuleLoad (module.js:447:12)
    at Function.Module._load (module.js:439:3)
    at Module.runMain (module.js:605:10)
    at run (bootstrap_node.js:420:7)
    at startup (bootstrap_node.js:139:9)
    at bootstrap_node.js:535:3
  message: 'Schema hasn\'t been registered for model "DiagnosticRecord".\nUse mongoose.model(name, schema)',
  name: 'MissingSchemaError' }
[2017-03-26 13:20:31.119] [ERROR] console - router[post](/api/pc/datas, authority:200000, api/data/controller[create]);
[2017-03-26 13:20:31.120] [ERROR] console - { Error: Cannot find module 'shortid'
    at Function.Module._resolveFilename (module.js:470:15)
    at Function.Module._load (module.js:418:25)
    at Module.require (module.js:498:17)
    at require (internal/module.js:20:19)
    at Object.<anonymous> (/Users/achar/Projects/HBuilder_Projects/yancaooa_server/api/diagnosticRecord/model.js:7:15)
    at Module._compile (module.js:571:32)
    at Object.Module._extensions..js (module.js:580:10)
    at Module.load (module.js:488:32)
    at tryModuleLoad (module.js:447:12)
    at Function.Module._load (module.js:439:3)
    at Module.require (module.js:498:17)
    at require (internal/module.js:20:19)
    at Object.<anonymous> (/Users/achar/Projects/HBuilder_Projects/yancaooa_server/api/data/controller.js:21:24)
    at Module._compile (module.js:571:32)
    at Object.Module._extensions..js (module.js:580:10)
    at Module.load (module.js:488:32)
    at tryModuleLoad (module.js:447:12)
    at Function.Module._load (module.js:439:3)
    at Module.require (module.js:498:17)
    at require (internal/module.js:20:19)
    at /Users/achar/Projects/HBuilder_Projects/yancaooa_server/utils/config-route.js:38:26
    at Array.forEach (native)
    at module.exports (/Users/achar/Projects/HBuilder_Projects/yancaooa_server/utils/config-route.js:30:14)
    at Object.<anonymous> (/Users/achar/Projects/HBuilder_Projects/yancaooa_server/app.js:71:32)
    at Module._compile (module.js:571:32)
    at Object.Module._extensions..js (module.js:580:10)
    at Module.load (module.js:488:32)
    at tryModuleLoad (module.js:447:12) code: 'MODULE_NOT_FOUND' }
[2017-03-26 13:20:31.121] [ERROR] console - router[get](/api/datas/:id, authority:101801, api/data/controller[detail]);
[2017-03-26 13:20:31.121] [ERROR] console - { Error: Cannot find module 'shortid'
    at Function.Module._resolveFilename (module.js:470:15)
    at Function.Module._load (module.js:418:25)
    at Module.require (module.js:498:17)
    at require (internal/module.js:20:19)
    at Object.<anonymous> (/Users/achar/Projects/HBuilder_Projects/yancaooa_server/api/diagnosticRecord/model.js:7:15)
    at Module._compile (module.js:571:32)
    at Object.Module._extensions..js (module.js:580:10)
    at Module.load (module.js:488:32)
    at tryModuleLoad (module.js:447:12)
    at Function.Module._load (module.js:439:3)
    at Module.require (module.js:498:17)
    at require (internal/module.js:20:19)
    at Object.<anonymous> (/Users/achar/Projects/HBuilder_Projects/yancaooa_server/api/data/controller.js:21:24)
    at Module._compile (module.js:571:32)
    at Object.Module._extensions..js (module.js:580:10)
    at Module.load (module.js:488:32)
    at tryModuleLoad (module.js:447:12)
    at Function.Module._load (module.js:439:3)
    at Module.require (module.js:498:17)
    at require (internal/module.js:20:19)
    at /Users/achar/Projects/HBuilder_Projects/yancaooa_server/utils/config-route.js:38:26
    at Array.forEach (native)
    at module.exports (/Users/achar/Projects/HBuilder_Projects/yancaooa_server/utils/config-route.js:30:14)
    at Object.<anonymous> (/Users/achar/Projects/HBuilder_Projects/yancaooa_server/app.js:71:32)
    at Module._compile (module.js:571:32)
    at Object.Module._extensions..js (module.js:580:10)
    at Module.load (module.js:488:32)
    at tryModuleLoad (module.js:447:12) code: 'MODULE_NOT_FOUND' }
[2017-03-26 13:20:31.122] [ERROR] console - router[post](/api/app/datas, authority:200000, api/data/controller[appCreate]);
[2017-03-26 13:20:31.123] [ERROR] console - { Error: Cannot find module 'shortid'
    at Function.Module._resolveFilename (module.js:470:15)
    at Function.Module._load (module.js:418:25)
    at Module.require (module.js:498:17)
    at require (internal/module.js:20:19)
    at Object.<anonymous> (/Users/achar/Projects/HBuilder_Projects/yancaooa_server/api/diagnosticRecord/model.js:7:15)
    at Module._compile (module.js:571:32)
    at Object.Module._extensions..js (module.js:580:10)
    at Module.load (module.js:488:32)
    at tryModuleLoad (module.js:447:12)
    at Function.Module._load (module.js:439:3)
    at Module.require (module.js:498:17)
    at require (internal/module.js:20:19)
    at Object.<anonymous> (/Users/achar/Projects/HBuilder_Projects/yancaooa_server/api/data/controller.js:21:24)
    at Module._compile (module.js:571:32)
    at Object.Module._extensions..js (module.js:580:10)
    at Module.load (module.js:488:32)
    at tryModuleLoad (module.js:447:12)
    at Function.Module._load (module.js:439:3)
    at Module.require (module.js:498:17)
    at require (internal/module.js:20:19)
    at /Users/achar/Projects/HBuilder_Projects/yancaooa_server/utils/config-route.js:38:26
    at Array.forEach (native)
    at module.exports (/Users/achar/Projects/HBuilder_Projects/yancaooa_server/utils/config-route.js:30:14)
    at Object.<anonymous> (/Users/achar/Projects/HBuilder_Projects/yancaooa_server/app.js:71:32)
    at Module._compile (module.js:571:32)
    at Object.Module._extensions..js (module.js:580:10)
    at Module.load (module.js:488:32)
    at tryModuleLoad (module.js:447:12) code: 'MODULE_NOT_FOUND' }
[2017-03-26 13:20:31.125] [ERROR] console - router[get](/api/pc/datas/:name, authority:200000, api/data/controller[queryByName]);
[2017-03-26 13:20:31.126] [ERROR] console - { Error: Cannot find module 'shortid'
    at Function.Module._resolveFilename (module.js:470:15)
    at Function.Module._load (module.js:418:25)
    at Module.require (module.js:498:17)
    at require (internal/module.js:20:19)
    at Object.<anonymous> (/Users/achar/Projects/HBuilder_Projects/yancaooa_server/api/diagnosticRecord/model.js:7:15)
    at Module._compile (module.js:571:32)
    at Object.Module._extensions..js (module.js:580:10)
    at Module.load (module.js:488:32)
    at tryModuleLoad (module.js:447:12)
    at Function.Module._load (module.js:439:3)
    at Module.require (module.js:498:17)
    at require (internal/module.js:20:19)
    at Object.<anonymous> (/Users/achar/Projects/HBuilder_Projects/yancaooa_server/api/data/controller.js:21:24)
    at Module._compile (module.js:571:32)
    at Object.Module._extensions..js (module.js:580:10)
    at Module.load (module.js:488:32)
    at tryModuleLoad (module.js:447:12)
    at Function.Module._load (module.js:439:3)
    at Module.require (module.js:498:17)
    at require (internal/module.js:20:19)
    at /Users/achar/Projects/HBuilder_Projects/yancaooa_server/utils/config-route.js:38:26
    at Array.forEach (native)
    at module.exports (/Users/achar/Projects/HBuilder_Projects/yancaooa_server/utils/config-route.js:30:14)
    at Object.<anonymous> (/Users/achar/Projects/HBuilder_Projects/yancaooa_server/app.js:71:32)
    at Module._compile (module.js:571:32)
    at Object.Module._extensions..js (module.js:580:10)
    at Module.load (module.js:488:32)
    at tryModuleLoad (module.js:447:12) code: 'MODULE_NOT_FOUND' }
[2017-03-26 13:20:31.128] [ERROR] console - router[post](/api/test/helloWorld, authority:200000, api/data/controller[helloWorld]);
[2017-03-26 13:20:31.128] [ERROR] console - { Error: Cannot find module 'shortid'
    at Function.Module._resolveFilename (module.js:470:15)
    at Function.Module._load (module.js:418:25)
    at Module.require (module.js:498:17)
    at require (internal/module.js:20:19)
    at Object.<anonymous> (/Users/achar/Projects/HBuilder_Projects/yancaooa_server/api/diagnosticRecord/model.js:7:15)
    at Module._compile (module.js:571:32)
    at Object.Module._extensions..js (module.js:580:10)
    at Module.load (module.js:488:32)
    at tryModuleLoad (module.js:447:12)
    at Function.Module._load (module.js:439:3)
    at Module.require (module.js:498:17)
    at require (internal/module.js:20:19)
    at Object.<anonymous> (/Users/achar/Projects/HBuilder_Projects/yancaooa_server/api/data/controller.js:21:24)
    at Module._compile (module.js:571:32)
    at Object.Module._extensions..js (module.js:580:10)
    at Module.load (module.js:488:32)
    at tryModuleLoad (module.js:447:12)
    at Function.Module._load (module.js:439:3)
    at Module.require (module.js:498:17)
    at require (internal/module.js:20:19)
    at /Users/achar/Projects/HBuilder_Projects/yancaooa_server/utils/config-route.js:38:26
    at Array.forEach (native)
    at module.exports (/Users/achar/Projects/HBuilder_Projects/yancaooa_server/utils/config-route.js:30:14)
    at Object.<anonymous> (/Users/achar/Projects/HBuilder_Projects/yancaooa_server/app.js:71:32)
    at Module._compile (module.js:571:32)
    at Object.Module._extensions..js (module.js:580:10)
    at Module.load (module.js:488:32)
    at tryModuleLoad (module.js:447:12) code: 'MODULE_NOT_FOUND' }
[2017-03-26 13:20:31.130] [ERROR] console - router[get](/api/pc/datas/sheet/:id, authority:200000, api/data/controller[pcDetail]);
[2017-03-26 13:20:31.130] [ERROR] console - { Error: Cannot find module 'shortid'
    at Function.Module._resolveFilename (module.js:470:15)
    at Function.Module._load (module.js:418:25)
    at Module.require (module.js:498:17)
    at require (internal/module.js:20:19)
    at Object.<anonymous> (/Users/achar/Projects/HBuilder_Projects/yancaooa_server/api/diagnosticRecord/model.js:7:15)
    at Module._compile (module.js:571:32)
    at Object.Module._extensions..js (module.js:580:10)
    at Module.load (module.js:488:32)
    at tryModuleLoad (module.js:447:12)
    at Function.Module._load (module.js:439:3)
    at Module.require (module.js:498:17)
    at require (internal/module.js:20:19)
    at Object.<anonymous> (/Users/achar/Projects/HBuilder_Projects/yancaooa_server/api/data/controller.js:21:24)
    at Module._compile (module.js:571:32)
    at Object.Module._extensions..js (module.js:580:10)
    at Module.load (module.js:488:32)
    at tryModuleLoad (module.js:447:12)
    at Function.Module._load (module.js:439:3)
    at Module.require (module.js:498:17)
    at require (internal/module.js:20:19)
    at /Users/achar/Projects/HBuilder_Projects/yancaooa_server/utils/config-route.js:38:26
    at Array.forEach (native)
    at module.exports (/Users/achar/Projects/HBuilder_Projects/yancaooa_server/utils/config-route.js:30:14)
    at Object.<anonymous> (/Users/achar/Projects/HBuilder_Projects/yancaooa_server/app.js:71:32)
    at Module._compile (module.js:571:32)
    at Object.Module._extensions..js (module.js:580:10)
    at Module.load (module.js:488:32)
    at tryModuleLoad (module.js:447:12) code: 'MODULE_NOT_FOUND' }
[2017-03-26 13:20:31.144] [ERROR] console - router[post](/api/excellents, authority:101901, api/excellent/controller[create]);
[2017-03-26 13:20:31.144] [ERROR] console - { Error: Cannot find module 'shortid'
    at Function.Module._resolveFilename (module.js:470:15)
    at Function.Module._load (module.js:418:25)
    at Module.require (module.js:498:17)
    at require (internal/module.js:20:19)
    at Object.<anonymous> (/Users/achar/Projects/HBuilder_Projects/yancaooa_server/api/diagnosticRecord/model.js:7:15)
    at Module._compile (module.js:571:32)
    at Object.Module._extensions..js (module.js:580:10)
    at Module.load (module.js:488:32)
    at tryModuleLoad (module.js:447:12)
    at Function.Module._load (module.js:439:3)
    at Module.require (module.js:498:17)
    at require (internal/module.js:20:19)
    at Object.<anonymous> (/Users/achar/Projects/HBuilder_Projects/yancaooa_server/api/excellent/controller.js:4:24)
    at Module._compile (module.js:571:32)
    at Object.Module._extensions..js (module.js:580:10)
    at Module.load (module.js:488:32)
    at tryModuleLoad (module.js:447:12)
    at Function.Module._load (module.js:439:3)
    at Module.require (module.js:498:17)
    at require (internal/module.js:20:19)
    at /Users/achar/Projects/HBuilder_Projects/yancaooa_server/utils/config-route.js:38:26
    at Array.forEach (native)
    at module.exports (/Users/achar/Projects/HBuilder_Projects/yancaooa_server/utils/config-route.js:30:14)
    at Object.<anonymous> (/Users/achar/Projects/HBuilder_Projects/yancaooa_server/app.js:71:32)
    at Module._compile (module.js:571:32)
    at Object.Module._extensions..js (module.js:580:10)
    at Module.load (module.js:488:32)
    at tryModuleLoad (module.js:447:12) code: 'MODULE_NOT_FOUND' }
[2017-03-26 13:20:31.146] [ERROR] console - router[get](/api/excellents, authority:101902, api/excellent/controller[list]);
[2017-03-26 13:20:31.146] [ERROR] console - { Error: Cannot find module 'shortid'
    at Function.Module._resolveFilename (module.js:470:15)
    at Function.Module._load (module.js:418:25)
    at Module.require (module.js:498:17)
    at require (internal/module.js:20:19)
    at Object.<anonymous> (/Users/achar/Projects/HBuilder_Projects/yancaooa_server/api/diagnosticRecord/model.js:7:15)
    at Module._compile (module.js:571:32)
    at Object.Module._extensions..js (module.js:580:10)
    at Module.load (module.js:488:32)
    at tryModuleLoad (module.js:447:12)
    at Function.Module._load (module.js:439:3)
    at Module.require (module.js:498:17)
    at require (internal/module.js:20:19)
    at Object.<anonymous> (/Users/achar/Projects/HBuilder_Projects/yancaooa_server/api/excellent/controller.js:4:24)
    at Module._compile (module.js:571:32)
    at Object.Module._extensions..js (module.js:580:10)
    at Module.load (module.js:488:32)
    at tryModuleLoad (module.js:447:12)
    at Function.Module._load (module.js:439:3)
    at Module.require (module.js:498:17)
    at require (internal/module.js:20:19)
    at /Users/achar/Projects/HBuilder_Projects/yancaooa_server/utils/config-route.js:38:26
    at Array.forEach (native)
    at module.exports (/Users/achar/Projects/HBuilder_Projects/yancaooa_server/utils/config-route.js:30:14)
    at Object.<anonymous> (/Users/achar/Projects/HBuilder_Projects/yancaooa_server/app.js:71:32)
    at Module._compile (module.js:571:32)
    at Object.Module._extensions..js (module.js:580:10)
    at Module.load (module.js:488:32)
    at tryModuleLoad (module.js:447:12) code: 'MODULE_NOT_FOUND' }
[2017-03-26 13:20:31.149] [ERROR] console - router[get](/api/excellents/:id, authority:101903, api/excellent/controller[detail]);
[2017-03-26 13:20:31.152] [ERROR] console - { Error: Cannot find module 'shortid'
    at Function.Module._resolveFilename (module.js:470:15)
    at Function.Module._load (module.js:418:25)
    at Module.require (module.js:498:17)
    at require (internal/module.js:20:19)
    at Object.<anonymous> (/Users/achar/Projects/HBuilder_Projects/yancaooa_server/api/diagnosticRecord/model.js:7:15)
    at Module._compile (module.js:571:32)
    at Object.Module._extensions..js (module.js:580:10)
    at Module.load (module.js:488:32)
    at tryModuleLoad (module.js:447:12)
    at Function.Module._load (module.js:439:3)
    at Module.require (module.js:498:17)
    at require (internal/module.js:20:19)
    at Object.<anonymous> (/Users/achar/Projects/HBuilder_Projects/yancaooa_server/api/excellent/controller.js:4:24)
    at Module._compile (module.js:571:32)
    at Object.Module._extensions..js (module.js:580:10)
    at Module.load (module.js:488:32)
    at tryModuleLoad (module.js:447:12)
    at Function.Module._load (module.js:439:3)
    at Module.require (module.js:498:17)
    at require (internal/module.js:20:19)
    at /Users/achar/Projects/HBuilder_Projects/yancaooa_server/utils/config-route.js:38:26
    at Array.forEach (native)
    at module.exports (/Users/achar/Projects/HBuilder_Projects/yancaooa_server/utils/config-route.js:30:14)
    at Object.<anonymous> (/Users/achar/Projects/HBuilder_Projects/yancaooa_server/app.js:71:32)
    at Module._compile (module.js:571:32)
    at Object.Module._extensions..js (module.js:580:10)
    at Module.load (module.js:488:32)
    at tryModuleLoad (module.js:447:12) code: 'MODULE_NOT_FOUND' }
[2017-03-26 13:20:31.153] [ERROR] console - router[patch](/api/excellents/:id, authority:101904, api/excellent/controller[update]);
[2017-03-26 13:20:31.153] [ERROR] console - { Error: Cannot find module 'shortid'
    at Function.Module._resolveFilename (module.js:470:15)
    at Function.Module._load (module.js:418:25)
    at Module.require (module.js:498:17)
    at require (internal/module.js:20:19)
    at Object.<anonymous> (/Users/achar/Projects/HBuilder_Projects/yancaooa_server/api/diagnosticRecord/model.js:7:15)
    at Module._compile (module.js:571:32)
    at Object.Module._extensions..js (module.js:580:10)
    at Module.load (module.js:488:32)
    at tryModuleLoad (module.js:447:12)
    at Function.Module._load (module.js:439:3)
    at Module.require (module.js:498:17)
    at require (internal/module.js:20:19)
    at Object.<anonymous> (/Users/achar/Projects/HBuilder_Projects/yancaooa_server/api/excellent/controller.js:4:24)
    at Module._compile (module.js:571:32)
    at Object.Module._extensions..js (module.js:580:10)
    at Module.load (module.js:488:32)
    at tryModuleLoad (module.js:447:12)
    at Function.Module._load (module.js:439:3)
    at Module.require (module.js:498:17)
    at require (internal/module.js:20:19)
    at /Users/achar/Projects/HBuilder_Projects/yancaooa_server/utils/config-route.js:38:26
    at Array.forEach (native)
    at module.exports (/Users/achar/Projects/HBuilder_Projects/yancaooa_server/utils/config-route.js:30:14)
    at Object.<anonymous> (/Users/achar/Projects/HBuilder_Projects/yancaooa_server/app.js:71:32)
    at Module._compile (module.js:571:32)
    at Object.Module._extensions..js (module.js:580:10)
    at Module.load (module.js:488:32)
    at tryModuleLoad (module.js:447:12) code: 'MODULE_NOT_FOUND' }
[2017-03-26 13:20:31.154] [ERROR] console - router[delete](/api/excellents/:id, authority:101905, api/excellent/controller[delete]);
[2017-03-26 13:20:31.154] [ERROR] console - { Error: Cannot find module 'shortid'
    at Function.Module._resolveFilename (module.js:470:15)
    at Function.Module._load (module.js:418:25)
    at Module.require (module.js:498:17)
    at require (internal/module.js:20:19)
    at Object.<anonymous> (/Users/achar/Projects/HBuilder_Projects/yancaooa_server/api/diagnosticRecord/model.js:7:15)
    at Module._compile (module.js:571:32)
    at Object.Module._extensions..js (module.js:580:10)
    at Module.load (module.js:488:32)
    at tryModuleLoad (module.js:447:12)
    at Function.Module._load (module.js:439:3)
    at Module.require (module.js:498:17)
    at require (internal/module.js:20:19)
    at Object.<anonymous> (/Users/achar/Projects/HBuilder_Projects/yancaooa_server/api/excellent/controller.js:4:24)
    at Module._compile (module.js:571:32)
    at Object.Module._extensions..js (module.js:580:10)
    at Module.load (module.js:488:32)
    at tryModuleLoad (module.js:447:12)
    at Function.Module._load (module.js:439:3)
    at Module.require (module.js:498:17)
    at require (internal/module.js:20:19)
    at /Users/achar/Projects/HBuilder_Projects/yancaooa_server/utils/config-route.js:38:26
    at Array.forEach (native)
    at module.exports (/Users/achar/Projects/HBuilder_Projects/yancaooa_server/utils/config-route.js:30:14)
    at Object.<anonymous> (/Users/achar/Projects/HBuilder_Projects/yancaooa_server/app.js:71:32)
    at Module._compile (module.js:571:32)
    at Object.Module._extensions..js (module.js:580:10)
    at Module.load (module.js:488:32)
    at tryModuleLoad (module.js:447:12) code: 'MODULE_NOT_FOUND' }
[2017-03-26 13:20:31.156] [ERROR] console - router[delete](/api/batch/excellents/:ids, authority:101906, api/excellent/controller[batchDelete]);
[2017-03-26 13:20:31.156] [ERROR] console - { Error: Cannot find module 'shortid'
    at Function.Module._resolveFilename (module.js:470:15)
    at Function.Module._load (module.js:418:25)
    at Module.require (module.js:498:17)
    at require (internal/module.js:20:19)
    at Object.<anonymous> (/Users/achar/Projects/HBuilder_Projects/yancaooa_server/api/diagnosticRecord/model.js:7:15)
    at Module._compile (module.js:571:32)
    at Object.Module._extensions..js (module.js:580:10)
    at Module.load (module.js:488:32)
    at tryModuleLoad (module.js:447:12)
    at Function.Module._load (module.js:439:3)
    at Module.require (module.js:498:17)
    at require (internal/module.js:20:19)
    at Object.<anonymous> (/Users/achar/Projects/HBuilder_Projects/yancaooa_server/api/excellent/controller.js:4:24)
    at Module._compile (module.js:571:32)
    at Object.Module._extensions..js (module.js:580:10)
    at Module.load (module.js:488:32)
    at tryModuleLoad (module.js:447:12)
    at Function.Module._load (module.js:439:3)
    at Module.require (module.js:498:17)
    at require (internal/module.js:20:19)
    at /Users/achar/Projects/HBuilder_Projects/yancaooa_server/utils/config-route.js:38:26
    at Array.forEach (native)
    at module.exports (/Users/achar/Projects/HBuilder_Projects/yancaooa_server/utils/config-route.js:30:14)
    at Object.<anonymous> (/Users/achar/Projects/HBuilder_Projects/yancaooa_server/app.js:71:32)
    at Module._compile (module.js:571:32)
    at Object.Module._extensions..js (module.js:580:10)
    at Module.load (module.js:488:32)
    at tryModuleLoad (module.js:447:12) code: 'MODULE_NOT_FOUND' }
[2017-03-26 13:20:31.157] [ERROR] console - router[get](/api/pc/excellents, authority:200000, api/excellent/controller[list]);
[2017-03-26 13:20:31.157] [ERROR] console - { Error: Cannot find module 'shortid'
    at Function.Module._resolveFilename (module.js:470:15)
    at Function.Module._load (module.js:418:25)
    at Module.require (module.js:498:17)
    at require (internal/module.js:20:19)
    at Object.<anonymous> (/Users/achar/Projects/HBuilder_Projects/yancaooa_server/api/diagnosticRecord/model.js:7:15)
    at Module._compile (module.js:571:32)
    at Object.Module._extensions..js (module.js:580:10)
    at Module.load (module.js:488:32)
    at tryModuleLoad (module.js:447:12)
    at Function.Module._load (module.js:439:3)
    at Module.require (module.js:498:17)
    at require (internal/module.js:20:19)
    at Object.<anonymous> (/Users/achar/Projects/HBuilder_Projects/yancaooa_server/api/excellent/controller.js:4:24)
    at Module._compile (module.js:571:32)
    at Object.Module._extensions..js (module.js:580:10)
    at Module.load (module.js:488:32)
    at tryModuleLoad (module.js:447:12)
    at Function.Module._load (module.js:439:3)
    at Module.require (module.js:498:17)
    at require (internal/module.js:20:19)
    at /Users/achar/Projects/HBuilder_Projects/yancaooa_server/utils/config-route.js:38:26
    at Array.forEach (native)
    at module.exports (/Users/achar/Projects/HBuilder_Projects/yancaooa_server/utils/config-route.js:30:14)
    at Object.<anonymous> (/Users/achar/Projects/HBuilder_Projects/yancaooa_server/app.js:71:32)
    at Module._compile (module.js:571:32)
    at Object.Module._extensions..js (module.js:580:10)
    at Module.load (module.js:488:32)
    at tryModuleLoad (module.js:447:12) code: 'MODULE_NOT_FOUND' }
[2017-03-26 13:20:31.161] [ERROR] console - router[get](/api/pc/excellents/:id, authority:200000, api/excellent/controller[detail]);
[2017-03-26 13:20:31.162] [ERROR] console - { Error: Cannot find module 'shortid'
    at Function.Module._resolveFilename (module.js:470:15)
    at Function.Module._load (module.js:418:25)
    at Module.require (module.js:498:17)
    at require (internal/module.js:20:19)
    at Object.<anonymous> (/Users/achar/Projects/HBuilder_Projects/yancaooa_server/api/diagnosticRecord/model.js:7:15)
    at Module._compile (module.js:571:32)
    at Object.Module._extensions..js (module.js:580:10)
    at Module.load (module.js:488:32)
    at tryModuleLoad (module.js:447:12)
    at Function.Module._load (module.js:439:3)
    at Module.require (module.js:498:17)
    at require (internal/module.js:20:19)
    at Object.<anonymous> (/Users/achar/Projects/HBuilder_Projects/yancaooa_server/api/excellent/controller.js:4:24)
    at Module._compile (module.js:571:32)
    at Object.Module._extensions..js (module.js:580:10)
    at Module.load (module.js:488:32)
    at tryModuleLoad (module.js:447:12)
    at Function.Module._load (module.js:439:3)
    at Module.require (module.js:498:17)
    at require (internal/module.js:20:19)
    at /Users/achar/Projects/HBuilder_Projects/yancaooa_server/utils/config-route.js:38:26
    at Array.forEach (native)
    at module.exports (/Users/achar/Projects/HBuilder_Projects/yancaooa_server/utils/config-route.js:30:14)
    at Object.<anonymous> (/Users/achar/Projects/HBuilder_Projects/yancaooa_server/app.js:71:32)
    at Module._compile (module.js:571:32)
    at Object.Module._extensions..js (module.js:580:10)
    at Module.load (module.js:488:32)
    at tryModuleLoad (module.js:447:12) code: 'MODULE_NOT_FOUND' }
[2017-03-26 13:20:31.261] [ERROR] console - router[get](/r, authority:null, api/diagnosticRecord/controller[detailH]);
[2017-03-26 13:20:31.261] [ERROR] console - { Error: Cannot find module 'shortid'
    at Function.Module._resolveFilename (module.js:470:15)
    at Function.Module._load (module.js:418:25)
    at Module.require (module.js:498:17)
    at require (internal/module.js:20:19)
    at Object.<anonymous> (/Users/achar/Projects/HBuilder_Projects/yancaooa_server/api/diagnosticRecord/model.js:7:15)
    at Module._compile (module.js:571:32)
    at Object.Module._extensions..js (module.js:580:10)
    at Module.load (module.js:488:32)
    at tryModuleLoad (module.js:447:12)
    at Function.Module._load (module.js:439:3)
    at Module.require (module.js:498:17)
    at require (internal/module.js:20:19)
    at Object.<anonymous> (/Users/achar/Projects/HBuilder_Projects/yancaooa_server/api/diagnosticRecord/controller.js:4:24)
    at Module._compile (module.js:571:32)
    at Object.Module._extensions..js (module.js:580:10)
    at Module.load (module.js:488:32)
    at tryModuleLoad (module.js:447:12)
    at Function.Module._load (module.js:439:3)
    at Module.require (module.js:498:17)
    at require (internal/module.js:20:19)
    at /Users/achar/Projects/HBuilder_Projects/yancaooa_server/utils/config-route.js:38:26
    at Array.forEach (native)
    at module.exports (/Users/achar/Projects/HBuilder_Projects/yancaooa_server/utils/config-route.js:30:14)
    at Object.<anonymous> (/Users/achar/Projects/HBuilder_Projects/yancaooa_server/app.js:71:32)
    at Module._compile (module.js:571:32)
    at Object.Module._extensions..js (module.js:580:10)
    at Module.load (module.js:488:32)
    at tryModuleLoad (module.js:447:12) code: 'MODULE_NOT_FOUND' }
[2017-03-26 13:20:31.267] [INFO] console - 数据库:mongodb://localhost:27017/yancaooa_dev
[2017-03-26 13:20:31.293] [INFO] console - Redis is ready
[2017-03-26 13:20:31.355] [INFO] console - Connection success!
[2017-03-26 13:20:31.384] [INFO] console - mongodb is connected
[2017-03-26 13:20:31.590] [ERROR] console - (node:45602) DeprecationWarning: crypto.pbkdf2 without specifying a digest is deprecated. Please specify a digest
[2017-03-26 13:20:31.685] [INFO] console - init roles
[2017-03-26 13:20:31.686] [INFO] console - init roles
[2017-03-26 13:20:31.687] [INFO] console - init roles
[2017-03-26 13:20:31.687] [INFO] console - init device
[2017-03-26 13:20:31.736] [INFO] console - init default plan plan id:58a6bc3e6bc5897918d481ed
[2017-03-26 13:20:31.791] [INFO] console - init admin
[2017-03-26 13:20:31.793] [INFO] console - init tech
[2017-03-26 13:20:31.846] [INFO] console - [0] init Matching
[2017-03-26 13:23:08.446] [DEBUG] console - 日志系统启动!
[2017-03-26 13:23:09.276] [INFO] console - 开发环境模式
[2017-03-26 13:23:28.510] [DEBUG] console - 加载权限管理模块!
[2017-03-26 13:23:40.699] [DEBUG] console - 已加载问诊模块
[2017-03-26 13:23:40.815] [DEBUG] console - 已加载问诊模块
[2017-03-26 13:23:46.532] [INFO] console - 此文件夹已经存在
[2017-03-26 13:23:46.533] [INFO] console - uploads创建成功！
[2017-03-26 13:23:46.534] [INFO] console - 此文件夹已经存在
[2017-03-26 13:23:46.534] [INFO] console - avator创建成功！
[2017-03-26 13:23:49.710] [INFO] console - 数据库:mongodb://localhost:27017/yancaooa_dev
[2017-03-26 13:23:51.826] [INFO] console - Redis is ready
[2017-03-26 13:23:51.849] [INFO] console - Connection success!
[2017-03-26 13:23:51.871] [INFO] console - mongodb is connected
[2017-03-26 13:49:15.899] [DEBUG] console - 日志系统启动!
[2017-03-26 13:49:16.496] [INFO] console - 开发环境模式
[2017-03-26 13:49:24.368] [DEBUG] console - 加载权限管理模块!
[2017-03-26 13:49:37.356] [DEBUG] console - 已加载问诊模块
[2017-03-26 13:49:37.486] [DEBUG] console - 已加载问诊模块
[2017-03-26 13:49:44.144] [INFO] console - 此文件夹已经存在
[2017-03-26 13:49:44.149] [INFO] console - uploads创建成功！
[2017-03-26 13:49:44.149] [INFO] console - 此文件夹已经存在
[2017-03-26 13:49:44.149] [INFO] console - avator创建成功！
[2017-03-26 13:49:47.208] [ERROR] console - router[get](/api/app/getlist, authority:null, api/orders/controller[list]);
[2017-03-26 13:49:47.210] [ERROR] console - ReferenceError: tool is not defined
    at Object.<anonymous> (/Users/achar/Projects/HBuilder_Projects/yancaooa_server/api/orders/model.js:14:18)
    at Module._compile (module.js:571:32)
    at Object.Module._extensions..js (module.js:580:10)
    at Module.load (module.js:488:32)
    at tryModuleLoad (module.js:447:12)
    at Function.Module._load (module.js:439:3)
    at Module.require (module.js:498:17)
    at require (internal/module.js:20:19)
    at Object.<anonymous> (/Users/achar/Projects/HBuilder_Projects/yancaooa_server/api/orders/controller.js:3:15)
    at Module._compile (module.js:571:32)
    at Object.Module._extensions..js (module.js:580:10)
    at Module.load (module.js:488:32)
    at tryModuleLoad (module.js:447:12)
    at Function.Module._load (module.js:439:3)
    at Module.require (module.js:498:17)
    at require (internal/module.js:20:19)
    at /Users/achar/Projects/HBuilder_Projects/yancaooa_server/utils/config-route.js:38:26
    at Array.forEach (native)
    at module.exports (/Users/achar/Projects/HBuilder_Projects/yancaooa_server/utils/config-route.js:30:14)
    at Object.<anonymous> (/Users/achar/Projects/HBuilder_Projects/yancaooa_server/app.js:71:32)
    at Module._compile (module.js:571:32)
    at Object.Module._extensions..js (module.js:580:10)
    at Module.load (module.js:488:32)
    at tryModuleLoad (module.js:447:12)
    at Function.Module._load (module.js:439:3)
    at Timeout.Module.runMain [as _onTimeout] (module.js:605:10)
    at ontimeout (timers.js:365:14)
    at tryOnTimeout (timers.js:237:5)
[2017-03-26 13:49:47.337] [INFO] console - 数据库:mongodb://localhost:27017/yancaooa_dev
[2017-03-26 13:49:48.467] [INFO] console - Redis is ready
[2017-03-26 13:49:48.487] [INFO] console - Connection success!
[2017-03-26 13:49:48.492] [INFO] console - mongodb is connected
[2017-03-26 13:58:22.308] [DEBUG] console - 日志系统启动!
[2017-03-26 13:58:22.850] [INFO] console - 开发环境模式
[2017-03-26 13:58:31.311] [DEBUG] console - 加载权限管理模块!
[2017-03-26 13:58:45.738] [DEBUG] console - 已加载问诊模块
[2017-03-26 13:58:45.904] [DEBUG] console - 已加载问诊模块
[2017-03-26 13:58:50.823] [INFO] console - 此文件夹已经存在
[2017-03-26 13:58:50.830] [INFO] console - uploads创建成功！
[2017-03-26 13:58:50.836] [INFO] console - 此文件夹已经存在
[2017-03-26 13:58:50.837] [INFO] console - avator创建成功！
[2017-03-26 13:58:53.382] [INFO] console - 数据库:mongodb://localhost:27017/yancaooa_dev
[2017-03-26 13:58:54.422] [INFO] console - Redis is ready
[2017-03-26 13:58:54.441] [INFO] console - Connection success!
[2017-03-26 13:58:54.445] [INFO] console - mongodb is connected
