[2016-12-09 10:21:12.385] [DEBUG] console - 日志系统启动!
[2016-12-09 10:21:12.498] [DEBUG] console - 目录列表 [ { name: 'demo',
    type: 'folder',
    size: 170,
    date: 2016-12-07T07:45:32.000Z },
  { name: 'system',
    type: 'folder',
    size: 136,
    date: 2016-12-08T07:12:03.000Z },
  { name: 'user',
    type: 'folder',
    size: 170,
    date: 2016-12-08T03:01:20.000Z } ]
[2016-12-09 10:21:12.514] [DEBUG] console - 加载demo模块!
[2016-12-09 10:21:12.514] [DEBUG] console - Load API Root:  /api/demo  PATH: /Users/achar/Projects/yuntianyuan_api/api/demo/demo.router
[2016-12-09 10:21:12.878] [DEBUG] console - 系统管理模块加载....
[2016-12-09 10:21:12.878] [DEBUG] console - Load API Root:  /api/system  PATH: /Users/achar/Projects/yuntianyuan_api/api/system/system.router
[2016-12-09 10:21:13.490] [DEBUG] console - 加载用户管理模块!
[2016-12-09 10:21:13.491] [DEBUG] console - Load API Root:  /api/user  PATH: /Users/achar/Projects/yuntianyuan_api/api/user/user.router
[2016-12-09 10:21:13.533] [INFO] console - Listening on port 3000
[2016-12-09 10:21:13.576] [INFO] console - Connection success!
[2016-12-09 10:21:13.581] [INFO] console - mongodb is connected
[2016-12-09 10:21:24.025] [DEBUG] console - 备份目录: /Users/achar/Projects/yuntianyuan_api/backup/mongodb
[2016-12-09 10:21:24.027] [DEBUG] console - 备份命令: mongodump  -u root -d yuntianyuan -o "/Users/achar/Projects/yuntianyuan_api/backup/mongodb/20161209102124" -gzip 
[2016-12-09 10:21:24.128] [INFO] console - exec error: Error: Command failed: mongodump  -u root -d yuntianyuan -o "/Users/achar/Projects/yuntianyuan_api/backup/mongodb/20161209102124" -gzip 
2016-12-09T10:21:24.115+0800	error parsing command line options: unknown option "gzip"
2016-12-09T10:21:24.115+0800	try 'mongodump --help' for more information

[2016-12-09 10:24:01.124] [DEBUG] console - 日志系统启动!
[2016-12-09 10:24:01.262] [DEBUG] console - 目录列表 [ { name: 'demo',
    type: 'folder',
    size: 170,
    date: 2016-12-07T07:45:32.000Z },
  { name: 'system',
    type: 'folder',
    size: 136,
    date: 2016-12-08T07:12:03.000Z },
  { name: 'user',
    type: 'folder',
    size: 170,
    date: 2016-12-08T03:01:20.000Z } ]
[2016-12-09 10:24:01.284] [DEBUG] console - 加载demo模块!
[2016-12-09 10:24:01.284] [DEBUG] console - Load API Root:  /api/demo  PATH: /Users/achar/Projects/yuntianyuan_api/api/demo/demo.router
[2016-12-09 10:24:01.475] [DEBUG] console - 系统管理模块加载....
[2016-12-09 10:24:01.476] [DEBUG] console - Load API Root:  /api/system  PATH: /Users/achar/Projects/yuntianyuan_api/api/system/system.router
[2016-12-09 10:24:01.796] [DEBUG] console - 加载用户管理模块!
[2016-12-09 10:24:01.796] [DEBUG] console - Load API Root:  /api/user  PATH: /Users/achar/Projects/yuntianyuan_api/api/user/user.router
[2016-12-09 10:24:01.811] [INFO] console - Listening on port 3000
[2016-12-09 10:24:01.824] [INFO] console - Connection success!
[2016-12-09 10:24:01.825] [INFO] console - mongodb is connected
[2016-12-09 10:24:10.473] [DEBUG] console - 备份目录: /Users/achar/Projects/yuntianyuan_api/backup/mongodb
[2016-12-09 10:24:10.473] [DEBUG] console - 备份命令: mongodump  -u root -d yuntianyuan -o "/Users/achar/Projects/yuntianyuan_api/backup/mongodb/20161209102410" --gzip 
[2016-12-09 10:27:27.246] [INFO] console - exec error: Error: Command failed: mongodump  -u root -d yuntianyuan -o "/Users/achar/Projects/yuntianyuan_api/backup/mongodb/20161209102410" --gzip 
2016-12-09T10:24:10.538+0800	reading password from standard input
Enter password:
