[2017-01-09 13:43:43.387] [INFO] console - { largeIntestine: ["6.2","5.4"],
  lung: ["4.8","4.0"],
  liver: ["6.6","5.0"],
  gallbladder: ["7.2","6.4"],
  sanjiao: ["4.8","5.8"],
  pericardium: ["4.8","5.2"],
  kidney: ["5.8","5.8"],
  bladder: ["5.8","6.2"],
  smallIntestine: ["5.0","4.8"],
  heart: ["5.4","6.6"],
  spleen: ["5.8","6.0"],
  stomach: ["5.0","5.0"] }
[2017-01-09 13:43:43.409] [INFO] console - 111111111111111111111111
[2017-01-09 13:44:38.314] [DEBUG] console - 日志系统启动!
[2017-01-09 13:44:38.498] [INFO] console - 开发环境模式
[2017-01-09 13:44:39.020] [DEBUG] console - 加载权限管理模块!
[2017-01-09 13:44:39.173] [DEBUG] console - 已加载问诊模块
[2017-01-09 13:44:39.176] [DEBUG] console - 已加载问诊模块
[2017-01-09 13:44:39.662] [INFO] console - listen on 8029
[2017-01-09 13:44:39.664] [INFO] console - Redis is ready
[2017-01-09 13:44:39.682] [INFO] console - Connection success!
[2017-01-09 13:44:39.694] [INFO] console - mongodb is connected
[2017-01-09 13:44:58.563] [INFO] console - { largeIntestine: ["6.2","5.4"],
  lung: ["4.8","4.0"],
  liver: ["6.6","5.0"],
  gallbladder: ["7.2","6.4"],
  sanjiao: ["4.8","5.8"],
  pericardium: ["4.8","5.2"],
  kidney: ["5.8","5.8"],
  bladder: ["5.8","6.2"],
  smallIntestine: ["5.0","4.8"],
  heart: ["5.4","6.6"],
  spleen: ["5.8","6.0"],
  stomach: ["5.0","5.0"] }
[2017-01-09 13:44:58.567] [INFO] console - 111111111111111111111111
[2017-01-09 13:49:18.331] [DEBUG] console - 日志系统启动!
[2017-01-09 13:49:18.395] [INFO] console - 开发环境模式
[2017-01-09 13:49:18.676] [DEBUG] console - 加载权限管理模块!
[2017-01-09 13:49:18.777] [DEBUG] console - 已加载问诊模块
[2017-01-09 13:49:18.780] [DEBUG] console - 已加载问诊模块
[2017-01-09 13:49:19.068] [INFO] console - listen on 8029
[2017-01-09 13:49:19.069] [INFO] console - Redis is ready
[2017-01-09 13:49:19.087] [INFO] console - Connection success!
[2017-01-09 13:49:19.097] [INFO] console - mongodb is connected
[2017-01-09 13:49:39.701] [INFO] console - ::1 - - "POST /api/pc/diagnostic-records HTTP/1.1" 200 310 "" "Mozilla/5.0 (Macintosh; Intel Mac OS X 10_12_2) AppleWebKit/537.36 (KHTML, like Gecko) yuntianyuan_pc/1.0.0 Chrome/53.0.2785.143 Electron/1.4.13 Safari/537.36"
[2017-01-09 13:53:05.800] [INFO] console - ::1 - - "GET /api/pc/diagnostic-records/peoples?null HTTP/1.1" 200 40 "" "Mozilla/5.0 (Macintosh; Intel Mac OS X 10_12_2) AppleWebKit/537.36 (KHTML, like Gecko) yuntianyuan_pc/1.0.0 Chrome/53.0.2785.143 Electron/1.4.13 Safari/537.36"
[2017-01-09 13:53:55.827] [INFO] console - ::1 - - "GET /api/pc/diagnostic-records/peoples?null HTTP/1.1" 304 - "" "Mozilla/5.0 (Macintosh; Intel Mac OS X 10_12_2) AppleWebKit/537.36 (KHTML, like Gecko) yuntianyuan_pc/1.0.0 Chrome/53.0.2785.143 Electron/1.4.13 Safari/537.36"
[2017-01-09 13:56:34.622] [INFO] console - ::1 - - "POST /api/pc/diagnostic-records HTTP/1.1" 200 311 "" "Mozilla/5.0 (Macintosh; Intel Mac OS X 10_12_2) AppleWebKit/537.36 (KHTML, like Gecko) yuntianyuan_pc/1.0.0 Chrome/53.0.2785.143 Electron/1.4.13 Safari/537.36"
[2017-01-09 13:59:51.947] [INFO] console - { largeIntestine: ["6.2","5.4"],
  lung: ["4.8","4.0"],
  liver: ["6.6","5.0"],
  gallbladder: ["7.2","6.4"],
  sanjiao: ["4.8","5.8"],
  pericardium: ["4.8","5.2"],
  kidney: ["5.8","5.8"],
  bladder: ["5.8","6.2"],
  smallIntestine: ["5.0","4.8"],
  heart: ["5.4","6.6"],
  spleen: ["5.8","6.0"],
  stomach: ["5.0","5.0"] }
[2017-01-09 13:59:51.991] [INFO] console - 111111111111111111111111
