[2016-12-07 15:00:08.122] [DEBUG] console - 日志系统启动!
[2016-12-07 15:00:08.234] [DEBUG] console - 目录列表 [ { name: 'demo',
    type: 'folder',
    size: 170,
    date: 2016-12-07T06:48:21.000Z },
  { name: 'user',
    type: 'folder',
    size: 170,
    date: 2016-12-07T01:52:04.000Z } ]
[2016-12-07 15:00:08.248] [DEBUG] console - 加载demo模块!
[2016-12-07 15:00:08.248] [DEBUG] console - Load API Root:  /api/demo  PATH: /Users/achar/Projects/yuntianyuan_api/api/demo/demo.router
[2016-12-07 15:00:08.539] [DEBUG] console - 加载用户管理模块!
[2016-12-07 15:00:08.539] [DEBUG] console - Load API Root:  /api/user  PATH: /Users/achar/Projects/yuntianyuan_api/api/user/user.router
[2016-12-07 15:00:08.575] [INFO] console - Connection success!
[2016-12-07 15:00:08.576] [INFO] console - mongodb is connected
[2016-12-07 15:00:20.598] [ERROR] console - Error: Failed to lookup view "error" in views directory "/Users/achar/Projects/yuntianyuan_api/views"
    at EventEmitter.render (/Users/achar/Projects/yuntianyuan_api/node_modules/express/lib/application.js:579:17)
    at ServerResponse.render (/Users/achar/Projects/yuntianyuan_api/node_modules/express/lib/response.js:961:7)
    at /Users/achar/Projects/yuntianyuan_api/utils/express.js:88:17
    at Layer.handle_error (/Users/achar/Projects/yuntianyuan_api/node_modules/express/lib/router/layer.js:71:5)
    at trim_prefix (/Users/achar/Projects/yuntianyuan_api/node_modules/express/lib/router/index.js:310:13)
    at /Users/achar/Projects/yuntianyuan_api/node_modules/express/lib/router/index.js:280:7
    at Function.process_params (/Users/achar/Projects/yuntianyuan_api/node_modules/express/lib/router/index.js:330:12)
    at next (/Users/achar/Projects/yuntianyuan_api/node_modules/express/lib/router/index.js:271:10)
    at /Users/achar/Projects/yuntianyuan_api/utils/express.js:80:9
    at Layer.handle [as handle_request] (/Users/achar/Projects/yuntianyuan_api/node_modules/express/lib/router/layer.js:95:5)
    at trim_prefix (/Users/achar/Projects/yuntianyuan_api/node_modules/express/lib/router/index.js:312:13)
    at /Users/achar/Projects/yuntianyuan_api/node_modules/express/lib/router/index.js:280:7
    at Function.process_params (/Users/achar/Projects/yuntianyuan_api/node_modules/express/lib/router/index.js:330:12)
    at next (/Users/achar/Projects/yuntianyuan_api/node_modules/express/lib/router/index.js:271:10)
    at /Users/achar/Projects/yuntianyuan_api/node_modules/multer/index.js:218:19
    at Layer.handle [as handle_request] (/Users/achar/Projects/yuntianyuan_api/node_modules/express/lib/router/layer.js:95:5)
[2016-12-07 15:00:20.606] [INFO] console - ::1 - - "POST /api/demo/file HTTP/1.1" 404 - "" "Mozilla/5.0 (Macintosh; Intel Mac OS X 10_12_1) AppleWebKit/537.36 (KHTML, like Gecko) Chrome/54.0.2840.71 Safari/537.36"
[2016-12-07 15:02:36.129] [DEBUG] console - 日志系统启动!
[2016-12-07 15:02:36.241] [DEBUG] console - 目录列表 [ { name: 'demo',
    type: 'folder',
    size: 170,
    date: 2016-12-07T06:48:21.000Z },
  { name: 'user',
    type: 'folder',
    size: 170,
    date: 2016-12-07T01:52:04.000Z } ]
[2016-12-07 15:02:36.255] [DEBUG] console - 加载demo模块!
[2016-12-07 15:02:36.256] [DEBUG] console - Load API Root:  /api/demo  PATH: /Users/achar/Projects/yuntianyuan_api/api/demo/demo.router
[2016-12-07 15:02:36.550] [DEBUG] console - 加载用户管理模块!
[2016-12-07 15:02:36.550] [DEBUG] console - Load API Root:  /api/user  PATH: /Users/achar/Projects/yuntianyuan_api/api/user/user.router
[2016-12-07 15:02:36.583] [INFO] console - Connection success!
[2016-12-07 15:02:36.584] [INFO] console - mongodb is connected
[2016-12-07 15:02:39.761] [INFO] console - ::1 - - "GET / HTTP/1.1" 404 90 "" "Mozilla/5.0 (Macintosh; Intel Mac OS X 10_12_1) AppleWebKit/537.36 (KHTML, like Gecko) Chrome/54.0.2840.71 Safari/537.36"
[2016-12-07 15:02:40.301] [INFO] console - ::1 - - "GET /favicon.ico HTTP/1.1" 200 - "http://localhost:3000/" "Mozilla/5.0 (Macintosh; Intel Mac OS X 10_12_1) AppleWebKit/537.36 (KHTML, like Gecko) Chrome/54.0.2840.71 Safari/537.36"
[2016-12-07 15:02:50.307] [INFO] console - ::1 - - "POST /api/demo/file HTTP/1.1" 404 90 "" "Mozilla/5.0 (Macintosh; Intel Mac OS X 10_12_1) AppleWebKit/537.36 (KHTML, like Gecko) Chrome/54.0.2840.71 Safari/537.36"
[2016-12-07 15:06:10.098] [DEBUG] console - 日志系统启动!
[2016-12-07 15:06:10.203] [DEBUG] console - 目录列表 [ { name: 'demo',
    type: 'folder',
    size: 170,
    date: 2016-12-07T06:48:21.000Z },
  { name: 'user',
    type: 'folder',
    size: 170,
    date: 2016-12-07T01:52:04.000Z } ]
[2016-12-07 15:06:10.218] [DEBUG] console - 加载demo模块!
[2016-12-07 15:06:10.218] [DEBUG] console - Load API Root:  /api/demo  PATH: /Users/achar/Projects/yuntianyuan_api/api/demo/demo.router
[2016-12-07 15:06:10.509] [DEBUG] console - 加载用户管理模块!
[2016-12-07 15:06:10.510] [DEBUG] console - Load API Root:  /api/user  PATH: /Users/achar/Projects/yuntianyuan_api/api/user/user.router
[2016-12-07 15:06:10.540] [INFO] console - Connection success!
[2016-12-07 15:06:10.542] [INFO] console - mongodb is connected
[2016-12-07 15:06:14.969] [INFO] console - ::1 - - "GET / HTTP/1.1" 404 90 "" "Mozilla/5.0 (Macintosh; Intel Mac OS X 10_12_1) AppleWebKit/537.36 (KHTML, like Gecko) Chrome/54.0.2840.71 Safari/537.36"
[2016-12-07 15:06:15.277] [INFO] console - ::1 - - "GET /favicon.ico HTTP/1.1" 200 - "http://localhost:3000/" "Mozilla/5.0 (Macintosh; Intel Mac OS X 10_12_1) AppleWebKit/537.36 (KHTML, like Gecko) Chrome/54.0.2840.71 Safari/537.36"
[2016-12-07 15:06:18.979] [INFO] console - ::1 - - "POST /api/demo/file HTTP/1.1" 404 90 "" "Mozilla/5.0 (Macintosh; Intel Mac OS X 10_12_1) AppleWebKit/537.36 (KHTML, like Gecko) Chrome/54.0.2840.71 Safari/537.36"
[2016-12-07 15:26:58.472] [DEBUG] console - 日志系统启动!
[2016-12-07 15:26:58.586] [DEBUG] console - 目录列表 [ { name: 'demo',
    type: 'folder',
    size: 170,
    date: 2016-12-07T06:48:21.000Z },
  { name: 'user',
    type: 'folder',
    size: 170,
    date: 2016-12-07T01:52:04.000Z } ]
[2016-12-07 15:26:58.599] [DEBUG] console - 加载demo模块!
[2016-12-07 15:26:58.600] [DEBUG] console - Load API Root:  /api/demo  PATH: /Users/achar/Projects/yuntianyuan_api/api/demo/demo.router
[2016-12-07 15:26:58.892] [DEBUG] console - 加载用户管理模块!
[2016-12-07 15:26:58.892] [DEBUG] console - Load API Root:  /api/user  PATH: /Users/achar/Projects/yuntianyuan_api/api/user/user.router
[2016-12-07 15:26:58.911] [INFO] console - Listening on port 3000
[2016-12-07 15:26:58.930] [INFO] console - Connection success!
[2016-12-07 15:26:58.933] [INFO] console - mongodb is connected
[2016-12-07 15:29:09.676] [DEBUG] console - 日志系统启动!
[2016-12-07 15:29:09.758] [DEBUG] console - 目录列表 [ { name: 'demo',
    type: 'folder',
    size: 170,
    date: 2016-12-07T06:48:21.000Z },
  { name: 'user',
    type: 'folder',
    size: 170,
    date: 2016-12-07T01:52:04.000Z } ]
[2016-12-07 15:29:09.772] [DEBUG] console - 加载demo模块!
[2016-12-07 15:29:09.772] [DEBUG] console - Load API Root:  /api/demo  PATH: /Users/achar/Projects/yuntianyuan_api/api/demo/demo.router
[2016-12-07 15:29:09.984] [DEBUG] console - 加载用户管理模块!
[2016-12-07 15:29:09.985] [DEBUG] console - Load API Root:  /api/user  PATH: /Users/achar/Projects/yuntianyuan_api/api/user/user.router
[2016-12-07 15:29:09.999] [INFO] console - Listening on port 3000
[2016-12-07 15:29:10.015] [INFO] console - Connection success!
[2016-12-07 15:29:10.016] [INFO] console - mongodb is connected
[2016-12-07 15:29:16.936] [INFO] console - ::1 - - "POST /api/demo/file HTTP/1.1" 404 90 "" "Mozilla/5.0 (Macintosh; Intel Mac OS X 10_12_1) AppleWebKit/537.36 (KHTML, like Gecko) Chrome/54.0.2840.71 Safari/537.36"
[2016-12-07 15:30:40.997] [INFO] console - ::1 - - "POST /user/register HTTP/1.1" 404 90 "" "Mozilla/5.0 (Macintosh; Intel Mac OS X 10_12_1) AppleWebKit/537.36 (KHTML, like Gecko) Chrome/54.0.2840.71 Safari/537.36"
[2016-12-07 15:30:45.695] [INFO] console - ::1 - - "POST /register HTTP/1.1" 404 90 "" "Mozilla/5.0 (Macintosh; Intel Mac OS X 10_12_1) AppleWebKit/537.36 (KHTML, like Gecko) Chrome/54.0.2840.71 Safari/537.36"
[2016-12-07 15:30:59.260] [INFO] console - ::1 - - "POST /api/user/register HTTP/1.1" 404 90 "" "Mozilla/5.0 (Macintosh; Intel Mac OS X 10_12_1) AppleWebKit/537.36 (KHTML, like Gecko) Chrome/54.0.2840.71 Safari/537.36"
[2016-12-07 15:39:16.306] [DEBUG] console - 日志系统启动!
[2016-12-07 15:39:16.414] [DEBUG] console - 目录列表 [ { name: 'demo',
    type: 'folder',
    size: 170,
    date: 2016-12-07T06:48:21.000Z },
  { name: 'user',
    type: 'folder',
    size: 170,
    date: 2016-12-07T01:52:04.000Z } ]
[2016-12-07 15:39:16.429] [DEBUG] console - 加载demo模块!
[2016-12-07 15:39:16.429] [DEBUG] console - Load API Root:  /api/demo  PATH: /Users/achar/Projects/yuntianyuan_api/api/demo/demo.router
[2016-12-07 15:39:16.723] [DEBUG] console - 加载用户管理模块!
[2016-12-07 15:39:16.723] [DEBUG] console - Load API Root:  /api/user  PATH: /Users/achar/Projects/yuntianyuan_api/api/user/user.router
[2016-12-07 15:39:16.743] [INFO] console - Listening on port 3000
[2016-12-07 15:39:16.760] [INFO] console - Connection success!
[2016-12-07 15:39:16.762] [INFO] console - mongodb is connected
[2016-12-07 15:43:21.635] [INFO] console - ::1 - - "POST /api/user/register HTTP/1.1" 200 80 "" "Mozilla/5.0 (Macintosh; Intel Mac OS X 10_12_1) AppleWebKit/537.36 (KHTML, like Gecko) Chrome/54.0.2840.71 Safari/537.36"
[2016-12-07 15:44:03.802] [DEBUG] console - { name: '张三', phone: '139' }
[2016-12-07 15:44:41.076] [DEBUG] console - 日志系统启动!
[2016-12-07 15:44:41.818] [DEBUG] console - 目录列表 [ { name: 'demo',
    type: 'folder',
    size: 170,
    date: 2016-12-07T06:48:21.000Z },
  { name: 'user',
    type: 'folder',
    size: 170,
    date: 2016-12-07T01:52:04.000Z } ]
[2016-12-07 15:44:41.856] [DEBUG] console - 加载demo模块!
[2016-12-07 15:44:41.857] [DEBUG] console - Load API Root:  /api/demo  PATH: /Users/achar/Projects/yuntianyuan_api/api/demo/demo.router
[2016-12-07 15:44:49.851] [DEBUG] console - 加载用户管理模块!
[2016-12-07 15:44:49.854] [DEBUG] console - Load API Root:  /api/user  PATH: /Users/achar/Projects/yuntianyuan_api/api/user/user.router
[2016-12-07 15:44:49.934] [INFO] console - Listening on port 3000
[2016-12-07 15:44:49.943] [INFO] console - Connection success!
[2016-12-07 15:44:49.943] [INFO] console - mongodb is connected
[2016-12-07 15:45:05.386] [DEBUG] console - { name: '张三', phone: '139' }
[2016-12-07 15:48:07.277] [DEBUG] console - 日志系统启动!
[2016-12-07 15:48:08.062] [DEBUG] console - 目录列表 [ { name: 'demo',
    type: 'folder',
    size: 170,
    date: 2016-12-07T07:45:32.000Z },
  { name: 'user',
    type: 'folder',
    size: 170,
    date: 2016-12-07T01:52:04.000Z } ]
[2016-12-07 15:48:08.136] [DEBUG] console - 加载demo模块!
[2016-12-07 15:48:08.138] [DEBUG] console - Load API Root:  /api/demo  PATH: /Users/achar/Projects/yuntianyuan_api/api/demo/demo.router
[2016-12-07 15:48:19.064] [DEBUG] console - 加载用户管理模块!
[2016-12-07 15:48:19.080] [DEBUG] console - Load API Root:  /api/user  PATH: /Users/achar/Projects/yuntianyuan_api/api/user/user.router
[2016-12-07 15:48:19.456] [INFO] console - Listening on port 3000
[2016-12-07 15:48:19.534] [INFO] console - Connection success!
[2016-12-07 15:48:19.540] [INFO] console - mongodb is connected
