[2017-01-06 10:00:06.076] [INFO] console - ::1 - - "GET /api/pc/diagnostic-records HTTP/1.1" 304 - "" "Mozilla/5.0 (Macintosh; Intel Mac OS X 10_12_2) AppleWebKit/537.36 (KHTML, like Gecko) yuntianyuan_pc/1.0.0 Chrome/53.0.2785.143 Electron/1.4.13 Safari/537.36"
[2017-01-06 10:02:13.494] [INFO] console - ::1 - - "GET /api/pc/diagnostic-records HTTP/1.1" 304 - "" "Mozilla/5.0 (Macintosh; Intel Mac OS X 10_12_2) AppleWebKit/537.36 (KHTML, like Gecko) yuntianyuan_pc/1.0.0 Chrome/53.0.2785.143 Electron/1.4.13 Safari/537.36"
[2017-01-06 10:04:19.278] [INFO] console - ::1 - - "GET /api/pc/diagnostic-records HTTP/1.1" 304 - "" "Mozilla/5.0 (Macintosh; Intel Mac OS X 10_12_2) AppleWebKit/537.36 (KHTML, like Gecko) yuntianyuan_pc/1.0.0 Chrome/53.0.2785.143 Electron/1.4.13 Safari/537.36"
[2017-01-06 10:04:29.364] [INFO] console - ::1 - - "GET /api/pc/diagnostic-records HTTP/1.1" 304 - "" "Mozilla/5.0 (Macintosh; Intel Mac OS X 10_12_2) AppleWebKit/537.36 (KHTML, like Gecko) yuntianyuan_pc/1.0.0 Chrome/53.0.2785.143 Electron/1.4.13 Safari/537.36"
[2017-01-06 10:05:31.522] [INFO] console - ::1 - - "GET /api/pc/diagnostic-records HTTP/1.1" 304 - "" "Mozilla/5.0 (Macintosh; Intel Mac OS X 10_12_2) AppleWebKit/537.36 (KHTML, like Gecko) yuntianyuan_pc/1.0.0 Chrome/53.0.2785.143 Electron/1.4.13 Safari/537.36"
[2017-01-06 10:05:52.845] [INFO] console - ::1 - - "GET /api/pc/diagnostic-records HTTP/1.1" 304 - "" "Mozilla/5.0 (Macintosh; Intel Mac OS X 10_12_2) AppleWebKit/537.36 (KHTML, like Gecko) yuntianyuan_pc/1.0.0 Chrome/53.0.2785.143 Electron/1.4.13 Safari/537.36"
[2017-01-06 10:06:23.461] [INFO] console - ::1 - - "GET /api/pc/diagnostic-records HTTP/1.1" 304 - "" "Mozilla/5.0 (Macintosh; Intel Mac OS X 10_12_2) AppleWebKit/537.36 (KHTML, like Gecko) yuntianyuan_pc/1.0.0 Chrome/53.0.2785.143 Electron/1.4.13 Safari/537.36"
[2017-01-06 10:07:14.720] [INFO] console - ::1 - - "GET /api/pc/diagnostic-records HTTP/1.1" 304 - "" "Mozilla/5.0 (Macintosh; Intel Mac OS X 10_12_2) AppleWebKit/537.36 (KHTML, like Gecko) yuntianyuan_pc/1.0.0 Chrome/53.0.2785.143 Electron/1.4.13 Safari/537.36"
[2017-01-06 10:10:00.349] [INFO] console - ::1 - - "GET /api/pc/diagnostic-records HTTP/1.1" 304 - "" "Mozilla/5.0 (Macintosh; Intel Mac OS X 10_12_2) AppleWebKit/537.36 (KHTML, like Gecko) yuntianyuan_pc/1.0.0 Chrome/53.0.2785.143 Electron/1.4.13 Safari/537.36"
[2017-01-06 10:10:02.792] [INFO] console - ::1 - - "GET /api/pc/excellent HTTP/1.1" 304 - "" "Mozilla/5.0 (Macintosh; Intel Mac OS X 10_12_2) AppleWebKit/537.36 (KHTML, like Gecko) yuntianyuan_pc/1.0.0 Chrome/53.0.2785.143 Electron/1.4.13 Safari/537.36"
[2017-01-06 10:10:06.048] [INFO] console - ::1 - - "GET /api/pc/excellent HTTP/1.1" 304 - "" "Mozilla/5.0 (Macintosh; Intel Mac OS X 10_12_2) AppleWebKit/537.36 (KHTML, like Gecko) yuntianyuan_pc/1.0.0 Chrome/53.0.2785.143 Electron/1.4.13 Safari/537.36"
[2017-01-06 10:10:06.077] [INFO] console - ::1 - - "GET /api/pc/excellent HTTP/1.1" 304 - "" "Mozilla/5.0 (Macintosh; Intel Mac OS X 10_12_2) AppleWebKit/537.36 (KHTML, like Gecko) yuntianyuan_pc/1.0.0 Chrome/53.0.2785.143 Electron/1.4.13 Safari/537.36"
[2017-01-06 10:10:07.044] [INFO] console - ::1 - - "GET /api/pc/excellent HTTP/1.1" 304 - "" "Mozilla/5.0 (Macintosh; Intel Mac OS X 10_12_2) AppleWebKit/537.36 (KHTML, like Gecko) yuntianyuan_pc/1.0.0 Chrome/53.0.2785.143 Electron/1.4.13 Safari/537.36"
[2017-01-06 10:10:07.066] [INFO] console - ::1 - - "GET /api/pc/excellent HTTP/1.1" 304 - "" "Mozilla/5.0 (Macintosh; Intel Mac OS X 10_12_2) AppleWebKit/537.36 (KHTML, like Gecko) yuntianyuan_pc/1.0.0 Chrome/53.0.2785.143 Electron/1.4.13 Safari/537.36"
[2017-01-06 10:10:07.081] [INFO] console - ::1 - - "GET /api/pc/excellent HTTP/1.1" 304 - "" "Mozilla/5.0 (Macintosh; Intel Mac OS X 10_12_2) AppleWebKit/537.36 (KHTML, like Gecko) yuntianyuan_pc/1.0.0 Chrome/53.0.2785.143 Electron/1.4.13 Safari/537.36"
[2017-01-06 10:10:07.095] [INFO] console - ::1 - - "GET /api/pc/excellent HTTP/1.1" 304 - "" "Mozilla/5.0 (Macintosh; Intel Mac OS X 10_12_2) AppleWebKit/537.36 (KHTML, like Gecko) yuntianyuan_pc/1.0.0 Chrome/53.0.2785.143 Electron/1.4.13 Safari/537.36"
[2017-01-06 10:10:41.559] [INFO] console - ::1 - - "GET /api/pc/excellent HTTP/1.1" 304 - "" "Mozilla/5.0 (Macintosh; Intel Mac OS X 10_12_2) AppleWebKit/537.36 (KHTML, like Gecko) yuntianyuan_pc/1.0.0 Chrome/53.0.2785.143 Electron/1.4.13 Safari/537.36"
[2017-01-06 10:10:41.595] [INFO] console - ::1 - - "GET /api/pc/excellent HTTP/1.1" 304 - "" "Mozilla/5.0 (Macintosh; Intel Mac OS X 10_12_2) AppleWebKit/537.36 (KHTML, like Gecko) yuntianyuan_pc/1.0.0 Chrome/53.0.2785.143 Electron/1.4.13 Safari/537.36"
[2017-01-06 10:10:42.013] [INFO] console - ::1 - - "GET /api/pc/excellent HTTP/1.1" 304 - "" "Mozilla/5.0 (Macintosh; Intel Mac OS X 10_12_2) AppleWebKit/537.36 (KHTML, like Gecko) yuntianyuan_pc/1.0.0 Chrome/53.0.2785.143 Electron/1.4.13 Safari/537.36"
[2017-01-06 10:10:42.044] [INFO] console - ::1 - - "GET /api/pc/excellent HTTP/1.1" 304 - "" "Mozilla/5.0 (Macintosh; Intel Mac OS X 10_12_2) AppleWebKit/537.36 (KHTML, like Gecko) yuntianyuan_pc/1.0.0 Chrome/53.0.2785.143 Electron/1.4.13 Safari/537.36"
[2017-01-06 10:10:42.070] [INFO] console - ::1 - - "GET /api/pc/excellent HTTP/1.1" 304 - "" "Mozilla/5.0 (Macintosh; Intel Mac OS X 10_12_2) AppleWebKit/537.36 (KHTML, like Gecko) yuntianyuan_pc/1.0.0 Chrome/53.0.2785.143 Electron/1.4.13 Safari/537.36"
[2017-01-06 10:10:42.099] [INFO] console - ::1 - - "GET /api/pc/excellent HTTP/1.1" 304 - "" "Mozilla/5.0 (Macintosh; Intel Mac OS X 10_12_2) AppleWebKit/537.36 (KHTML, like Gecko) yuntianyuan_pc/1.0.0 Chrome/53.0.2785.143 Electron/1.4.13 Safari/537.36"
[2017-01-06 10:10:46.645] [INFO] console - ::1 - - "GET /api/pc/excellent HTTP/1.1" 304 - "" "Mozilla/5.0 (Macintosh; Intel Mac OS X 10_12_2) AppleWebKit/537.36 (KHTML, like Gecko) yuntianyuan_pc/1.0.0 Chrome/53.0.2785.143 Electron/1.4.13 Safari/537.36"
[2017-01-06 10:10:46.666] [INFO] console - ::1 - - "GET /api/pc/excellent HTTP/1.1" 304 - "" "Mozilla/5.0 (Macintosh; Intel Mac OS X 10_12_2) AppleWebKit/537.36 (KHTML, like Gecko) yuntianyuan_pc/1.0.0 Chrome/53.0.2785.143 Electron/1.4.13 Safari/537.36"
[2017-01-06 10:10:46.714] [INFO] console - ::1 - - "GET /api/pc/excellent HTTP/1.1" 304 - "" "Mozilla/5.0 (Macintosh; Intel Mac OS X 10_12_2) AppleWebKit/537.36 (KHTML, like Gecko) yuntianyuan_pc/1.0.0 Chrome/53.0.2785.143 Electron/1.4.13 Safari/537.36"
[2017-01-06 10:11:11.440] [INFO] console - ::1 - - "GET /api/pc/excellent HTTP/1.1" 304 - "" "Mozilla/5.0 (Macintosh; Intel Mac OS X 10_12_2) AppleWebKit/537.36 (KHTML, like Gecko) yuntianyuan_pc/1.0.0 Chrome/53.0.2785.143 Electron/1.4.13 Safari/537.36"
[2017-01-06 10:11:11.456] [INFO] console - ::1 - - "GET /api/pc/excellent HTTP/1.1" 304 - "" "Mozilla/5.0 (Macintosh; Intel Mac OS X 10_12_2) AppleWebKit/537.36 (KHTML, like Gecko) yuntianyuan_pc/1.0.0 Chrome/53.0.2785.143 Electron/1.4.13 Safari/537.36"
[2017-01-06 10:11:11.510] [INFO] console - ::1 - - "GET /api/pc/excellent HTTP/1.1" 304 - "" "Mozilla/5.0 (Macintosh; Intel Mac OS X 10_12_2) AppleWebKit/537.36 (KHTML, like Gecko) yuntianyuan_pc/1.0.0 Chrome/53.0.2785.143 Electron/1.4.13 Safari/537.36"
[2017-01-06 10:11:15.639] [INFO] console - ::1 - - "GET /api/pc/excellent HTTP/1.1" 304 - "" "Mozilla/5.0 (Macintosh; Intel Mac OS X 10_12_2) AppleWebKit/537.36 (KHTML, like Gecko) yuntianyuan_pc/1.0.0 Chrome/53.0.2785.143 Electron/1.4.13 Safari/537.36"
[2017-01-06 10:11:15.654] [INFO] console - ::1 - - "GET /api/pc/excellent HTTP/1.1" 304 - "" "Mozilla/5.0 (Macintosh; Intel Mac OS X 10_12_2) AppleWebKit/537.36 (KHTML, like Gecko) yuntianyuan_pc/1.0.0 Chrome/53.0.2785.143 Electron/1.4.13 Safari/537.36"
[2017-01-06 10:11:15.686] [INFO] console - ::1 - - "GET /api/pc/excellent HTTP/1.1" 304 - "" "Mozilla/5.0 (Macintosh; Intel Mac OS X 10_12_2) AppleWebKit/537.36 (KHTML, like Gecko) yuntianyuan_pc/1.0.0 Chrome/53.0.2785.143 Electron/1.4.13 Safari/537.36"
[2017-01-06 10:11:15.701] [INFO] console - ::1 - - "GET /api/pc/excellent HTTP/1.1" 304 - "" "Mozilla/5.0 (Macintosh; Intel Mac OS X 10_12_2) AppleWebKit/537.36 (KHTML, like Gecko) yuntianyuan_pc/1.0.0 Chrome/53.0.2785.143 Electron/1.4.13 Safari/537.36"
[2017-01-06 10:11:15.737] [INFO] console - ::1 - - "GET /api/pc/excellent HTTP/1.1" 304 - "" "Mozilla/5.0 (Macintosh; Intel Mac OS X 10_12_2) AppleWebKit/537.36 (KHTML, like Gecko) yuntianyuan_pc/1.0.0 Chrome/53.0.2785.143 Electron/1.4.13 Safari/537.36"
[2017-01-06 10:11:15.753] [INFO] console - ::1 - - "GET /api/pc/excellent HTTP/1.1" 304 - "" "Mozilla/5.0 (Macintosh; Intel Mac OS X 10_12_2) AppleWebKit/537.36 (KHTML, like Gecko) yuntianyuan_pc/1.0.0 Chrome/53.0.2785.143 Electron/1.4.13 Safari/537.36"
[2017-01-06 10:11:17.304] [INFO] console - ::1 - - "GET /api/pc/excellent HTTP/1.1" 304 - "" "Mozilla/5.0 (Macintosh; Intel Mac OS X 10_12_2) AppleWebKit/537.36 (KHTML, like Gecko) yuntianyuan_pc/1.0.0 Chrome/53.0.2785.143 Electron/1.4.13 Safari/537.36"
[2017-01-06 10:11:17.318] [INFO] console - ::1 - - "GET /api/pc/excellent HTTP/1.1" 304 - "" "Mozilla/5.0 (Macintosh; Intel Mac OS X 10_12_2) AppleWebKit/537.36 (KHTML, like Gecko) yuntianyuan_pc/1.0.0 Chrome/53.0.2785.143 Electron/1.4.13 Safari/537.36"
[2017-01-06 10:11:17.340] [INFO] console - ::1 - - "GET /api/pc/excellent HTTP/1.1" 304 - "" "Mozilla/5.0 (Macintosh; Intel Mac OS X 10_12_2) AppleWebKit/537.36 (KHTML, like Gecko) yuntianyuan_pc/1.0.0 Chrome/53.0.2785.143 Electron/1.4.13 Safari/537.36"
[2017-01-06 10:11:17.354] [INFO] console - ::1 - - "GET /api/pc/excellent HTTP/1.1" 304 - "" "Mozilla/5.0 (Macintosh; Intel Mac OS X 10_12_2) AppleWebKit/537.36 (KHTML, like Gecko) yuntianyuan_pc/1.0.0 Chrome/53.0.2785.143 Electron/1.4.13 Safari/537.36"
[2017-01-06 10:11:17.368] [INFO] console - ::1 - - "GET /api/pc/excellent HTTP/1.1" 304 - "" "Mozilla/5.0 (Macintosh; Intel Mac OS X 10_12_2) AppleWebKit/537.36 (KHTML, like Gecko) yuntianyuan_pc/1.0.0 Chrome/53.0.2785.143 Electron/1.4.13 Safari/537.36"
[2017-01-06 10:11:17.386] [INFO] console - ::1 - - "GET /api/pc/excellent HTTP/1.1" 304 - "" "Mozilla/5.0 (Macintosh; Intel Mac OS X 10_12_2) AppleWebKit/537.36 (KHTML, like Gecko) yuntianyuan_pc/1.0.0 Chrome/53.0.2785.143 Electron/1.4.13 Safari/537.36"
[2017-01-06 10:12:11.237] [INFO] console - ::1 - - "GET /api/pc/diagnostic-records HTTP/1.1" 304 - "" "Mozilla/5.0 (Macintosh; Intel Mac OS X 10_12_2) AppleWebKit/537.36 (KHTML, like Gecko) yuntianyuan_pc/1.0.0 Chrome/53.0.2785.143 Electron/1.4.13 Safari/537.36"
[2017-01-06 10:16:57.548] [INFO] console - ::1 - - "GET /api/pc/excellent HTTP/1.1" 304 - "" "Mozilla/5.0 (Macintosh; Intel Mac OS X 10_12_2) AppleWebKit/537.36 (KHTML, like Gecko) yuntianyuan_pc/1.0.0 Chrome/53.0.2785.143 Electron/1.4.13 Safari/537.36"
[2017-01-06 10:17:15.050] [INFO] console - ::1 - - "GET /api/pc/diagnostic-records HTTP/1.1" 304 - "" "Mozilla/5.0 (Macintosh; Intel Mac OS X 10_12_2) AppleWebKit/537.36 (KHTML, like Gecko) yuntianyuan_pc/1.0.0 Chrome/53.0.2785.143 Electron/1.4.13 Safari/537.36"
[2017-01-06 10:18:16.422] [INFO] console - ::1 - - "POST /api/pc/user_tokens HTTP/1.1" 200 54 "" "Mozilla/5.0 (Macintosh; Intel Mac OS X 10_12_2) AppleWebKit/537.36 (KHTML, like Gecko) yuntianyuan_pc/1.0.0 Chrome/53.0.2785.143 Electron/1.4.13 Safari/537.36"
[2017-01-06 10:19:09.436] [INFO] console - ::1 - - "POST /api/pc/user_tokens HTTP/1.1" 200 54 "" "Mozilla/5.0 (Macintosh; Intel Mac OS X 10_12_2) AppleWebKit/537.36 (KHTML, like Gecko) yuntianyuan_pc/1.0.0 Chrome/53.0.2785.143 Electron/1.4.13 Safari/537.36"
[2017-01-06 10:20:22.010] [INFO] console - ::1 - - "POST /api/pc/user_tokens HTTP/1.1" 200 54 "" "Mozilla/5.0 (Macintosh; Intel Mac OS X 10_12_2) AppleWebKit/537.36 (KHTML, like Gecko) yuntianyuan_pc/1.0.0 Chrome/53.0.2785.143 Electron/1.4.13 Safari/537.36"
[2017-01-06 10:20:43.022] [INFO] console - ::1 - - "POST /api/pc/user_tokens HTTP/1.1" 200 54 "" "Mozilla/5.0 (Macintosh; Intel Mac OS X 10_12_2) AppleWebKit/537.36 (KHTML, like Gecko) yuntianyuan_pc/1.0.0 Chrome/53.0.2785.143 Electron/1.4.13 Safari/537.36"
[2017-01-06 10:57:12.784] [INFO] console - ::1 - - "POST /api/pc/user_tokens HTTP/1.1" 200 54 "" "Mozilla/5.0 (Macintosh; Intel Mac OS X 10_12_2) AppleWebKit/537.36 (KHTML, like Gecko) yuntianyuan_pc/1.0.0 Chrome/53.0.2785.143 Electron/1.4.13 Safari/537.36"
[2017-01-06 10:57:38.896] [DEBUG] console - 日志系统启动!
[2017-01-06 10:57:38.958] [INFO] console - 开发环境模式
[2017-01-06 10:57:39.239] [DEBUG] console - 加载权限管理模块!
[2017-01-06 10:57:39.345] [DEBUG] console - 已加载问诊模块
[2017-01-06 10:57:39.347] [DEBUG] console - 已加载问诊模块
[2017-01-06 10:57:39.648] [INFO] console - Listening on port 8029
[2017-01-06 10:57:39.650] [INFO] console - Redis is ready
[2017-01-06 10:57:39.664] [INFO] console - Connection success!
[2017-01-06 10:57:39.673] [INFO] console - mongodb is connected
[2017-01-06 10:57:55.793] [INFO] console - ::1 - - "POST /api/pc/user_tokens HTTP/1.1" 200 54 "" "Mozilla/5.0 (Macintosh; Intel Mac OS X 10_12_2) AppleWebKit/537.36 (KHTML, like Gecko) yuntianyuan_pc/1.0.0 Chrome/53.0.2785.143 Electron/1.4.13 Safari/537.36"
[2017-01-06 10:59:13.962] [INFO] console - ::1 - - "GET /api/pc/diagnostic-records HTTP/1.1" 304 - "" "Mozilla/5.0 (Macintosh; Intel Mac OS X 10_12_2) AppleWebKit/537.36 (KHTML, like Gecko) yuntianyuan_pc/1.0.0 Chrome/53.0.2785.143 Electron/1.4.13 Safari/537.36"
