[2017-03-26 12:37:17.066] [DEBUG] console - 日志系统启动!
[2017-03-26 12:37:17.124] [INFO] console - 开发环境模式
[2017-03-26 12:37:17.407] [DEBUG] console - 加载权限管理模块!
[2017-03-26 12:37:17.683] [DEBUG] console - 已加载问诊模块
[2017-03-26 12:37:17.685] [DEBUG] console - 已加载问诊模块
[2017-03-26 12:37:17.688] [ERROR] console - router[post](/api/pc/diagnostic-records, authority:200000, api/diagnosticRecord/controller[create]);
[2017-03-26 12:37:17.689] [ERROR] console - { Error: Cannot find module 'shortid'
    at Function.Module._resolveFilename (module.js:470:15)
    at Function.Module._load (module.js:418:25)
    at Module.require (module.js:498:17)
    at require (internal/module.js:20:19)
    at Object.<anonymous> (/Users/achar/Projects/yuntianyuan_Projects/yuntianyuan_api/api/diagnosticRecord/model.js:7:15)
    at Module._compile (module.js:571:32)
    at Object.Module._extensions..js (module.js:580:10)
    at Module.load (module.js:488:32)
    at tryModuleLoad (module.js:447:12)
    at Function.Module._load (module.js:439:3)
    at Module.require (module.js:498:17)
    at require (internal/module.js:20:19)
    at Object.<anonymous> (/Users/achar/Projects/yuntianyuan_Projects/yuntianyuan_api/api/diagnosticRecord/controller.js:4:24)
    at Module._compile (module.js:571:32)
    at Object.Module._extensions..js (module.js:580:10)
    at Module.load (module.js:488:32)
    at tryModuleLoad (module.js:447:12)
    at Function.Module._load (module.js:439:3)
    at Module.require (module.js:498:17)
    at require (internal/module.js:20:19)
    at /Users/achar/Projects/yuntianyuan_Projects/yuntianyuan_api/utils/config-route.js:38:26
    at Array.forEach (native)
    at module.exports (/Users/achar/Projects/yuntianyuan_Projects/yuntianyuan_api/utils/config-route.js:30:14)
    at Object.<anonymous> (/Users/achar/Projects/yuntianyuan_Projects/yuntianyuan_api/app.js:71:32)
    at Module._compile (module.js:571:32)
    at Object.Module._extensions..js (module.js:580:10)
    at Module.load (module.js:488:32)
    at tryModuleLoad (module.js:447:12) code: 'MODULE_NOT_FOUND' }
[2017-03-26 12:37:17.701] [ERROR] console - router[get](/api/report-template/:id, authority:null, api/diagnosticRecord/controller[detailHtml]);
[2017-03-26 12:37:17.701] [ERROR] console - { Error: Cannot find module 'shortid'
    at Function.Module._resolveFilename (module.js:470:15)
    at Function.Module._load (module.js:418:25)
    at Module.require (module.js:498:17)
    at require (internal/module.js:20:19)
    at Object.<anonymous> (/Users/achar/Projects/yuntianyuan_Projects/yuntianyuan_api/api/diagnosticRecord/model.js:7:15)
    at Module._compile (module.js:571:32)
    at Object.Module._extensions..js (module.js:580:10)
    at Module.load (module.js:488:32)
    at tryModuleLoad (module.js:447:12)
    at Function.Module._load (module.js:439:3)
    at Module.require (module.js:498:17)
    at require (internal/module.js:20:19)
    at Object.<anonymous> (/Users/achar/Projects/yuntianyuan_Projects/yuntianyuan_api/api/diagnosticRecord/controller.js:4:24)
    at Module._compile (module.js:571:32)
    at Object.Module._extensions..js (module.js:580:10)
    at Module.load (module.js:488:32)
    at tryModuleLoad (module.js:447:12)
    at Function.Module._load (module.js:439:3)
    at Module.require (module.js:498:17)
    at require (internal/module.js:20:19)
    at /Users/achar/Projects/yuntianyuan_Projects/yuntianyuan_api/utils/config-route.js:38:26
    at Array.forEach (native)
    at module.exports (/Users/achar/Projects/yuntianyuan_Projects/yuntianyuan_api/utils/config-route.js:30:14)
    at Object.<anonymous> (/Users/achar/Projects/yuntianyuan_Projects/yuntianyuan_api/app.js:71:32)
    at Module._compile (module.js:571:32)
    at Object.Module._extensions..js (module.js:580:10)
    at Module.load (module.js:488:32)
    at tryModuleLoad (module.js:447:12) code: 'MODULE_NOT_FOUND' }
[2017-03-26 12:37:17.702] [ERROR] console - router[get](/api/diagnostic-records, authority:100901, api/diagnosticRecord/controller[list]);
[2017-03-26 12:37:17.702] [ERROR] console - { Error: Cannot find module 'shortid'
    at Function.Module._resolveFilename (module.js:470:15)
    at Function.Module._load (module.js:418:25)
    at Module.require (module.js:498:17)
    at require (internal/module.js:20:19)
    at Object.<anonymous> (/Users/achar/Projects/yuntianyuan_Projects/yuntianyuan_api/api/diagnosticRecord/model.js:7:15)
    at Module._compile (module.js:571:32)
    at Object.Module._extensions..js (module.js:580:10)
    at Module.load (module.js:488:32)
    at tryModuleLoad (module.js:447:12)
    at Function.Module._load (module.js:439:3)
    at Module.require (module.js:498:17)
    at require (internal/module.js:20:19)
    at Object.<anonymous> (/Users/achar/Projects/yuntianyuan_Projects/yuntianyuan_api/api/diagnosticRecord/controller.js:4:24)
    at Module._compile (module.js:571:32)
    at Object.Module._extensions..js (module.js:580:10)
    at Module.load (module.js:488:32)
    at tryModuleLoad (module.js:447:12)
    at Function.Module._load (module.js:439:3)
    at Module.require (module.js:498:17)
    at require (internal/module.js:20:19)
    at /Users/achar/Projects/yuntianyuan_Projects/yuntianyuan_api/utils/config-route.js:38:26
    at Array.forEach (native)
    at module.exports (/Users/achar/Projects/yuntianyuan_Projects/yuntianyuan_api/utils/config-route.js:30:14)
    at Object.<anonymous> (/Users/achar/Projects/yuntianyuan_Projects/yuntianyuan_api/app.js:71:32)
    at Module._compile (module.js:571:32)
    at Object.Module._extensions..js (module.js:580:10)
    at Module.load (module.js:488:32)
    at tryModuleLoad (module.js:447:12) code: 'MODULE_NOT_FOUND' }
[2017-03-26 12:37:17.704] [ERROR] console - router[get](/api/diagnostic-users, authority:100902, api/diagnosticRecord/controller[listUsers]);
[2017-03-26 12:37:17.704] [ERROR] console - { Error: Cannot find module 'shortid'
    at Function.Module._resolveFilename (module.js:470:15)
    at Function.Module._load (module.js:418:25)
    at Module.require (module.js:498:17)
    at require (internal/module.js:20:19)
    at Object.<anonymous> (/Users/achar/Projects/yuntianyuan_Projects/yuntianyuan_api/api/diagnosticRecord/model.js:7:15)
    at Module._compile (module.js:571:32)
    at Object.Module._extensions..js (module.js:580:10)
    at Module.load (module.js:488:32)
    at tryModuleLoad (module.js:447:12)
    at Function.Module._load (module.js:439:3)
    at Module.require (module.js:498:17)
    at require (internal/module.js:20:19)
    at Object.<anonymous> (/Users/achar/Projects/yuntianyuan_Projects/yuntianyuan_api/api/diagnosticRecord/controller.js:4:24)
    at Module._compile (module.js:571:32)
    at Object.Module._extensions..js (module.js:580:10)
    at Module.load (module.js:488:32)
    at tryModuleLoad (module.js:447:12)
    at Function.Module._load (module.js:439:3)
    at Module.require (module.js:498:17)
    at require (internal/module.js:20:19)
    at /Users/achar/Projects/yuntianyuan_Projects/yuntianyuan_api/utils/config-route.js:38:26
    at Array.forEach (native)
    at module.exports (/Users/achar/Projects/yuntianyuan_Projects/yuntianyuan_api/utils/config-route.js:30:14)
    at Object.<anonymous> (/Users/achar/Projects/yuntianyuan_Projects/yuntianyuan_api/app.js:71:32)
    at Module._compile (module.js:571:32)
    at Object.Module._extensions..js (module.js:580:10)
    at Module.load (module.js:488:32)
    at tryModuleLoad (module.js:447:12) code: 'MODULE_NOT_FOUND' }
[2017-03-26 12:37:17.705] [ERROR] console - router[get](/api/pc/diagnostic-records/peoples, authority:null, api/diagnosticRecord/controller[listCount]);
[2017-03-26 12:37:17.705] [ERROR] console - { Error: Cannot find module 'shortid'
    at Function.Module._resolveFilename (module.js:470:15)
    at Function.Module._load (module.js:418:25)
    at Module.require (module.js:498:17)
    at require (internal/module.js:20:19)
    at Object.<anonymous> (/Users/achar/Projects/yuntianyuan_Projects/yuntianyuan_api/api/diagnosticRecord/model.js:7:15)
    at Module._compile (module.js:571:32)
    at Object.Module._extensions..js (module.js:580:10)
    at Module.load (module.js:488:32)
    at tryModuleLoad (module.js:447:12)
    at Function.Module._load (module.js:439:3)
    at Module.require (module.js:498:17)
    at require (internal/module.js:20:19)
    at Object.<anonymous> (/Users/achar/Projects/yuntianyuan_Projects/yuntianyuan_api/api/diagnosticRecord/controller.js:4:24)
    at Module._compile (module.js:571:32)
    at Object.Module._extensions..js (module.js:580:10)
    at Module.load (module.js:488:32)
    at tryModuleLoad (module.js:447:12)
    at Function.Module._load (module.js:439:3)
    at Module.require (module.js:498:17)
    at require (internal/module.js:20:19)
    at /Users/achar/Projects/yuntianyuan_Projects/yuntianyuan_api/utils/config-route.js:38:26
    at Array.forEach (native)
    at module.exports (/Users/achar/Projects/yuntianyuan_Projects/yuntianyuan_api/utils/config-route.js:30:14)
    at Object.<anonymous> (/Users/achar/Projects/yuntianyuan_Projects/yuntianyuan_api/app.js:71:32)
    at Module._compile (module.js:571:32)
    at Object.Module._extensions..js (module.js:580:10)
    at Module.load (module.js:488:32)
    at tryModuleLoad (module.js:447:12) code: 'MODULE_NOT_FOUND' }
[2017-03-26 12:37:17.706] [ERROR] console - router[patch](/api/pc/diagnostic-records/:id, authority:200000, api/diagnosticRecord/controller[update]);
[2017-03-26 12:37:17.706] [ERROR] console - { Error: Cannot find module 'shortid'
    at Function.Module._resolveFilename (module.js:470:15)
    at Function.Module._load (module.js:418:25)
    at Module.require (module.js:498:17)
    at require (internal/module.js:20:19)
    at Object.<anonymous> (/Users/achar/Projects/yuntianyuan_Projects/yuntianyuan_api/api/diagnosticRecord/model.js:7:15)
    at Module._compile (module.js:571:32)
    at Object.Module._extensions..js (module.js:580:10)
    at Module.load (module.js:488:32)
    at tryModuleLoad (module.js:447:12)
    at Function.Module._load (module.js:439:3)
    at Module.require (module.js:498:17)
    at require (internal/module.js:20:19)
    at Object.<anonymous> (/Users/achar/Projects/yuntianyuan_Projects/yuntianyuan_api/api/diagnosticRecord/controller.js:4:24)
    at Module._compile (module.js:571:32)
    at Object.Module._extensions..js (module.js:580:10)
    at Module.load (module.js:488:32)
    at tryModuleLoad (module.js:447:12)
    at Function.Module._load (module.js:439:3)
    at Module.require (module.js:498:17)
    at require (internal/module.js:20:19)
    at /Users/achar/Projects/yuntianyuan_Projects/yuntianyuan_api/utils/config-route.js:38:26
    at Array.forEach (native)
    at module.exports (/Users/achar/Projects/yuntianyuan_Projects/yuntianyuan_api/utils/config-route.js:30:14)
    at Object.<anonymous> (/Users/achar/Projects/yuntianyuan_Projects/yuntianyuan_api/app.js:71:32)
    at Module._compile (module.js:571:32)
    at Object.Module._extensions..js (module.js:580:10)
    at Module.load (module.js:488:32)
    at tryModuleLoad (module.js:447:12) code: 'MODULE_NOT_FOUND' }
[2017-03-26 12:37:17.707] [ERROR] console - router[get](/api/pc/diagnostic-records, authority:200000, api/diagnosticRecord/controller[pcList]);
[2017-03-26 12:37:17.707] [ERROR] console - { Error: Cannot find module 'shortid'
    at Function.Module._resolveFilename (module.js:470:15)
    at Function.Module._load (module.js:418:25)
    at Module.require (module.js:498:17)
    at require (internal/module.js:20:19)
    at Object.<anonymous> (/Users/achar/Projects/yuntianyuan_Projects/yuntianyuan_api/api/diagnosticRecord/model.js:7:15)
    at Module._compile (module.js:571:32)
    at Object.Module._extensions..js (module.js:580:10)
    at Module.load (module.js:488:32)
    at tryModuleLoad (module.js:447:12)
    at Function.Module._load (module.js:439:3)
    at Module.require (module.js:498:17)
    at require (internal/module.js:20:19)
    at Object.<anonymous> (/Users/achar/Projects/yuntianyuan_Projects/yuntianyuan_api/api/diagnosticRecord/controller.js:4:24)
    at Module._compile (module.js:571:32)
    at Object.Module._extensions..js (module.js:580:10)
    at Module.load (module.js:488:32)
    at tryModuleLoad (module.js:447:12)
    at Function.Module._load (module.js:439:3)
    at Module.require (module.js:498:17)
    at require (internal/module.js:20:19)
    at /Users/achar/Projects/yuntianyuan_Projects/yuntianyuan_api/utils/config-route.js:38:26
    at Array.forEach (native)
    at module.exports (/Users/achar/Projects/yuntianyuan_Projects/yuntianyuan_api/utils/config-route.js:30:14)
    at Object.<anonymous> (/Users/achar/Projects/yuntianyuan_Projects/yuntianyuan_api/app.js:71:32)
    at Module._compile (module.js:571:32)
    at Object.Module._extensions..js (module.js:580:10)
    at Module.load (module.js:488:32)
    at tryModuleLoad (module.js:447:12) code: 'MODULE_NOT_FOUND' }
[2017-03-26 12:37:17.709] [ERROR] console - router[get](/api/pc/diagnostic-records/:id, authority:200000, api/diagnosticRecord/controller[pcDetail]);
[2017-03-26 12:37:17.709] [ERROR] console - { Error: Cannot find module 'shortid'
    at Function.Module._resolveFilename (module.js:470:15)
    at Function.Module._load (module.js:418:25)
    at Module.require (module.js:498:17)
    at require (internal/module.js:20:19)
    at Object.<anonymous> (/Users/achar/Projects/yuntianyuan_Projects/yuntianyuan_api/api/diagnosticRecord/model.js:7:15)
    at Module._compile (module.js:571:32)
    at Object.Module._extensions..js (module.js:580:10)
    at Module.load (module.js:488:32)
    at tryModuleLoad (module.js:447:12)
    at Function.Module._load (module.js:439:3)
    at Module.require (module.js:498:17)
    at require (internal/module.js:20:19)
    at Object.<anonymous> (/Users/achar/Projects/yuntianyuan_Projects/yuntianyuan_api/api/diagnosticRecord/controller.js:4:24)
    at Module._compile (module.js:571:32)
    at Object.Module._extensions..js (module.js:580:10)
    at Module.load (module.js:488:32)
    at tryModuleLoad (module.js:447:12)
    at Function.Module._load (module.js:439:3)
    at Module.require (module.js:498:17)
    at require (internal/module.js:20:19)
    at /Users/achar/Projects/yuntianyuan_Projects/yuntianyuan_api/utils/config-route.js:38:26
    at Array.forEach (native)
    at module.exports (/Users/achar/Projects/yuntianyuan_Projects/yuntianyuan_api/utils/config-route.js:30:14)
    at Object.<anonymous> (/Users/achar/Projects/yuntianyuan_Projects/yuntianyuan_api/app.js:71:32)
    at Module._compile (module.js:571:32)
    at Object.Module._extensions..js (module.js:580:10)
    at Module.load (module.js:488:32)
    at tryModuleLoad (module.js:447:12) code: 'MODULE_NOT_FOUND' }
[2017-03-26 12:37:17.711] [ERROR] console - router[get](/api/diagnostic-records/:id, authority:null, api/diagnosticRecord/controller[detailH]);
[2017-03-26 12:37:17.711] [ERROR] console - { Error: Cannot find module 'shortid'
    at Function.Module._resolveFilename (module.js:470:15)
    at Function.Module._load (module.js:418:25)
    at Module.require (module.js:498:17)
    at require (internal/module.js:20:19)
    at Object.<anonymous> (/Users/achar/Projects/yuntianyuan_Projects/yuntianyuan_api/api/diagnosticRecord/model.js:7:15)
    at Module._compile (module.js:571:32)
    at Object.Module._extensions..js (module.js:580:10)
    at Module.load (module.js:488:32)
    at tryModuleLoad (module.js:447:12)
    at Function.Module._load (module.js:439:3)
    at Module.require (module.js:498:17)
    at require (internal/module.js:20:19)
    at Object.<anonymous> (/Users/achar/Projects/yuntianyuan_Projects/yuntianyuan_api/api/diagnosticRecord/controller.js:4:24)
    at Module._compile (module.js:571:32)
    at Object.Module._extensions..js (module.js:580:10)
    at Module.load (module.js:488:32)
    at tryModuleLoad (module.js:447:12)
    at Function.Module._load (module.js:439:3)
    at Module.require (module.js:498:17)
    at require (internal/module.js:20:19)
    at /Users/achar/Projects/yuntianyuan_Projects/yuntianyuan_api/utils/config-route.js:38:26
    at Array.forEach (native)
    at module.exports (/Users/achar/Projects/yuntianyuan_Projects/yuntianyuan_api/utils/config-route.js:30:14)
    at Object.<anonymous> (/Users/achar/Projects/yuntianyuan_Projects/yuntianyuan_api/app.js:71:32)
    at Module._compile (module.js:571:32)
    at Object.Module._extensions..js (module.js:580:10)
    at Module.load (module.js:488:32)
    at tryModuleLoad (module.js:447:12) code: 'MODULE_NOT_FOUND' }
[2017-03-26 12:37:17.712] [ERROR] console - router[get](/api/pc/diagnostic-records/comparison/:ids, authority:200000, api/diagnosticRecord/controller[compare]);
[2017-03-26 12:37:17.712] [ERROR] console - { Error: Cannot find module 'shortid'
    at Function.Module._resolveFilename (module.js:470:15)
    at Function.Module._load (module.js:418:25)
    at Module.require (module.js:498:17)
    at require (internal/module.js:20:19)
    at Object.<anonymous> (/Users/achar/Projects/yuntianyuan_Projects/yuntianyuan_api/api/diagnosticRecord/model.js:7:15)
    at Module._compile (module.js:571:32)
    at Object.Module._extensions..js (module.js:580:10)
    at Module.load (module.js:488:32)
    at tryModuleLoad (module.js:447:12)
    at Function.Module._load (module.js:439:3)
    at Module.require (module.js:498:17)
    at require (internal/module.js:20:19)
    at Object.<anonymous> (/Users/achar/Projects/yuntianyuan_Projects/yuntianyuan_api/api/diagnosticRecord/controller.js:4:24)
    at Module._compile (module.js:571:32)
    at Object.Module._extensions..js (module.js:580:10)
    at Module.load (module.js:488:32)
    at tryModuleLoad (module.js:447:12)
    at Function.Module._load (module.js:439:3)
    at Module.require (module.js:498:17)
    at require (internal/module.js:20:19)
    at /Users/achar/Projects/yuntianyuan_Projects/yuntianyuan_api/utils/config-route.js:38:26
    at Array.forEach (native)
    at module.exports (/Users/achar/Projects/yuntianyuan_Projects/yuntianyuan_api/utils/config-route.js:30:14)
    at Object.<anonymous> (/Users/achar/Projects/yuntianyuan_Projects/yuntianyuan_api/app.js:71:32)
    at Module._compile (module.js:571:32)
    at Object.Module._extensions..js (module.js:580:10)
    at Module.load (module.js:488:32)
    at tryModuleLoad (module.js:447:12) code: 'MODULE_NOT_FOUND' }
[2017-03-26 12:37:17.713] [ERROR] console - router[get](/api/pc/diagnostic-records/output/:id, authority:200000, api/diagnosticRecord/controller[print]);
[2017-03-26 12:37:17.714] [ERROR] console - { Error: Cannot find module 'shortid'
    at Function.Module._resolveFilename (module.js:470:15)
    at Function.Module._load (module.js:418:25)
    at Module.require (module.js:498:17)
    at require (internal/module.js:20:19)
    at Object.<anonymous> (/Users/achar/Projects/yuntianyuan_Projects/yuntianyuan_api/api/diagnosticRecord/model.js:7:15)
    at Module._compile (module.js:571:32)
    at Object.Module._extensions..js (module.js:580:10)
    at Module.load (module.js:488:32)
    at tryModuleLoad (module.js:447:12)
    at Function.Module._load (module.js:439:3)
    at Module.require (module.js:498:17)
    at require (internal/module.js:20:19)
    at Object.<anonymous> (/Users/achar/Projects/yuntianyuan_Projects/yuntianyuan_api/api/diagnosticRecord/controller.js:4:24)
    at Module._compile (module.js:571:32)
    at Object.Module._extensions..js (module.js:580:10)
    at Module.load (module.js:488:32)
    at tryModuleLoad (module.js:447:12)
    at Function.Module._load (module.js:439:3)
    at Module.require (module.js:498:17)
    at require (internal/module.js:20:19)
    at /Users/achar/Projects/yuntianyuan_Projects/yuntianyuan_api/utils/config-route.js:38:26
    at Array.forEach (native)
    at module.exports (/Users/achar/Projects/yuntianyuan_Projects/yuntianyuan_api/utils/config-route.js:30:14)
    at Object.<anonymous> (/Users/achar/Projects/yuntianyuan_Projects/yuntianyuan_api/app.js:71:32)
    at Module._compile (module.js:571:32)
    at Object.Module._extensions..js (module.js:580:10)
    at Module.load (module.js:488:32)
    at tryModuleLoad (module.js:447:12) code: 'MODULE_NOT_FOUND' }
[2017-03-26 12:37:17.716] [ERROR] console - router[get](/api/app/diagnostic-records/peoples, authority:200000, api/diagnosticRecord/controller[appList]);
[2017-03-26 12:37:17.717] [ERROR] console - { Error: Cannot find module 'shortid'
    at Function.Module._resolveFilename (module.js:470:15)
    at Function.Module._load (module.js:418:25)
    at Module.require (module.js:498:17)
    at require (internal/module.js:20:19)
    at Object.<anonymous> (/Users/achar/Projects/yuntianyuan_Projects/yuntianyuan_api/api/diagnosticRecord/model.js:7:15)
    at Module._compile (module.js:571:32)
    at Object.Module._extensions..js (module.js:580:10)
    at Module.load (module.js:488:32)
    at tryModuleLoad (module.js:447:12)
    at Function.Module._load (module.js:439:3)
    at Module.require (module.js:498:17)
    at require (internal/module.js:20:19)
    at Object.<anonymous> (/Users/achar/Projects/yuntianyuan_Projects/yuntianyuan_api/api/diagnosticRecord/controller.js:4:24)
    at Module._compile (module.js:571:32)
    at Object.Module._extensions..js (module.js:580:10)
    at Module.load (module.js:488:32)
    at tryModuleLoad (module.js:447:12)
    at Function.Module._load (module.js:439:3)
    at Module.require (module.js:498:17)
    at require (internal/module.js:20:19)
    at /Users/achar/Projects/yuntianyuan_Projects/yuntianyuan_api/utils/config-route.js:38:26
    at Array.forEach (native)
    at module.exports (/Users/achar/Projects/yuntianyuan_Projects/yuntianyuan_api/utils/config-route.js:30:14)
    at Object.<anonymous> (/Users/achar/Projects/yuntianyuan_Projects/yuntianyuan_api/app.js:71:32)
    at Module._compile (module.js:571:32)
    at Object.Module._extensions..js (module.js:580:10)
    at Module.load (module.js:488:32)
    at tryModuleLoad (module.js:447:12) code: 'MODULE_NOT_FOUND' }
[2017-03-26 12:37:17.722] [ERROR] console - router[get](/api/app/diagnostic-records/:id, authority:200000, api/diagnosticRecord/controller[detail]);
[2017-03-26 12:37:17.722] [ERROR] console - { Error: Cannot find module 'shortid'
    at Function.Module._resolveFilename (module.js:470:15)
    at Function.Module._load (module.js:418:25)
    at Module.require (module.js:498:17)
    at require (internal/module.js:20:19)
    at Object.<anonymous> (/Users/achar/Projects/yuntianyuan_Projects/yuntianyuan_api/api/diagnosticRecord/model.js:7:15)
    at Module._compile (module.js:571:32)
    at Object.Module._extensions..js (module.js:580:10)
    at Module.load (module.js:488:32)
    at tryModuleLoad (module.js:447:12)
    at Function.Module._load (module.js:439:3)
    at Module.require (module.js:498:17)
    at require (internal/module.js:20:19)
    at Object.<anonymous> (/Users/achar/Projects/yuntianyuan_Projects/yuntianyuan_api/api/diagnosticRecord/controller.js:4:24)
    at Module._compile (module.js:571:32)
    at Object.Module._extensions..js (module.js:580:10)
    at Module.load (module.js:488:32)
    at tryModuleLoad (module.js:447:12)
    at Function.Module._load (module.js:439:3)
    at Module.require (module.js:498:17)
    at require (internal/module.js:20:19)
    at /Users/achar/Projects/yuntianyuan_Projects/yuntianyuan_api/utils/config-route.js:38:26
    at Array.forEach (native)
    at module.exports (/Users/achar/Projects/yuntianyuan_Projects/yuntianyuan_api/utils/config-route.js:30:14)
    at Object.<anonymous> (/Users/achar/Projects/yuntianyuan_Projects/yuntianyuan_api/app.js:71:32)
    at Module._compile (module.js:571:32)
    at Object.Module._extensions..js (module.js:580:10)
    at Module.load (module.js:488:32)
    at tryModuleLoad (module.js:447:12) code: 'MODULE_NOT_FOUND' }
[2017-03-26 12:37:17.724] [ERROR] console - router[get](/api/app/diagnostic-records/comparison/:ids, authority:200000, api/diagnosticRecord/controller[compare]);
[2017-03-26 12:37:17.724] [ERROR] console - { Error: Cannot find module 'shortid'
    at Function.Module._resolveFilename (module.js:470:15)
    at Function.Module._load (module.js:418:25)
    at Module.require (module.js:498:17)
    at require (internal/module.js:20:19)
    at Object.<anonymous> (/Users/achar/Projects/yuntianyuan_Projects/yuntianyuan_api/api/diagnosticRecord/model.js:7:15)
    at Module._compile (module.js:571:32)
    at Object.Module._extensions..js (module.js:580:10)
    at Module.load (module.js:488:32)
    at tryModuleLoad (module.js:447:12)
    at Function.Module._load (module.js:439:3)
    at Module.require (module.js:498:17)
    at require (internal/module.js:20:19)
    at Object.<anonymous> (/Users/achar/Projects/yuntianyuan_Projects/yuntianyuan_api/api/diagnosticRecord/controller.js:4:24)
    at Module._compile (module.js:571:32)
    at Object.Module._extensions..js (module.js:580:10)
    at Module.load (module.js:488:32)
    at tryModuleLoad (module.js:447:12)
    at Function.Module._load (module.js:439:3)
    at Module.require (module.js:498:17)
    at require (internal/module.js:20:19)
    at /Users/achar/Projects/yuntianyuan_Projects/yuntianyuan_api/utils/config-route.js:38:26
    at Array.forEach (native)
    at module.exports (/Users/achar/Projects/yuntianyuan_Projects/yuntianyuan_api/utils/config-route.js:30:14)
    at Object.<anonymous> (/Users/achar/Projects/yuntianyuan_Projects/yuntianyuan_api/app.js:71:32)
    at Module._compile (module.js:571:32)
    at Object.Module._extensions..js (module.js:580:10)
    at Module.load (module.js:488:32)
    at tryModuleLoad (module.js:447:12) code: 'MODULE_NOT_FOUND' }
[2017-03-26 12:37:17.726] [ERROR] console - router[patch](/api/app/diagnostic-records/:id, authority:200000, api/diagnosticRecord/controller[appUpdate]);
[2017-03-26 12:37:17.726] [ERROR] console - { Error: Cannot find module 'shortid'
    at Function.Module._resolveFilename (module.js:470:15)
    at Function.Module._load (module.js:418:25)
    at Module.require (module.js:498:17)
    at require (internal/module.js:20:19)
    at Object.<anonymous> (/Users/achar/Projects/yuntianyuan_Projects/yuntianyuan_api/api/diagnosticRecord/model.js:7:15)
    at Module._compile (module.js:571:32)
    at Object.Module._extensions..js (module.js:580:10)
    at Module.load (module.js:488:32)
    at tryModuleLoad (module.js:447:12)
    at Function.Module._load (module.js:439:3)
    at Module.require (module.js:498:17)
    at require (internal/module.js:20:19)
    at Object.<anonymous> (/Users/achar/Projects/yuntianyuan_Projects/yuntianyuan_api/api/diagnosticRecord/controller.js:4:24)
    at Module._compile (module.js:571:32)
    at Object.Module._extensions..js (module.js:580:10)
    at Module.load (module.js:488:32)
    at tryModuleLoad (module.js:447:12)
    at Function.Module._load (module.js:439:3)
    at Module.require (module.js:498:17)
    at require (internal/module.js:20:19)
    at /Users/achar/Projects/yuntianyuan_Projects/yuntianyuan_api/utils/config-route.js:38:26
    at Array.forEach (native)
    at module.exports (/Users/achar/Projects/yuntianyuan_Projects/yuntianyuan_api/utils/config-route.js:30:14)
    at Object.<anonymous> (/Users/achar/Projects/yuntianyuan_Projects/yuntianyuan_api/app.js:71:32)
    at Module._compile (module.js:571:32)
    at Object.Module._extensions..js (module.js:580:10)
    at Module.load (module.js:488:32)
    at tryModuleLoad (module.js:447:12) code: 'MODULE_NOT_FOUND' }
[2017-03-26 12:37:17.822] [INFO] console - 此文件夹已经存在
[2017-03-26 12:37:17.823] [INFO] console - uploads创建成功！
[2017-03-26 12:37:17.823] [INFO] console - avator创建成功！
[2017-03-26 12:37:17.828] [ERROR] console - router[get](/api/pc/diagnosiss, authority:200000, api/diagnosis/controller[find]);
[2017-03-26 12:37:17.828] [ERROR] console - { MongooseError: Schema hasn't been registered for model "DiagnosticRecord".
Use mongoose.model(name, schema)
    at Mongoose.model (/Users/achar/Projects/yuntianyuan_Projects/yuntianyuan_api/node_modules/mongoose/lib/index.js:362:13)
    at Object.<anonymous> (/Users/achar/Projects/yuntianyuan_Projects/yuntianyuan_api/api/diagnosis/controller.js:7:33)
    at Module._compile (module.js:571:32)
    at Object.Module._extensions..js (module.js:580:10)
    at Module.load (module.js:488:32)
    at tryModuleLoad (module.js:447:12)
    at Function.Module._load (module.js:439:3)
    at Module.require (module.js:498:17)
    at require (internal/module.js:20:19)
    at /Users/achar/Projects/yuntianyuan_Projects/yuntianyuan_api/utils/config-route.js:38:26
    at Array.forEach (native)
    at module.exports (/Users/achar/Projects/yuntianyuan_Projects/yuntianyuan_api/utils/config-route.js:30:14)
    at Object.<anonymous> (/Users/achar/Projects/yuntianyuan_Projects/yuntianyuan_api/app.js:71:32)
    at Module._compile (module.js:571:32)
    at Object.Module._extensions..js (module.js:580:10)
    at Module.load (module.js:488:32)
    at tryModuleLoad (module.js:447:12)
    at Function.Module._load (module.js:439:3)
    at Module.require (module.js:498:17)
    at require (internal/module.js:20:19)
    at Object.<anonymous> (/Users/achar/Projects/yuntianyuan_Projects/yuntianyuan_api/bin/www:7:11)
    at Module._compile (module.js:571:32)
    at Object.Module._extensions..js (module.js:580:10)
    at Module.load (module.js:488:32)
    at tryModuleLoad (module.js:447:12)
    at Function.Module._load (module.js:439:3)
    at Module.runMain (module.js:605:10)
    at run (bootstrap_node.js:420:7)
  message: 'Schema hasn\'t been registered for model "DiagnosticRecord".\nUse mongoose.model(name, schema)',
  name: 'MissingSchemaError' }
[2017-03-26 12:37:17.829] [ERROR] console - router[get](/api/app/diagnosiss, authority:200000, api/diagnosis/controller[find]);
[2017-03-26 12:37:17.829] [ERROR] console - { MongooseError: Schema hasn't been registered for model "DiagnosticRecord".
Use mongoose.model(name, schema)
    at Mongoose.model (/Users/achar/Projects/yuntianyuan_Projects/yuntianyuan_api/node_modules/mongoose/lib/index.js:362:13)
    at Object.<anonymous> (/Users/achar/Projects/yuntianyuan_Projects/yuntianyuan_api/api/diagnosis/controller.js:7:33)
    at Module._compile (module.js:571:32)
    at Object.Module._extensions..js (module.js:580:10)
    at Module.load (module.js:488:32)
    at tryModuleLoad (module.js:447:12)
    at Function.Module._load (module.js:439:3)
    at Module.require (module.js:498:17)
    at require (internal/module.js:20:19)
    at /Users/achar/Projects/yuntianyuan_Projects/yuntianyuan_api/utils/config-route.js:38:26
    at Array.forEach (native)
    at module.exports (/Users/achar/Projects/yuntianyuan_Projects/yuntianyuan_api/utils/config-route.js:30:14)
    at Object.<anonymous> (/Users/achar/Projects/yuntianyuan_Projects/yuntianyuan_api/app.js:71:32)
    at Module._compile (module.js:571:32)
    at Object.Module._extensions..js (module.js:580:10)
    at Module.load (module.js:488:32)
    at tryModuleLoad (module.js:447:12)
    at Function.Module._load (module.js:439:3)
    at Module.require (module.js:498:17)
    at require (internal/module.js:20:19)
    at Object.<anonymous> (/Users/achar/Projects/yuntianyuan_Projects/yuntianyuan_api/bin/www:7:11)
    at Module._compile (module.js:571:32)
    at Object.Module._extensions..js (module.js:580:10)
    at Module.load (module.js:488:32)
    at tryModuleLoad (module.js:447:12)
    at Function.Module._load (module.js:439:3)
    at Module.runMain (module.js:605:10)
    at run (bootstrap_node.js:420:7)
  message: 'Schema hasn\'t been registered for model "DiagnosticRecord".\nUse mongoose.model(name, schema)',
  name: 'MissingSchemaError' }
[2017-03-26 12:37:17.830] [ERROR] console - router[post](/api/pc/diagnosiss, authority:200000, api/diagnosis/controller[create]);
[2017-03-26 12:37:17.830] [ERROR] console - { MongooseError: Schema hasn't been registered for model "DiagnosticRecord".
Use mongoose.model(name, schema)
    at Mongoose.model (/Users/achar/Projects/yuntianyuan_Projects/yuntianyuan_api/node_modules/mongoose/lib/index.js:362:13)
    at Object.<anonymous> (/Users/achar/Projects/yuntianyuan_Projects/yuntianyuan_api/api/diagnosis/controller.js:7:33)
    at Module._compile (module.js:571:32)
    at Object.Module._extensions..js (module.js:580:10)
    at Module.load (module.js:488:32)
    at tryModuleLoad (module.js:447:12)
    at Function.Module._load (module.js:439:3)
    at Module.require (module.js:498:17)
    at require (internal/module.js:20:19)
    at /Users/achar/Projects/yuntianyuan_Projects/yuntianyuan_api/utils/config-route.js:38:26
    at Array.forEach (native)
    at module.exports (/Users/achar/Projects/yuntianyuan_Projects/yuntianyuan_api/utils/config-route.js:30:14)
    at Object.<anonymous> (/Users/achar/Projects/yuntianyuan_Projects/yuntianyuan_api/app.js:71:32)
    at Module._compile (module.js:571:32)
    at Object.Module._extensions..js (module.js:580:10)
    at Module.load (module.js:488:32)
    at tryModuleLoad (module.js:447:12)
    at Function.Module._load (module.js:439:3)
    at Module.require (module.js:498:17)
    at require (internal/module.js:20:19)
    at Object.<anonymous> (/Users/achar/Projects/yuntianyuan_Projects/yuntianyuan_api/bin/www:7:11)
    at Module._compile (module.js:571:32)
    at Object.Module._extensions..js (module.js:580:10)
    at Module.load (module.js:488:32)
    at tryModuleLoad (module.js:447:12)
    at Function.Module._load (module.js:439:3)
    at Module.runMain (module.js:605:10)
    at run (bootstrap_node.js:420:7)
  message: 'Schema hasn\'t been registered for model "DiagnosticRecord".\nUse mongoose.model(name, schema)',
  name: 'MissingSchemaError' }
[2017-03-26 12:37:17.831] [ERROR] console - router[post](/api/app/diagnosiss, authority:200000, api/diagnosis/controller[create]);
[2017-03-26 12:37:17.832] [ERROR] console - { MongooseError: Schema hasn't been registered for model "DiagnosticRecord".
Use mongoose.model(name, schema)
    at Mongoose.model (/Users/achar/Projects/yuntianyuan_Projects/yuntianyuan_api/node_modules/mongoose/lib/index.js:362:13)
    at Object.<anonymous> (/Users/achar/Projects/yuntianyuan_Projects/yuntianyuan_api/api/diagnosis/controller.js:7:33)
    at Module._compile (module.js:571:32)
    at Object.Module._extensions..js (module.js:580:10)
    at Module.load (module.js:488:32)
    at tryModuleLoad (module.js:447:12)
    at Function.Module._load (module.js:439:3)
    at Module.require (module.js:498:17)
    at require (internal/module.js:20:19)
    at /Users/achar/Projects/yuntianyuan_Projects/yuntianyuan_api/utils/config-route.js:38:26
    at Array.forEach (native)
    at module.exports (/Users/achar/Projects/yuntianyuan_Projects/yuntianyuan_api/utils/config-route.js:30:14)
    at Object.<anonymous> (/Users/achar/Projects/yuntianyuan_Projects/yuntianyuan_api/app.js:71:32)
    at Module._compile (module.js:571:32)
    at Object.Module._extensions..js (module.js:580:10)
    at Module.load (module.js:488:32)
    at tryModuleLoad (module.js:447:12)
    at Function.Module._load (module.js:439:3)
    at Module.require (module.js:498:17)
    at require (internal/module.js:20:19)
    at Object.<anonymous> (/Users/achar/Projects/yuntianyuan_Projects/yuntianyuan_api/bin/www:7:11)
    at Module._compile (module.js:571:32)
    at Object.Module._extensions..js (module.js:580:10)
    at Module.load (module.js:488:32)
    at tryModuleLoad (module.js:447:12)
    at Function.Module._load (module.js:439:3)
    at Module.runMain (module.js:605:10)
    at run (bootstrap_node.js:420:7)
  message: 'Schema hasn\'t been registered for model "DiagnosticRecord".\nUse mongoose.model(name, schema)',
  name: 'MissingSchemaError' }
[2017-03-26 12:37:17.833] [ERROR] console - router[get](/api/diagnosiss/:id, authority:null, api/diagnosis/controller[detail]);
[2017-03-26 12:37:17.833] [ERROR] console - { MongooseError: Schema hasn't been registered for model "DiagnosticRecord".
Use mongoose.model(name, schema)
    at Mongoose.model (/Users/achar/Projects/yuntianyuan_Projects/yuntianyuan_api/node_modules/mongoose/lib/index.js:362:13)
    at Object.<anonymous> (/Users/achar/Projects/yuntianyuan_Projects/yuntianyuan_api/api/diagnosis/controller.js:7:33)
    at Module._compile (module.js:571:32)
    at Object.Module._extensions..js (module.js:580:10)
    at Module.load (module.js:488:32)
    at tryModuleLoad (module.js:447:12)
    at Function.Module._load (module.js:439:3)
    at Module.require (module.js:498:17)
    at require (internal/module.js:20:19)
    at /Users/achar/Projects/yuntianyuan_Projects/yuntianyuan_api/utils/config-route.js:38:26
    at Array.forEach (native)
    at module.exports (/Users/achar/Projects/yuntianyuan_Projects/yuntianyuan_api/utils/config-route.js:30:14)
    at Object.<anonymous> (/Users/achar/Projects/yuntianyuan_Projects/yuntianyuan_api/app.js:71:32)
    at Module._compile (module.js:571:32)
    at Object.Module._extensions..js (module.js:580:10)
    at Module.load (module.js:488:32)
    at tryModuleLoad (module.js:447:12)
    at Function.Module._load (module.js:439:3)
    at Module.require (module.js:498:17)
    at require (internal/module.js:20:19)
    at Object.<anonymous> (/Users/achar/Projects/yuntianyuan_Projects/yuntianyuan_api/bin/www:7:11)
    at Module._compile (module.js:571:32)
    at Object.Module._extensions..js (module.js:580:10)
    at Module.load (module.js:488:32)
    at tryModuleLoad (module.js:447:12)
    at Function.Module._load (module.js:439:3)
    at Module.runMain (module.js:605:10)
    at run (bootstrap_node.js:420:7)
  message: 'Schema hasn\'t been registered for model "DiagnosticRecord".\nUse mongoose.model(name, schema)',
  name: 'MissingSchemaError' }
[2017-03-26 12:37:17.842] [ERROR] console - router[post](/api/pc/datas, authority:200000, api/data/controller[create]);
[2017-03-26 12:37:17.842] [ERROR] console - { Error: Cannot find module 'shortid'
    at Function.Module._resolveFilename (module.js:470:15)
    at Function.Module._load (module.js:418:25)
    at Module.require (module.js:498:17)
    at require (internal/module.js:20:19)
    at Object.<anonymous> (/Users/achar/Projects/yuntianyuan_Projects/yuntianyuan_api/api/diagnosticRecord/model.js:7:15)
    at Module._compile (module.js:571:32)
    at Object.Module._extensions..js (module.js:580:10)
    at Module.load (module.js:488:32)
    at tryModuleLoad (module.js:447:12)
    at Function.Module._load (module.js:439:3)
    at Module.require (module.js:498:17)
    at require (internal/module.js:20:19)
    at Object.<anonymous> (/Users/achar/Projects/yuntianyuan_Projects/yuntianyuan_api/api/data/controller.js:21:24)
    at Module._compile (module.js:571:32)
    at Object.Module._extensions..js (module.js:580:10)
    at Module.load (module.js:488:32)
    at tryModuleLoad (module.js:447:12)
    at Function.Module._load (module.js:439:3)
    at Module.require (module.js:498:17)
    at require (internal/module.js:20:19)
    at /Users/achar/Projects/yuntianyuan_Projects/yuntianyuan_api/utils/config-route.js:38:26
    at Array.forEach (native)
    at module.exports (/Users/achar/Projects/yuntianyuan_Projects/yuntianyuan_api/utils/config-route.js:30:14)
    at Object.<anonymous> (/Users/achar/Projects/yuntianyuan_Projects/yuntianyuan_api/app.js:71:32)
    at Module._compile (module.js:571:32)
    at Object.Module._extensions..js (module.js:580:10)
    at Module.load (module.js:488:32)
    at tryModuleLoad (module.js:447:12) code: 'MODULE_NOT_FOUND' }
[2017-03-26 12:37:17.843] [ERROR] console - router[get](/api/datas/:id, authority:101801, api/data/controller[detail]);
[2017-03-26 12:37:17.843] [ERROR] console - { Error: Cannot find module 'shortid'
    at Function.Module._resolveFilename (module.js:470:15)
    at Function.Module._load (module.js:418:25)
    at Module.require (module.js:498:17)
    at require (internal/module.js:20:19)
    at Object.<anonymous> (/Users/achar/Projects/yuntianyuan_Projects/yuntianyuan_api/api/diagnosticRecord/model.js:7:15)
    at Module._compile (module.js:571:32)
    at Object.Module._extensions..js (module.js:580:10)
    at Module.load (module.js:488:32)
    at tryModuleLoad (module.js:447:12)
    at Function.Module._load (module.js:439:3)
    at Module.require (module.js:498:17)
    at require (internal/module.js:20:19)
    at Object.<anonymous> (/Users/achar/Projects/yuntianyuan_Projects/yuntianyuan_api/api/data/controller.js:21:24)
    at Module._compile (module.js:571:32)
    at Object.Module._extensions..js (module.js:580:10)
    at Module.load (module.js:488:32)
    at tryModuleLoad (module.js:447:12)
    at Function.Module._load (module.js:439:3)
    at Module.require (module.js:498:17)
    at require (internal/module.js:20:19)
    at /Users/achar/Projects/yuntianyuan_Projects/yuntianyuan_api/utils/config-route.js:38:26
    at Array.forEach (native)
    at module.exports (/Users/achar/Projects/yuntianyuan_Projects/yuntianyuan_api/utils/config-route.js:30:14)
    at Object.<anonymous> (/Users/achar/Projects/yuntianyuan_Projects/yuntianyuan_api/app.js:71:32)
    at Module._compile (module.js:571:32)
    at Object.Module._extensions..js (module.js:580:10)
    at Module.load (module.js:488:32)
    at tryModuleLoad (module.js:447:12) code: 'MODULE_NOT_FOUND' }
[2017-03-26 12:37:17.844] [ERROR] console - router[post](/api/app/datas, authority:200000, api/data/controller[appCreate]);
[2017-03-26 12:37:17.844] [ERROR] console - { Error: Cannot find module 'shortid'
    at Function.Module._resolveFilename (module.js:470:15)
    at Function.Module._load (module.js:418:25)
    at Module.require (module.js:498:17)
    at require (internal/module.js:20:19)
    at Object.<anonymous> (/Users/achar/Projects/yuntianyuan_Projects/yuntianyuan_api/api/diagnosticRecord/model.js:7:15)
    at Module._compile (module.js:571:32)
    at Object.Module._extensions..js (module.js:580:10)
    at Module.load (module.js:488:32)
    at tryModuleLoad (module.js:447:12)
    at Function.Module._load (module.js:439:3)
    at Module.require (module.js:498:17)
    at require (internal/module.js:20:19)
    at Object.<anonymous> (/Users/achar/Projects/yuntianyuan_Projects/yuntianyuan_api/api/data/controller.js:21:24)
    at Module._compile (module.js:571:32)
    at Object.Module._extensions..js (module.js:580:10)
    at Module.load (module.js:488:32)
    at tryModuleLoad (module.js:447:12)
    at Function.Module._load (module.js:439:3)
    at Module.require (module.js:498:17)
    at require (internal/module.js:20:19)
    at /Users/achar/Projects/yuntianyuan_Projects/yuntianyuan_api/utils/config-route.js:38:26
    at Array.forEach (native)
    at module.exports (/Users/achar/Projects/yuntianyuan_Projects/yuntianyuan_api/utils/config-route.js:30:14)
    at Object.<anonymous> (/Users/achar/Projects/yuntianyuan_Projects/yuntianyuan_api/app.js:71:32)
    at Module._compile (module.js:571:32)
    at Object.Module._extensions..js (module.js:580:10)
    at Module.load (module.js:488:32)
    at tryModuleLoad (module.js:447:12) code: 'MODULE_NOT_FOUND' }
[2017-03-26 12:37:17.845] [ERROR] console - router[get](/api/pc/datas/:name, authority:200000, api/data/controller[queryByName]);
[2017-03-26 12:37:17.845] [ERROR] console - { Error: Cannot find module 'shortid'
    at Function.Module._resolveFilename (module.js:470:15)
    at Function.Module._load (module.js:418:25)
    at Module.require (module.js:498:17)
    at require (internal/module.js:20:19)
    at Object.<anonymous> (/Users/achar/Projects/yuntianyuan_Projects/yuntianyuan_api/api/diagnosticRecord/model.js:7:15)
    at Module._compile (module.js:571:32)
    at Object.Module._extensions..js (module.js:580:10)
    at Module.load (module.js:488:32)
    at tryModuleLoad (module.js:447:12)
    at Function.Module._load (module.js:439:3)
    at Module.require (module.js:498:17)
    at require (internal/module.js:20:19)
    at Object.<anonymous> (/Users/achar/Projects/yuntianyuan_Projects/yuntianyuan_api/api/data/controller.js:21:24)
    at Module._compile (module.js:571:32)
    at Object.Module._extensions..js (module.js:580:10)
    at Module.load (module.js:488:32)
    at tryModuleLoad (module.js:447:12)
    at Function.Module._load (module.js:439:3)
    at Module.require (module.js:498:17)
    at require (internal/module.js:20:19)
    at /Users/achar/Projects/yuntianyuan_Projects/yuntianyuan_api/utils/config-route.js:38:26
    at Array.forEach (native)
    at module.exports (/Users/achar/Projects/yuntianyuan_Projects/yuntianyuan_api/utils/config-route.js:30:14)
    at Object.<anonymous> (/Users/achar/Projects/yuntianyuan_Projects/yuntianyuan_api/app.js:71:32)
    at Module._compile (module.js:571:32)
    at Object.Module._extensions..js (module.js:580:10)
    at Module.load (module.js:488:32)
    at tryModuleLoad (module.js:447:12) code: 'MODULE_NOT_FOUND' }
[2017-03-26 12:37:17.846] [ERROR] console - router[post](/api/test/helloWorld, authority:200000, api/data/controller[helloWorld]);
[2017-03-26 12:37:17.847] [ERROR] console - { Error: Cannot find module 'shortid'
    at Function.Module._resolveFilename (module.js:470:15)
    at Function.Module._load (module.js:418:25)
    at Module.require (module.js:498:17)
    at require (internal/module.js:20:19)
    at Object.<anonymous> (/Users/achar/Projects/yuntianyuan_Projects/yuntianyuan_api/api/diagnosticRecord/model.js:7:15)
    at Module._compile (module.js:571:32)
    at Object.Module._extensions..js (module.js:580:10)
    at Module.load (module.js:488:32)
    at tryModuleLoad (module.js:447:12)
    at Function.Module._load (module.js:439:3)
    at Module.require (module.js:498:17)
    at require (internal/module.js:20:19)
    at Object.<anonymous> (/Users/achar/Projects/yuntianyuan_Projects/yuntianyuan_api/api/data/controller.js:21:24)
    at Module._compile (module.js:571:32)
    at Object.Module._extensions..js (module.js:580:10)
    at Module.load (module.js:488:32)
    at tryModuleLoad (module.js:447:12)
    at Function.Module._load (module.js:439:3)
    at Module.require (module.js:498:17)
    at require (internal/module.js:20:19)
    at /Users/achar/Projects/yuntianyuan_Projects/yuntianyuan_api/utils/config-route.js:38:26
    at Array.forEach (native)
    at module.exports (/Users/achar/Projects/yuntianyuan_Projects/yuntianyuan_api/utils/config-route.js:30:14)
    at Object.<anonymous> (/Users/achar/Projects/yuntianyuan_Projects/yuntianyuan_api/app.js:71:32)
    at Module._compile (module.js:571:32)
    at Object.Module._extensions..js (module.js:580:10)
    at Module.load (module.js:488:32)
    at tryModuleLoad (module.js:447:12) code: 'MODULE_NOT_FOUND' }
[2017-03-26 12:37:17.848] [ERROR] console - router[get](/api/pc/datas/sheet/:id, authority:200000, api/data/controller[pcDetail]);
[2017-03-26 12:37:17.848] [ERROR] console - { Error: Cannot find module 'shortid'
    at Function.Module._resolveFilename (module.js:470:15)
    at Function.Module._load (module.js:418:25)
    at Module.require (module.js:498:17)
    at require (internal/module.js:20:19)
    at Object.<anonymous> (/Users/achar/Projects/yuntianyuan_Projects/yuntianyuan_api/api/diagnosticRecord/model.js:7:15)
    at Module._compile (module.js:571:32)
    at Object.Module._extensions..js (module.js:580:10)
    at Module.load (module.js:488:32)
    at tryModuleLoad (module.js:447:12)
    at Function.Module._load (module.js:439:3)
    at Module.require (module.js:498:17)
    at require (internal/module.js:20:19)
    at Object.<anonymous> (/Users/achar/Projects/yuntianyuan_Projects/yuntianyuan_api/api/data/controller.js:21:24)
    at Module._compile (module.js:571:32)
    at Object.Module._extensions..js (module.js:580:10)
    at Module.load (module.js:488:32)
    at tryModuleLoad (module.js:447:12)
    at Function.Module._load (module.js:439:3)
    at Module.require (module.js:498:17)
    at require (internal/module.js:20:19)
    at /Users/achar/Projects/yuntianyuan_Projects/yuntianyuan_api/utils/config-route.js:38:26
    at Array.forEach (native)
    at module.exports (/Users/achar/Projects/yuntianyuan_Projects/yuntianyuan_api/utils/config-route.js:30:14)
    at Object.<anonymous> (/Users/achar/Projects/yuntianyuan_Projects/yuntianyuan_api/app.js:71:32)
    at Module._compile (module.js:571:32)
    at Object.Module._extensions..js (module.js:580:10)
    at Module.load (module.js:488:32)
    at tryModuleLoad (module.js:447:12) code: 'MODULE_NOT_FOUND' }
[2017-03-26 12:37:17.855] [ERROR] console - router[post](/api/excellents, authority:101901, api/excellent/controller[create]);
[2017-03-26 12:37:17.855] [ERROR] console - { Error: Cannot find module 'shortid'
    at Function.Module._resolveFilename (module.js:470:15)
    at Function.Module._load (module.js:418:25)
    at Module.require (module.js:498:17)
    at require (internal/module.js:20:19)
    at Object.<anonymous> (/Users/achar/Projects/yuntianyuan_Projects/yuntianyuan_api/api/diagnosticRecord/model.js:7:15)
    at Module._compile (module.js:571:32)
    at Object.Module._extensions..js (module.js:580:10)
    at Module.load (module.js:488:32)
    at tryModuleLoad (module.js:447:12)
    at Function.Module._load (module.js:439:3)
    at Module.require (module.js:498:17)
    at require (internal/module.js:20:19)
    at Object.<anonymous> (/Users/achar/Projects/yuntianyuan_Projects/yuntianyuan_api/api/excellent/controller.js:4:24)
    at Module._compile (module.js:571:32)
    at Object.Module._extensions..js (module.js:580:10)
    at Module.load (module.js:488:32)
    at tryModuleLoad (module.js:447:12)
    at Function.Module._load (module.js:439:3)
    at Module.require (module.js:498:17)
    at require (internal/module.js:20:19)
    at /Users/achar/Projects/yuntianyuan_Projects/yuntianyuan_api/utils/config-route.js:38:26
    at Array.forEach (native)
    at module.exports (/Users/achar/Projects/yuntianyuan_Projects/yuntianyuan_api/utils/config-route.js:30:14)
    at Object.<anonymous> (/Users/achar/Projects/yuntianyuan_Projects/yuntianyuan_api/app.js:71:32)
    at Module._compile (module.js:571:32)
    at Object.Module._extensions..js (module.js:580:10)
    at Module.load (module.js:488:32)
    at tryModuleLoad (module.js:447:12) code: 'MODULE_NOT_FOUND' }
[2017-03-26 12:37:17.856] [ERROR] console - router[get](/api/excellents, authority:101902, api/excellent/controller[list]);
[2017-03-26 12:37:17.863] [ERROR] console - { Error: Cannot find module 'shortid'
    at Function.Module._resolveFilename (module.js:470:15)
    at Function.Module._load (module.js:418:25)
    at Module.require (module.js:498:17)
    at require (internal/module.js:20:19)
    at Object.<anonymous> (/Users/achar/Projects/yuntianyuan_Projects/yuntianyuan_api/api/diagnosticRecord/model.js:7:15)
    at Module._compile (module.js:571:32)
    at Object.Module._extensions..js (module.js:580:10)
    at Module.load (module.js:488:32)
    at tryModuleLoad (module.js:447:12)
    at Function.Module._load (module.js:439:3)
    at Module.require (module.js:498:17)
    at require (internal/module.js:20:19)
    at Object.<anonymous> (/Users/achar/Projects/yuntianyuan_Projects/yuntianyuan_api/api/excellent/controller.js:4:24)
    at Module._compile (module.js:571:32)
    at Object.Module._extensions..js (module.js:580:10)
    at Module.load (module.js:488:32)
    at tryModuleLoad (module.js:447:12)
    at Function.Module._load (module.js:439:3)
    at Module.require (module.js:498:17)
    at require (internal/module.js:20:19)
    at /Users/achar/Projects/yuntianyuan_Projects/yuntianyuan_api/utils/config-route.js:38:26
    at Array.forEach (native)
    at module.exports (/Users/achar/Projects/yuntianyuan_Projects/yuntianyuan_api/utils/config-route.js:30:14)
    at Object.<anonymous> (/Users/achar/Projects/yuntianyuan_Projects/yuntianyuan_api/app.js:71:32)
    at Module._compile (module.js:571:32)
    at Object.Module._extensions..js (module.js:580:10)
    at Module.load (module.js:488:32)
    at tryModuleLoad (module.js:447:12) code: 'MODULE_NOT_FOUND' }
[2017-03-26 12:37:17.864] [ERROR] console - router[get](/api/excellents/:id, authority:101903, api/excellent/controller[detail]);
[2017-03-26 12:37:17.865] [ERROR] console - { Error: Cannot find module 'shortid'
    at Function.Module._resolveFilename (module.js:470:15)
    at Function.Module._load (module.js:418:25)
    at Module.require (module.js:498:17)
    at require (internal/module.js:20:19)
    at Object.<anonymous> (/Users/achar/Projects/yuntianyuan_Projects/yuntianyuan_api/api/diagnosticRecord/model.js:7:15)
    at Module._compile (module.js:571:32)
    at Object.Module._extensions..js (module.js:580:10)
    at Module.load (module.js:488:32)
    at tryModuleLoad (module.js:447:12)
    at Function.Module._load (module.js:439:3)
    at Module.require (module.js:498:17)
    at require (internal/module.js:20:19)
    at Object.<anonymous> (/Users/achar/Projects/yuntianyuan_Projects/yuntianyuan_api/api/excellent/controller.js:4:24)
    at Module._compile (module.js:571:32)
    at Object.Module._extensions..js (module.js:580:10)
    at Module.load (module.js:488:32)
    at tryModuleLoad (module.js:447:12)
    at Function.Module._load (module.js:439:3)
    at Module.require (module.js:498:17)
    at require (internal/module.js:20:19)
    at /Users/achar/Projects/yuntianyuan_Projects/yuntianyuan_api/utils/config-route.js:38:26
    at Array.forEach (native)
    at module.exports (/Users/achar/Projects/yuntianyuan_Projects/yuntianyuan_api/utils/config-route.js:30:14)
    at Object.<anonymous> (/Users/achar/Projects/yuntianyuan_Projects/yuntianyuan_api/app.js:71:32)
    at Module._compile (module.js:571:32)
    at Object.Module._extensions..js (module.js:580:10)
    at Module.load (module.js:488:32)
    at tryModuleLoad (module.js:447:12) code: 'MODULE_NOT_FOUND' }
[2017-03-26 12:37:17.868] [ERROR] console - router[patch](/api/excellents/:id, authority:101904, api/excellent/controller[update]);
[2017-03-26 12:37:17.869] [ERROR] console - { Error: Cannot find module 'shortid'
    at Function.Module._resolveFilename (module.js:470:15)
    at Function.Module._load (module.js:418:25)
    at Module.require (module.js:498:17)
    at require (internal/module.js:20:19)
    at Object.<anonymous> (/Users/achar/Projects/yuntianyuan_Projects/yuntianyuan_api/api/diagnosticRecord/model.js:7:15)
    at Module._compile (module.js:571:32)
    at Object.Module._extensions..js (module.js:580:10)
    at Module.load (module.js:488:32)
    at tryModuleLoad (module.js:447:12)
    at Function.Module._load (module.js:439:3)
    at Module.require (module.js:498:17)
    at require (internal/module.js:20:19)
    at Object.<anonymous> (/Users/achar/Projects/yuntianyuan_Projects/yuntianyuan_api/api/excellent/controller.js:4:24)
    at Module._compile (module.js:571:32)
    at Object.Module._extensions..js (module.js:580:10)
    at Module.load (module.js:488:32)
    at tryModuleLoad (module.js:447:12)
    at Function.Module._load (module.js:439:3)
    at Module.require (module.js:498:17)
    at require (internal/module.js:20:19)
    at /Users/achar/Projects/yuntianyuan_Projects/yuntianyuan_api/utils/config-route.js:38:26
    at Array.forEach (native)
    at module.exports (/Users/achar/Projects/yuntianyuan_Projects/yuntianyuan_api/utils/config-route.js:30:14)
    at Object.<anonymous> (/Users/achar/Projects/yuntianyuan_Projects/yuntianyuan_api/app.js:71:32)
    at Module._compile (module.js:571:32)
    at Object.Module._extensions..js (module.js:580:10)
    at Module.load (module.js:488:32)
    at tryModuleLoad (module.js:447:12) code: 'MODULE_NOT_FOUND' }
[2017-03-26 12:37:17.870] [ERROR] console - router[delete](/api/excellents/:id, authority:101905, api/excellent/controller[delete]);
[2017-03-26 12:37:17.870] [ERROR] console - { Error: Cannot find module 'shortid'
    at Function.Module._resolveFilename (module.js:470:15)
    at Function.Module._load (module.js:418:25)
    at Module.require (module.js:498:17)
    at require (internal/module.js:20:19)
    at Object.<anonymous> (/Users/achar/Projects/yuntianyuan_Projects/yuntianyuan_api/api/diagnosticRecord/model.js:7:15)
    at Module._compile (module.js:571:32)
    at Object.Module._extensions..js (module.js:580:10)
    at Module.load (module.js:488:32)
    at tryModuleLoad (module.js:447:12)
    at Function.Module._load (module.js:439:3)
    at Module.require (module.js:498:17)
    at require (internal/module.js:20:19)
    at Object.<anonymous> (/Users/achar/Projects/yuntianyuan_Projects/yuntianyuan_api/api/excellent/controller.js:4:24)
    at Module._compile (module.js:571:32)
    at Object.Module._extensions..js (module.js:580:10)
    at Module.load (module.js:488:32)
    at tryModuleLoad (module.js:447:12)
    at Function.Module._load (module.js:439:3)
    at Module.require (module.js:498:17)
    at require (internal/module.js:20:19)
    at /Users/achar/Projects/yuntianyuan_Projects/yuntianyuan_api/utils/config-route.js:38:26
    at Array.forEach (native)
    at module.exports (/Users/achar/Projects/yuntianyuan_Projects/yuntianyuan_api/utils/config-route.js:30:14)
    at Object.<anonymous> (/Users/achar/Projects/yuntianyuan_Projects/yuntianyuan_api/app.js:71:32)
    at Module._compile (module.js:571:32)
    at Object.Module._extensions..js (module.js:580:10)
    at Module.load (module.js:488:32)
    at tryModuleLoad (module.js:447:12) code: 'MODULE_NOT_FOUND' }
[2017-03-26 12:37:17.871] [ERROR] console - router[delete](/api/batch/excellents/:ids, authority:101906, api/excellent/controller[batchDelete]);
[2017-03-26 12:37:17.871] [ERROR] console - { Error: Cannot find module 'shortid'
    at Function.Module._resolveFilename (module.js:470:15)
    at Function.Module._load (module.js:418:25)
    at Module.require (module.js:498:17)
    at require (internal/module.js:20:19)
    at Object.<anonymous> (/Users/achar/Projects/yuntianyuan_Projects/yuntianyuan_api/api/diagnosticRecord/model.js:7:15)
    at Module._compile (module.js:571:32)
    at Object.Module._extensions..js (module.js:580:10)
    at Module.load (module.js:488:32)
    at tryModuleLoad (module.js:447:12)
    at Function.Module._load (module.js:439:3)
    at Module.require (module.js:498:17)
    at require (internal/module.js:20:19)
    at Object.<anonymous> (/Users/achar/Projects/yuntianyuan_Projects/yuntianyuan_api/api/excellent/controller.js:4:24)
    at Module._compile (module.js:571:32)
    at Object.Module._extensions..js (module.js:580:10)
    at Module.load (module.js:488:32)
    at tryModuleLoad (module.js:447:12)
    at Function.Module._load (module.js:439:3)
    at Module.require (module.js:498:17)
    at require (internal/module.js:20:19)
    at /Users/achar/Projects/yuntianyuan_Projects/yuntianyuan_api/utils/config-route.js:38:26
    at Array.forEach (native)
    at module.exports (/Users/achar/Projects/yuntianyuan_Projects/yuntianyuan_api/utils/config-route.js:30:14)
    at Object.<anonymous> (/Users/achar/Projects/yuntianyuan_Projects/yuntianyuan_api/app.js:71:32)
    at Module._compile (module.js:571:32)
    at Object.Module._extensions..js (module.js:580:10)
    at Module.load (module.js:488:32)
    at tryModuleLoad (module.js:447:12) code: 'MODULE_NOT_FOUND' }
[2017-03-26 12:37:17.872] [ERROR] console - router[get](/api/pc/excellents, authority:200000, api/excellent/controller[list]);
[2017-03-26 12:37:17.872] [ERROR] console - { Error: Cannot find module 'shortid'
    at Function.Module._resolveFilename (module.js:470:15)
    at Function.Module._load (module.js:418:25)
    at Module.require (module.js:498:17)
    at require (internal/module.js:20:19)
    at Object.<anonymous> (/Users/achar/Projects/yuntianyuan_Projects/yuntianyuan_api/api/diagnosticRecord/model.js:7:15)
    at Module._compile (module.js:571:32)
    at Object.Module._extensions..js (module.js:580:10)
    at Module.load (module.js:488:32)
    at tryModuleLoad (module.js:447:12)
    at Function.Module._load (module.js:439:3)
    at Module.require (module.js:498:17)
    at require (internal/module.js:20:19)
    at Object.<anonymous> (/Users/achar/Projects/yuntianyuan_Projects/yuntianyuan_api/api/excellent/controller.js:4:24)
    at Module._compile (module.js:571:32)
    at Object.Module._extensions..js (module.js:580:10)
    at Module.load (module.js:488:32)
    at tryModuleLoad (module.js:447:12)
    at Function.Module._load (module.js:439:3)
    at Module.require (module.js:498:17)
    at require (internal/module.js:20:19)
    at /Users/achar/Projects/yuntianyuan_Projects/yuntianyuan_api/utils/config-route.js:38:26
    at Array.forEach (native)
    at module.exports (/Users/achar/Projects/yuntianyuan_Projects/yuntianyuan_api/utils/config-route.js:30:14)
    at Object.<anonymous> (/Users/achar/Projects/yuntianyuan_Projects/yuntianyuan_api/app.js:71:32)
    at Module._compile (module.js:571:32)
    at Object.Module._extensions..js (module.js:580:10)
    at Module.load (module.js:488:32)
    at tryModuleLoad (module.js:447:12) code: 'MODULE_NOT_FOUND' }
[2017-03-26 12:37:17.874] [ERROR] console - router[get](/api/pc/excellents/:id, authority:200000, api/excellent/controller[detail]);
[2017-03-26 12:37:17.874] [ERROR] console - { Error: Cannot find module 'shortid'
    at Function.Module._resolveFilename (module.js:470:15)
    at Function.Module._load (module.js:418:25)
    at Module.require (module.js:498:17)
    at require (internal/module.js:20:19)
    at Object.<anonymous> (/Users/achar/Projects/yuntianyuan_Projects/yuntianyuan_api/api/diagnosticRecord/model.js:7:15)
    at Module._compile (module.js:571:32)
    at Object.Module._extensions..js (module.js:580:10)
    at Module.load (module.js:488:32)
    at tryModuleLoad (module.js:447:12)
    at Function.Module._load (module.js:439:3)
    at Module.require (module.js:498:17)
    at require (internal/module.js:20:19)
    at Object.<anonymous> (/Users/achar/Projects/yuntianyuan_Projects/yuntianyuan_api/api/excellent/controller.js:4:24)
    at Module._compile (module.js:571:32)
    at Object.Module._extensions..js (module.js:580:10)
    at Module.load (module.js:488:32)
    at tryModuleLoad (module.js:447:12)
    at Function.Module._load (module.js:439:3)
    at Module.require (module.js:498:17)
    at require (internal/module.js:20:19)
    at /Users/achar/Projects/yuntianyuan_Projects/yuntianyuan_api/utils/config-route.js:38:26
    at Array.forEach (native)
    at module.exports (/Users/achar/Projects/yuntianyuan_Projects/yuntianyuan_api/utils/config-route.js:30:14)
    at Object.<anonymous> (/Users/achar/Projects/yuntianyuan_Projects/yuntianyuan_api/app.js:71:32)
    at Module._compile (module.js:571:32)
    at Object.Module._extensions..js (module.js:580:10)
    at Module.load (module.js:488:32)
    at tryModuleLoad (module.js:447:12) code: 'MODULE_NOT_FOUND' }
[2017-03-26 12:37:17.943] [ERROR] console - router[get](/r, authority:null, api/diagnosticRecord/controller[detailH]);
[2017-03-26 12:37:17.943] [ERROR] console - { Error: Cannot find module 'shortid'
    at Function.Module._resolveFilename (module.js:470:15)
    at Function.Module._load (module.js:418:25)
    at Module.require (module.js:498:17)
    at require (internal/module.js:20:19)
    at Object.<anonymous> (/Users/achar/Projects/yuntianyuan_Projects/yuntianyuan_api/api/diagnosticRecord/model.js:7:15)
    at Module._compile (module.js:571:32)
    at Object.Module._extensions..js (module.js:580:10)
    at Module.load (module.js:488:32)
    at tryModuleLoad (module.js:447:12)
    at Function.Module._load (module.js:439:3)
    at Module.require (module.js:498:17)
    at require (internal/module.js:20:19)
    at Object.<anonymous> (/Users/achar/Projects/yuntianyuan_Projects/yuntianyuan_api/api/diagnosticRecord/controller.js:4:24)
    at Module._compile (module.js:571:32)
    at Object.Module._extensions..js (module.js:580:10)
    at Module.load (module.js:488:32)
    at tryModuleLoad (module.js:447:12)
    at Function.Module._load (module.js:439:3)
    at Module.require (module.js:498:17)
    at require (internal/module.js:20:19)
    at /Users/achar/Projects/yuntianyuan_Projects/yuntianyuan_api/utils/config-route.js:38:26
    at Array.forEach (native)
    at module.exports (/Users/achar/Projects/yuntianyuan_Projects/yuntianyuan_api/utils/config-route.js:30:14)
    at Object.<anonymous> (/Users/achar/Projects/yuntianyuan_Projects/yuntianyuan_api/app.js:71:32)
    at Module._compile (module.js:571:32)
    at Object.Module._extensions..js (module.js:580:10)
    at Module.load (module.js:488:32)
    at tryModuleLoad (module.js:447:12) code: 'MODULE_NOT_FOUND' }
[2017-03-26 12:37:17.947] [INFO] console - 数据库:mongodb://localhost:27017/yuntianyuan_dev
[2017-03-26 12:37:17.961] [INFO] console - Listening on port 8029
[2017-03-26 12:37:17.966] [INFO] console - Error Error: Redis connection to localhost:6379 failed - connect ECONNREFUSED 127.0.0.1:6379
[2017-03-26 12:37:17.982] [INFO] console - Connection success!
[2017-03-26 12:37:18.007] [INFO] console - mongodb is connected
[2017-03-26 12:37:18.164] [ERROR] console - (node:43369) DeprecationWarning: crypto.pbkdf2 without specifying a digest is deprecated. Please specify a digest
[2017-03-26 12:37:18.181] [INFO] console - Error Error: Redis connection to localhost:6379 failed - connect ECONNREFUSED 127.0.0.1:6379
[2017-03-26 12:37:18.295] [INFO] console - init roles
[2017-03-26 12:37:18.296] [INFO] console - init roles
[2017-03-26 12:37:18.297] [INFO] console - init roles
[2017-03-26 12:37:18.297] [INFO] console - init device
[2017-03-26 12:37:18.349] [INFO] console - init default plan plan id:58a6bc3e6bc5897918d481ed
[2017-03-26 12:37:18.391] [INFO] console - init tech
[2017-03-26 12:37:18.392] [INFO] console - init admin
[2017-03-26 12:37:18.437] [INFO] console - [0] init Matching
[2017-03-26 12:37:18.524] [INFO] console - Error Error: Redis connection to localhost:6379 failed - connect ECONNREFUSED 127.0.0.1:6379
[2017-03-26 12:37:19.104] [INFO] console - Error Error: Redis connection to localhost:6379 failed - connect ECONNREFUSED 127.0.0.1:6379
[2017-03-26 12:37:20.091] [INFO] console - Error Error: Redis connection to localhost:6379 failed - connect ECONNREFUSED 127.0.0.1:6379
[2017-03-26 12:37:21.768] [INFO] console - Error Error: Redis connection to localhost:6379 failed - connect ECONNREFUSED 127.0.0.1:6379
[2017-03-26 12:37:24.615] [INFO] console - Error Error: Redis connection to localhost:6379 failed - connect ECONNREFUSED 127.0.0.1:6379
[2017-03-26 12:37:29.450] [INFO] console - Error Error: Redis connection to localhost:6379 failed - connect ECONNREFUSED 127.0.0.1:6379
[2017-03-26 12:37:37.668] [INFO] console - Error Error: Redis connection to localhost:6379 failed - connect ECONNREFUSED 127.0.0.1:6379
[2017-03-26 12:37:51.633] [INFO] console - Error Error: Redis connection to localhost:6379 failed - connect ECONNREFUSED 127.0.0.1:6379
[2017-03-26 12:38:15.368] [INFO] console - Error Error: Redis connection to localhost:6379 failed - connect ECONNREFUSED 127.0.0.1:6379
[2017-03-26 12:38:55.715] [INFO] console - Error Error: Redis connection to localhost:6379 failed - connect ECONNREFUSED 127.0.0.1:6379
[2017-03-26 12:40:04.301] [INFO] console - Error Error: Redis connection to localhost:6379 failed - connect ECONNREFUSED 127.0.0.1:6379
[2017-03-26 12:42:00.893] [INFO] console - Error Error: Redis connection to localhost:6379 failed - connect ECONNREFUSED 127.0.0.1:6379
