[2017-03-27 17:18:10.454] [DEBUG] console - 日志系统启动!
[2017-03-27 17:18:10.979] [INFO] console - 开发环境模式
[2017-03-27 17:18:20.212] [DEBUG] console - 加载权限管理模块!
[2017-03-27 17:18:31.187] [DEBUG] console - 已加载问诊模块
[2017-03-27 17:18:31.301] [DEBUG] console - 已加载问诊模块
[2017-03-27 17:18:35.738] [INFO] console - 此文件夹已经存在
[2017-03-27 17:18:35.740] [INFO] console - uploads创建成功！
[2017-03-27 17:18:35.740] [INFO] console - 此文件夹已经存在
[2017-03-27 17:18:35.740] [INFO] console - avator创建成功！
[2017-03-27 17:18:38.264] [ERROR] console - router[get](/api/app/shop, authority:null, api/shops/controller[list]);
[2017-03-27 17:18:38.265] [ERROR] console - { MongooseError: Cannot overwrite `Shop` model once compiled.
    at Mongoose.model (/Users/achar/Projects/my_Projects/yancaooa/server/node_modules/mongoose/lib/index.js:376:13)
    at Object.<anonymous> (/Users/achar/Projects/my_Projects/yancaooa/server/api/shops/model.js:28:28)
    at Module._compile (module.js:571:32)
    at Object.Module._extensions..js (module.js:580:10)
    at Module.load (module.js:488:32)
    at tryModuleLoad (module.js:447:12)
    at Function.Module._load (module.js:439:3)
    at Module.require (module.js:498:17)
    at require (internal/module.js:20:19)
    at Object.<anonymous> (/Users/achar/Projects/my_Projects/yancaooa/server/api/shops/controller.js:3:13)
    at Module._compile (module.js:571:32)
    at Object.Module._extensions..js (module.js:580:10)
    at Module.load (module.js:488:32)
    at tryModuleLoad (module.js:447:12)
    at Function.Module._load (module.js:439:3)
    at Module.require (module.js:498:17)
    at require (internal/module.js:20:19)
    at /Users/achar/Projects/my_Projects/yancaooa/server/utils/config-route.js:38:26
    at Array.forEach (native)
    at module.exports (/Users/achar/Projects/my_Projects/yancaooa/server/utils/config-route.js:30:14)
    at Object.<anonymous> (/Users/achar/Projects/my_Projects/yancaooa/server/app.js:71:32)
    at Module._compile (module.js:571:32)
    at Object.Module._extensions..js (module.js:580:10)
    at Module.load (module.js:488:32)
    at tryModuleLoad (module.js:447:12)
    at Function.Module._load (module.js:439:3)
    at Module.require (module.js:498:17)
    at require (internal/module.js:20:19)
  message: 'Cannot overwrite `Shop` model once compiled.',
  name: 'OverwriteModelError' }
[2017-03-27 17:18:38.405] [ERROR] console - router[post](/api/app/shop, authority:null, api/shops/controller[create]);
[2017-03-27 17:18:38.405] [ERROR] console - { MongooseError: Cannot overwrite `Shop` model once compiled.
    at Mongoose.model (/Users/achar/Projects/my_Projects/yancaooa/server/node_modules/mongoose/lib/index.js:376:13)
    at Object.<anonymous> (/Users/achar/Projects/my_Projects/yancaooa/server/api/shops/model.js:28:28)
    at Module._compile (module.js:571:32)
    at Object.Module._extensions..js (module.js:580:10)
    at Module.load (module.js:488:32)
    at tryModuleLoad (module.js:447:12)
    at Function.Module._load (module.js:439:3)
    at Module.require (module.js:498:17)
    at require (internal/module.js:20:19)
    at Object.<anonymous> (/Users/achar/Projects/my_Projects/yancaooa/server/api/shops/controller.js:3:13)
    at Module._compile (module.js:571:32)
    at Object.Module._extensions..js (module.js:580:10)
    at Module.load (module.js:488:32)
    at tryModuleLoad (module.js:447:12)
    at Function.Module._load (module.js:439:3)
    at Module.require (module.js:498:17)
    at require (internal/module.js:20:19)
    at /Users/achar/Projects/my_Projects/yancaooa/server/utils/config-route.js:38:26
    at Array.forEach (native)
    at module.exports (/Users/achar/Projects/my_Projects/yancaooa/server/utils/config-route.js:30:14)
    at Object.<anonymous> (/Users/achar/Projects/my_Projects/yancaooa/server/app.js:71:32)
    at Module._compile (module.js:571:32)
    at Object.Module._extensions..js (module.js:580:10)
    at Module.load (module.js:488:32)
    at tryModuleLoad (module.js:447:12)
    at Function.Module._load (module.js:439:3)
    at Module.require (module.js:498:17)
    at require (internal/module.js:20:19)
  message: 'Cannot overwrite `Shop` model once compiled.',
  name: 'OverwriteModelError' }
[2017-03-27 17:18:38.556] [INFO] console - 数据库:mongodb://localhost:27017/yancaooa_dev
[2017-03-27 17:18:38.569] [INFO] console - Listening on port 8029
[2017-03-27 17:18:39.455] [INFO] console - Redis is ready
[2017-03-27 17:18:39.467] [INFO] console - Connection success!
[2017-03-27 17:18:39.471] [INFO] console - mongodb is connected
[2017-03-27 17:20:02.338] [DEBUG] console - 日志系统启动!
[2017-03-27 17:20:02.857] [INFO] console - 开发环境模式
[2017-03-27 17:20:09.550] [DEBUG] console - 加载权限管理模块!
[2017-03-27 17:20:18.739] [DEBUG] console - 已加载问诊模块
[2017-03-27 17:20:18.854] [DEBUG] console - 已加载问诊模块
[2017-03-27 17:20:23.271] [INFO] console - 此文件夹已经存在
[2017-03-27 17:20:23.273] [INFO] console - uploads创建成功！
[2017-03-27 17:20:23.273] [INFO] console - 此文件夹已经存在
[2017-03-27 17:20:23.273] [INFO] console - avator创建成功！
[2017-03-27 17:20:25.753] [INFO] console - 数据库:mongodb://localhost:27017/yancaooa_dev
[2017-03-27 17:20:25.765] [INFO] console - Listening on port 8029
[2017-03-27 17:20:26.660] [INFO] console - Redis is ready
[2017-03-27 17:20:26.679] [INFO] console - Connection success!
[2017-03-27 17:20:26.684] [INFO] console - mongodb is connected
[2017-03-27 17:20:41.406] [ERROR] console - TypeError: utils.populate: invalid path. Expected string. Got typeof `undefined`
    at populate (/Users/achar/Projects/my_Projects/yancaooa/server/node_modules/mongoose/lib/utils.js:618:11)
    at Model.compile.model.Query.Query.populate (/Users/achar/Projects/my_Projects/yancaooa/server/node_modules/mongoose/lib/query.js:2705:28)
    at exports.list (/Users/achar/Projects/my_Projects/yancaooa/server/api/shops/controller.js:64:11)
    at Layer.handle [as handle_request] (/Users/achar/Projects/my_Projects/yancaooa/server/node_modules/express/lib/router/layer.js:95:5)
    at next (/Users/achar/Projects/my_Projects/yancaooa/server/node_modules/express/lib/router/route.js:131:13)
    at module.exports (/Users/achar/Projects/my_Projects/yancaooa/server/utils/sanitize.js:25:5)
    at Layer.handle [as handle_request] (/Users/achar/Projects/my_Projects/yancaooa/server/node_modules/express/lib/router/layer.js:95:5)
    at next (/Users/achar/Projects/my_Projects/yancaooa/server/node_modules/express/lib/router/route.js:131:13)
    at exports.touchToken (/Users/achar/Projects/my_Projects/yancaooa/server/utils/token_manager.js:44:2)
    at Layer.handle [as handle_request] (/Users/achar/Projects/my_Projects/yancaooa/server/node_modules/express/lib/router/layer.js:95:5)
    at next (/Users/achar/Projects/my_Projects/yancaooa/server/node_modules/express/lib/router/route.js:131:13)
    at Route.dispatch (/Users/achar/Projects/my_Projects/yancaooa/server/node_modules/express/lib/router/route.js:112:3)
    at Layer.handle [as handle_request] (/Users/achar/Projects/my_Projects/yancaooa/server/node_modules/express/lib/router/layer.js:95:5)
    at /Users/achar/Projects/my_Projects/yancaooa/server/node_modules/express/lib/router/index.js:277:22
    at Function.process_params (/Users/achar/Projects/my_Projects/yancaooa/server/node_modules/express/lib/router/index.js:330:12)
    at next (/Users/achar/Projects/my_Projects/yancaooa/server/node_modules/express/lib/router/index.js:271:10)
    at Function.handle (/Users/achar/Projects/my_Projects/yancaooa/server/node_modules/express/lib/router/index.js:176:3)
    at router (/Users/achar/Projects/my_Projects/yancaooa/server/node_modules/express/lib/router/index.js:46:12)
    at Layer.handle [as handle_request] (/Users/achar/Projects/my_Projects/yancaooa/server/node_modules/express/lib/router/layer.js:95:5)
    at trim_prefix (/Users/achar/Projects/my_Projects/yancaooa/server/node_modules/express/lib/router/index.js:312:13)
    at /Users/achar/Projects/my_Projects/yancaooa/server/node_modules/express/lib/router/index.js:280:7
    at Function.process_params (/Users/achar/Projects/my_Projects/yancaooa/server/node_modules/express/lib/router/index.js:330:12)
    at next (/Users/achar/Projects/my_Projects/yancaooa/server/node_modules/express/lib/router/index.js:271:10)
    at cookieParser (/Users/achar/Projects/my_Projects/yancaooa/server/node_modules/cookie-parser/index.js:56:14)
    at Layer.handle [as handle_request] (/Users/achar/Projects/my_Projects/yancaooa/server/node_modules/express/lib/router/layer.js:95:5)
    at trim_prefix (/Users/achar/Projects/my_Projects/yancaooa/server/node_modules/express/lib/router/index.js:312:13)
    at /Users/achar/Projects/my_Projects/yancaooa/server/node_modules/express/lib/router/index.js:280:7
    at Function.process_params (/Users/achar/Projects/my_Projects/yancaooa/server/node_modules/express/lib/router/index.js:330:12)
[2017-03-27 17:21:38.889] [DEBUG] console - 日志系统启动!
[2017-03-27 17:21:39.471] [INFO] console - 开发环境模式
[2017-03-27 17:21:48.456] [DEBUG] console - 加载权限管理模块!
[2017-03-27 17:22:00.247] [DEBUG] console - 已加载问诊模块
[2017-03-27 17:22:00.359] [DEBUG] console - 已加载问诊模块
[2017-03-27 17:22:04.684] [INFO] console - 此文件夹已经存在
[2017-03-27 17:22:04.685] [INFO] console - uploads创建成功！
[2017-03-27 17:22:04.685] [INFO] console - 此文件夹已经存在
[2017-03-27 17:22:04.685] [INFO] console - avator创建成功！
[2017-03-27 17:22:07.032] [INFO] console - 数据库:mongodb://localhost:27017/yancaooa_dev
[2017-03-27 17:22:07.045] [INFO] console - Listening on port 8029
[2017-03-27 17:22:07.860] [INFO] console - Redis is ready
[2017-03-27 17:22:07.873] [INFO] console - Connection success!
[2017-03-27 17:22:07.877] [INFO] console - mongodb is connected
[2017-03-27 17:26:05.873] [INFO] console - ::1 - - "GET /api/app/shop HTTP/1.1" 200 60 "" "Mozilla/5.0 (Macintosh; Intel Mac OS X 10_12_3) AppleWebKit/537.36 (KHTML, like Gecko) Chrome/56.0.2924.87 Safari/537.36"
[2017-03-27 17:26:47.399] [INFO] console - ::1 - - "POST /api/app/shop HTTP/1.1" 200 232 "" "Mozilla/5.0 (Macintosh; Intel Mac OS X 10_12_3) AppleWebKit/537.36 (KHTML, like Gecko) Chrome/56.0.2924.87 Safari/537.36"
[2017-03-27 17:33:24.194] [INFO] console - ::1 - - "GET /api/app/shop HTTP/1.1" 200 253 "" "Mozilla/5.0 (Macintosh; Intel Mac OS X 10_12_3) AppleWebKit/537.36 (KHTML, like Gecko) Chrome/56.0.2924.87 Safari/537.36"
