[2016-12-06 14:38:03.591] [INFO] console - log_start start!
[2016-12-06 14:38:03.594] [INFO] console - log_start end!
[2016-12-06 14:38:03.738] [INFO] console - Connection success!
[2016-12-06 14:38:03.740] [INFO] console - mongodb is connected
[2016-12-06 14:39:52.998] [INFO] console - log_start start!
[2016-12-06 14:39:53.001] [TRACE] console - This is a Log4js-Test
[2016-12-06 14:39:53.002] [DEBUG] console - We Write Logs with log4js
[2016-12-06 14:39:53.002] [INFO] console - You can find logs-files in the log-dir
[2016-12-06 14:39:53.002] [WARN] console - log-dir is a configuration-item in the log4js.json
[2016-12-06 14:39:53.002] [ERROR] console - In This Test log-dir is : './logs/log_test/'
[2016-12-06 14:39:53.002] [INFO] console - log_start end!
[2016-12-06 14:39:53.154] [INFO] console - Connection success!
[2016-12-06 14:39:53.156] [INFO] console - mongodb is connected
[2016-12-06 14:55:47.872] [TRACE] console - Trace info: log.trace(message)
[2016-12-06 14:55:47.875] [DEBUG] console - Debug info: log.debug(message)
[2016-12-06 14:55:47.875] [INFO] console - Info info: log.info(message)
[2016-12-06 14:55:47.876] [WARN] console - Warn info: log.warn(message)
[2016-12-06 14:55:47.876] [ERROR] console - Error info: log.error(message)
[2016-12-06 14:55:47.876] [ERROR] console - log-dir is : './logs/log_test/'
[2016-12-06 14:55:47.876] [INFO] console - Console info: console.log(message), 不要使用!
[2016-12-06 14:55:47.881] [DEBUG] console - 定义全局变量
[2016-12-06 14:55:47.881] [DEBUG] console - 日志系统启动!
[2016-12-06 14:55:47.989] [ERROR] console - Something went wrong: { ERROR: 123 }
[2016-12-06 14:55:48.044] [INFO] console - Connection success!
[2016-12-06 14:55:48.046] [INFO] console - mongodb is connected
[2016-12-06 14:56:13.807] [INFO] console - ::1 - - "POST /register HTTP/1.1" 200 80 "" "Mozilla/5.0 (Macintosh; Intel Mac OS X 10_12_1) AppleWebKit/537.36 (KHTML, like Gecko) Chrome/54.0.2840.71 Safari/537.36"
