[2017-03-28 16:01:58.703] [DEBUG] console - 日志系统启动!
[2017-03-28 16:01:59.272] [INFO] console - 开发环境模式
[2017-03-28 16:02:06.410] [DEBUG] console - 加载权限管理模块!
[2017-03-28 16:02:15.967] [DEBUG] console - 已加载问诊模块
[2017-03-28 16:02:16.134] [DEBUG] console - 已加载问诊模块
[2017-03-28 16:02:20.913] [INFO] console - 此文件夹已经存在
[2017-03-28 16:02:20.915] [INFO] console - uploads创建成功！
[2017-03-28 16:02:20.915] [INFO] console - 此文件夹已经存在
[2017-03-28 16:02:20.915] [INFO] console - avator创建成功！
[2017-03-28 16:02:24.307] [INFO] console - 数据库:mongodb://localhost:27017/yancaooa_dev
[2017-03-28 16:02:24.323] [INFO] console - Listening on port 8029
[2017-03-28 16:02:25.726] [INFO] console - Redis is ready
[2017-03-28 16:02:25.750] [INFO] console - Connection success!
[2017-03-28 16:02:25.755] [INFO] console - mongodb is connected
[2017-03-28 16:04:24.772] [INFO] console - { data: '{"shop":{"licenseId":"371621116239","name":"新意书店","manager":"李守和","regist":"2017-03-21","expire":"2018-12-31","address":"山东省滨州市惠民县胡集镇北李村","status":"初始申请","image":"title.png"},"geolocation":{"coordsType":"gcj02","address":{"cityCode":"010","province":"北京市","district":"朝阳区","poiName":"元大都城垣遗址公园管理处","street":"北土城东路","city":"北京市","country":"中国"},"addresses":"北京市朝阳区北土城东路靠近元大都城垣遗址公园管理处","coords":{"latitude":39.976476,"longitude":116.427288,"accuracy":29,"altitude":0,"heading":null,"speed":0,"altitudeAccuracy":0},"timestamp":1490686757358}}' }
[2017-03-28 16:19:20.698] [INFO] console - ::ffff:192.168.0.110 - - "POST /api/app/shop HTTP/1.1" 200 445 "" "Mozilla/5.0 (Linux; Android 4.4.4; Che1-CL20 Build/Che1-CL20) AppleWebKit/537.36 (KHTML, like Gecko) Version/4.0 Chrome/33.0.0.0 Mobile Safari/537.36 Html5Plus/1.0"
[2017-03-28 16:19:20.747] [INFO] console - Connection error: Error: connection timeout
[2017-03-28 16:19:20.851] [INFO] console - { data: '{"shop":{"licenseId":"371621116239","name":"新意书店","manager":"李守和","regist":"2017-03-21","expire":"2018-12-31","address":"山东省滨州市惠民县胡集镇北李村","status":"初始申请","image":"title.png"},"geolocation":{"coordsType":"gcj02","address":{"cityCode":"010","province":"北京市","district":"朝阳区","poiName":"元大都城垣遗址公园管理处","street":"北土城东路","city":"北京市","country":"中国"},"addresses":"北京市朝阳区北土城东路靠近元大都城垣遗址公园管理处","coords":{"latitude":39.976476,"longitude":116.427288,"accuracy":29,"altitude":0,"heading":null,"speed":0,"altitudeAccuracy":0},"timestamp":1490686757358}}' }
[2017-03-28 16:19:24.909] [INFO] console - ::ffff:192.168.0.110 - - "POST /api/app/shop HTTP/1.1" 200 445 "" "Mozilla/5.0 (Linux; Android 4.4.4; Che1-CL20 Build/Che1-CL20) AppleWebKit/537.36 (KHTML, like Gecko) Version/4.0 Chrome/33.0.0.0 Mobile Safari/537.36 Html5Plus/1.0"
[2017-03-28 16:19:24.927] [INFO] console - { data: '{"shop":{"licenseId":"371621116239","name":"新意书店","manager":"李守和","regist":"2017-03-21","expire":"2018-12-31","address":"山东省滨州市惠民县胡集镇北李村","status":"初始申请","image":"title.png"},"geolocation":{"coordsType":"gcj02","address":{"cityCode":"010","province":"北京市","district":"朝阳区","poiName":"元大都城垣遗址公园管理处","street":"北土城东路","city":"北京市","country":"中国"},"addresses":"北京市朝阳区北土城东路靠近元大都城垣遗址公园管理处","coords":{"latitude":39.976476,"longitude":116.427288,"accuracy":29,"altitude":0,"heading":null,"speed":0,"altitudeAccuracy":0},"timestamp":1490686757358}}' }
[2017-03-28 16:19:26.958] [INFO] console - ::ffff:192.168.0.110 - - "POST /api/app/shop HTTP/1.1" 200 445 "" "Mozilla/5.0 (Linux; Android 4.4.4; Che1-CL20 Build/Che1-CL20) AppleWebKit/537.36 (KHTML, like Gecko) Version/4.0 Chrome/33.0.0.0 Mobile Safari/537.36 Html5Plus/1.0"
[2017-03-28 16:19:26.972] [INFO] console - { data: '{"shop":{"licenseId":"371621116239","name":"新意书店","manager":"李守和","regist":"2017-03-21","expire":"2018-12-31","address":"山东省滨州市惠民县胡集镇北李村","status":"初始申请","image":"title.png"},"geolocation":{"coordsType":"gcj02","address":{"cityCode":"010","province":"北京市","district":"朝阳区","poiName":"元大都城垣遗址公园管理处","street":"北土城东路","city":"北京市","country":"中国"},"addresses":"北京市朝阳区北土城东路靠近元大都城垣遗址公园管理处","coords":{"latitude":39.976476,"longitude":116.427288,"accuracy":29,"altitude":0,"heading":null,"speed":0,"altitudeAccuracy":0},"timestamp":1490686757358}}' }
[2017-03-28 16:19:27.992] [INFO] console - ::ffff:192.168.0.110 - - "POST /api/app/shop HTTP/1.1" 200 445 "" "Mozilla/5.0 (Linux; Android 4.4.4; Che1-CL20 Build/Che1-CL20) AppleWebKit/537.36 (KHTML, like Gecko) Version/4.0 Chrome/33.0.0.0 Mobile Safari/537.36 Html5Plus/1.0"
[2017-03-28 16:19:28.010] [INFO] console - { data: '{"shop":{"licenseId":"371621116239","name":"新意书店","manager":"李守和","regist":"2017-03-21","expire":"2018-12-31","address":"山东省滨州市惠民县胡集镇北李村","status":"初始申请","image":"title.png"},"geolocation":{"coordsType":"gcj02","address":{"cityCode":"010","province":"北京市","district":"朝阳区","poiName":"元大都城垣遗址公园管理处","street":"北土城东路","city":"北京市","country":"中国"},"addresses":"北京市朝阳区北土城东路靠近元大都城垣遗址公园管理处","coords":{"latitude":39.976476,"longitude":116.427288,"accuracy":29,"altitude":0,"heading":null,"speed":0,"altitudeAccuracy":0},"timestamp":1490686757358}}' }
[2017-03-28 16:19:29.032] [INFO] console - ::ffff:192.168.0.110 - - "POST /api/app/shop HTTP/1.1" 200 445 "" "Mozilla/5.0 (Linux; Android 4.4.4; Che1-CL20 Build/Che1-CL20) AppleWebKit/537.36 (KHTML, like Gecko) Version/4.0 Chrome/33.0.0.0 Mobile Safari/537.36 Html5Plus/1.0"
[2017-03-28 16:19:29.049] [INFO] console - { data: '{"shop":{"licenseId":"371621116239","name":"新意书店","manager":"李守和","regist":"2017-03-21","expire":"2018-12-31","address":"山东省滨州市惠民县胡集镇北李村","status":"初始申请","image":"title.png"},"geolocation":{"coordsType":"gcj02","address":{"cityCode":"010","province":"北京市","district":"朝阳区","poiName":"元大都城垣遗址公园管理处","street":"北土城东路","city":"北京市","country":"中国"},"addresses":"北京市朝阳区北土城东路靠近元大都城垣遗址公园管理处","coords":{"latitude":39.976481,"longitude":116.427301,"accuracy":35,"altitude":0,"heading":null,"speed":0,"altitudeAccuracy":0},"timestamp":1490686721312}}' }
[2017-03-28 16:19:30.073] [INFO] console - ::ffff:192.168.0.110 - - "POST /api/app/shop HTTP/1.1" 200 445 "" "Mozilla/5.0 (Linux; Android 4.4.4; Che1-CL20 Build/Che1-CL20) AppleWebKit/537.36 (KHTML, like Gecko) Version/4.0 Chrome/33.0.0.0 Mobile Safari/537.36 Html5Plus/1.0"
[2017-03-28 16:19:30.098] [INFO] console - { data: '{"shop":{"licenseId":"371621116239","name":"新意书店","manager":"李守和","regist":"2017-03-21","expire":"2018-12-31","address":"山东省滨州市惠民县胡集镇北李村","status":"初始申请","image":"title.png"},"geolocation":{"coordsType":"gcj02","address":{"cityCode":"010","province":"北京市","district":"朝阳区","poiName":"元大都城垣遗址公园管理处","street":"北土城东路","city":"北京市","country":"中国"},"addresses":"北京市朝阳区北土城东路靠近元大都城垣遗址公园管理处","coords":{"latitude":39.976481,"longitude":116.427301,"accuracy":35,"altitude":0,"heading":null,"speed":0,"altitudeAccuracy":0},"timestamp":1490686721312}}' }
[2017-03-28 16:19:31.118] [INFO] console - ::ffff:192.168.0.110 - - "POST /api/app/shop HTTP/1.1" 200 445 "" "Mozilla/5.0 (Linux; Android 4.4.4; Che1-CL20 Build/Che1-CL20) AppleWebKit/537.36 (KHTML, like Gecko) Version/4.0 Chrome/33.0.0.0 Mobile Safari/537.36 Html5Plus/1.0"
[2017-03-28 16:19:31.160] [INFO] console - { data: '{"shop":{"licenseId":"371621116239","name":"新意书店","manager":"李守和","regist":"2017-03-21","expire":"2018-12-31","address":"山东省滨州市惠民县胡集镇北李村","status":"初始申请","image":"title.png"},"geolocation":{"coordsType":"gcj02","address":{"cityCode":"010","province":"北京市","district":"朝阳区","poiName":"元大都城垣遗址公园管理处","street":"北土城东路","city":"北京市","country":"中国"},"addresses":"北京市朝阳区北土城东路靠近元大都城垣遗址公园管理处","coords":{"latitude":39.976515,"longitude":116.427304,"accuracy":29,"altitude":0,"heading":null,"speed":0,"altitudeAccuracy":0},"timestamp":1490689145852}}' }
[2017-03-28 16:19:32.181] [INFO] console - ::ffff:192.168.0.110 - - "POST /api/app/shop HTTP/1.1" 200 445 "" "Mozilla/5.0 (Linux; Android 4.4.4; Che1-CL20 Build/Che1-CL20) AppleWebKit/537.36 (KHTML, like Gecko) Version/4.0 Chrome/33.0.0.0 Mobile Safari/537.36 Html5Plus/1.0"
[2017-03-28 16:20:23.080] [INFO] console - { data: '{"shop":{"licenseId":"371621116239","name":"新意书店","manager":"李守和","regist":"2017-03-21","expire":"2018-12-31","address":"山东省滨州市惠民县胡集镇北李村","status":"初始申请","image":"title.png"},"geolocation":{"coordsType":"gcj02","address":{"cityCode":"010","province":"北京市","district":"朝阳区","poiName":"元大都城垣遗址公园管理处","street":"北土城东路","city":"北京市","country":"中国"},"addresses":"北京市朝阳区北土城东路靠近元大都城垣遗址公园管理处","coords":{"latitude":39.976515,"longitude":116.427304,"accuracy":29,"altitude":0,"heading":null,"speed":0,"altitudeAccuracy":0},"timestamp":1490689145852}}' }
[2017-03-28 16:23:32.913] [DEBUG] console - 日志系统启动!
[2017-03-28 16:23:33.443] [INFO] console - 开发环境模式
[2017-03-28 16:23:40.505] [DEBUG] console - 加载权限管理模块!
[2017-03-28 16:23:49.993] [DEBUG] console - 已加载问诊模块
[2017-03-28 16:23:50.152] [DEBUG] console - 已加载问诊模块
[2017-03-28 16:23:54.763] [INFO] console - 此文件夹已经存在
[2017-03-28 16:23:54.764] [INFO] console - uploads创建成功！
[2017-03-28 16:23:54.765] [INFO] console - 此文件夹已经存在
[2017-03-28 16:23:54.765] [INFO] console - avator创建成功！
[2017-03-28 16:23:57.863] [INFO] console - 数据库:mongodb://localhost:27017/yancaooa_dev
[2017-03-28 16:23:57.874] [INFO] console - Listening on port 8029
[2017-03-28 16:23:58.845] [INFO] console - Redis is ready
[2017-03-28 16:23:58.860] [INFO] console - Connection success!
[2017-03-28 16:23:58.864] [INFO] console - mongodb is connected
[2017-03-28 16:25:44.020] [INFO] console - { data: '{"shop":{"licenseId":"371621116239","name":"新意书店","manager":"李守和","regist":"2017-03-21","expire":"2018-12-31","address":"山东省滨州市惠民县胡集镇北李村","status":"初始申请","image":"title.png"},"geolocation":{"coordsType":"gcj02","address":{"cityCode":"010","province":"北京市","district":"朝阳区","poiName":"元大都城垣遗址公园管理处","street":"北土城东路","city":"北京市","country":"中国"},"addresses":"北京市朝阳区北土城东路靠近元大都城垣遗址公园管理处","coords":{"latitude":39.976515,"longitude":116.427304,"accuracy":29,"altitude":0,"heading":null,"speed":0,"altitudeAccuracy":0},"timestamp":1490689145852}}' }
[2017-03-28 16:25:44.040] [ERROR] console - ReferenceError: date is not defined
    at exports.create (/Users/achar/Projects/my_Projects/yancaooa/server/api/shops/controller.js:23:30)
    at Layer.handle [as handle_request] (/Users/achar/Projects/my_Projects/yancaooa/server/node_modules/express/lib/router/layer.js:95:5)
    at next (/Users/achar/Projects/my_Projects/yancaooa/server/node_modules/express/lib/router/route.js:131:13)
    at module.exports (/Users/achar/Projects/my_Projects/yancaooa/server/utils/sanitize.js:25:5)
    at Layer.handle [as handle_request] (/Users/achar/Projects/my_Projects/yancaooa/server/node_modules/express/lib/router/layer.js:95:5)
    at next (/Users/achar/Projects/my_Projects/yancaooa/server/node_modules/express/lib/router/route.js:131:13)
    at exports.touchToken (/Users/achar/Projects/my_Projects/yancaooa/server/utils/token_manager.js:44:2)
    at Layer.handle [as handle_request] (/Users/achar/Projects/my_Projects/yancaooa/server/node_modules/express/lib/router/layer.js:95:5)
    at next (/Users/achar/Projects/my_Projects/yancaooa/server/node_modules/express/lib/router/route.js:131:13)
    at Route.dispatch (/Users/achar/Projects/my_Projects/yancaooa/server/node_modules/express/lib/router/route.js:112:3)
    at Layer.handle [as handle_request] (/Users/achar/Projects/my_Projects/yancaooa/server/node_modules/express/lib/router/layer.js:95:5)
    at /Users/achar/Projects/my_Projects/yancaooa/server/node_modules/express/lib/router/index.js:277:22
    at Function.process_params (/Users/achar/Projects/my_Projects/yancaooa/server/node_modules/express/lib/router/index.js:330:12)
    at next (/Users/achar/Projects/my_Projects/yancaooa/server/node_modules/express/lib/router/index.js:271:10)
    at Function.handle (/Users/achar/Projects/my_Projects/yancaooa/server/node_modules/express/lib/router/index.js:176:3)
    at router (/Users/achar/Projects/my_Projects/yancaooa/server/node_modules/express/lib/router/index.js:46:12)
    at Layer.handle [as handle_request] (/Users/achar/Projects/my_Projects/yancaooa/server/node_modules/express/lib/router/layer.js:95:5)
    at trim_prefix (/Users/achar/Projects/my_Projects/yancaooa/server/node_modules/express/lib/router/index.js:312:13)
    at /Users/achar/Projects/my_Projects/yancaooa/server/node_modules/express/lib/router/index.js:280:7
    at Function.process_params (/Users/achar/Projects/my_Projects/yancaooa/server/node_modules/express/lib/router/index.js:330:12)
    at next (/Users/achar/Projects/my_Projects/yancaooa/server/node_modules/express/lib/router/index.js:271:10)
    at cookieParser (/Users/achar/Projects/my_Projects/yancaooa/server/node_modules/cookie-parser/index.js:56:14)
    at Layer.handle [as handle_request] (/Users/achar/Projects/my_Projects/yancaooa/server/node_modules/express/lib/router/layer.js:95:5)
    at trim_prefix (/Users/achar/Projects/my_Projects/yancaooa/server/node_modules/express/lib/router/index.js:312:13)
    at /Users/achar/Projects/my_Projects/yancaooa/server/node_modules/express/lib/router/index.js:280:7
    at Function.process_params (/Users/achar/Projects/my_Projects/yancaooa/server/node_modules/express/lib/router/index.js:330:12)
    at next (/Users/achar/Projects/my_Projects/yancaooa/server/node_modules/express/lib/router/index.js:271:10)
    at expressValidator (/Users/achar/Projects/my_Projects/yancaooa/server/node_modules/express-validator/lib/express_validator.js:355:5)
[2017-03-28 16:26:35.962] [DEBUG] console - 日志系统启动!
[2017-03-28 16:26:36.501] [INFO] console - 开发环境模式
[2017-03-28 16:26:43.571] [DEBUG] console - 加载权限管理模块!
[2017-03-28 16:26:52.912] [DEBUG] console - 已加载问诊模块
[2017-03-28 16:26:53.072] [DEBUG] console - 已加载问诊模块
[2017-03-28 16:26:57.706] [INFO] console - 此文件夹已经存在
[2017-03-28 16:26:57.708] [INFO] console - uploads创建成功！
[2017-03-28 16:26:57.708] [INFO] console - 此文件夹已经存在
[2017-03-28 16:26:57.708] [INFO] console - avator创建成功！
[2017-03-28 16:27:00.855] [INFO] console - 数据库:mongodb://localhost:27017/yancaooa_dev
[2017-03-28 16:27:00.867] [INFO] console - Listening on port 8029
[2017-03-28 16:27:01.860] [INFO] console - Redis is ready
[2017-03-28 16:27:01.876] [INFO] console - Connection success!
[2017-03-28 16:27:01.880] [INFO] console - mongodb is connected
[2017-03-28 16:27:39.696] [INFO] console - { data: '{"shop":{"licenseId":"371621116239","name":"新意书店","manager":"李守和","regist":"2017-03-21","expire":"2018-12-31","address":"山东省滨州市惠民县胡集镇北李村","status":"初始申请","image":"title.png"},"geolocation":{"coordsType":"gcj02","address":{"cityCode":"010","province":"北京市","district":"朝阳区","poiName":"元大都城垣遗址公园管理处","street":"北土城东路","city":"北京市","country":"中国"},"addresses":"北京市朝阳区北土城东路靠近元大都城垣遗址公园管理处","coords":{"latitude":39.976515,"longitude":116.427304,"accuracy":29,"altitude":0,"heading":null,"speed":0,"altitudeAccuracy":0},"timestamp":1490689145852}}' }
[2017-03-28 16:28:43.789] [INFO] console - { MongooseError: shops validation failed
    at ValidationError (/Users/achar/Projects/my_Projects/yancaooa/server/node_modules/mongoose/lib/error/validation.js:23:11)
    at model.Document.invalidate (/Users/achar/Projects/my_Projects/yancaooa/server/node_modules/mongoose/lib/document.js:1473:32)
    at model.Document.set (/Users/achar/Projects/my_Projects/yancaooa/server/node_modules/mongoose/lib/document.js:740:10)
    at model._handleIndex (/Users/achar/Projects/my_Projects/yancaooa/server/node_modules/mongoose/lib/document.js:583:14)
    at model.Document.set (/Users/achar/Projects/my_Projects/yancaooa/server/node_modules/mongoose/lib/document.js:544:24)
    at model.Document (/Users/achar/Projects/my_Projects/yancaooa/server/node_modules/mongoose/lib/document.js:68:10)
    at model.Model (/Users/achar/Projects/my_Projects/yancaooa/server/node_modules/mongoose/lib/model.js:48:12)
    at new model (/Users/achar/Projects/my_Projects/yancaooa/server/node_modules/mongoose/lib/model.js:3229:13)
    at /Users/achar/Projects/my_Projects/yancaooa/server/node_modules/mongoose/lib/model.js:1864:51
    at /Users/achar/Projects/my_Projects/yancaooa/server/node_modules/mongoose/node_modules/async/internal/parallel.js:27:9
    at eachOfArrayLike (/Users/achar/Projects/my_Projects/yancaooa/server/node_modules/mongoose/node_modules/async/eachOf.js:57:9)
    at exports.default (/Users/achar/Projects/my_Projects/yancaooa/server/node_modules/mongoose/node_modules/async/eachOf.js:9:5)
    at _parallel (/Users/achar/Projects/my_Projects/yancaooa/server/node_modules/mongoose/node_modules/async/internal/parallel.js:26:5)
    at parallelLimit (/Users/achar/Projects/my_Projects/yancaooa/server/node_modules/mongoose/node_modules/async/parallel.js:85:26)
    at /Users/achar/Projects/my_Projects/yancaooa/server/node_modules/mongoose/lib/model.js:1882:5
    at Function.create (/Users/achar/Projects/my_Projects/yancaooa/server/node_modules/mongoose/lib/model.js:1852:17)
    at exports.create (/Users/achar/Projects/my_Projects/yancaooa/server/api/shops/controller.js:43:11)
    at Layer.handle [as handle_request] (/Users/achar/Projects/my_Projects/yancaooa/server/node_modules/express/lib/router/layer.js:95:5)
    at next (/Users/achar/Projects/my_Projects/yancaooa/server/node_modules/express/lib/router/route.js:131:13)
    at module.exports (/Users/achar/Projects/my_Projects/yancaooa/server/utils/sanitize.js:25:5)
    at Layer.handle [as handle_request] (/Users/achar/Projects/my_Projects/yancaooa/server/node_modules/express/lib/router/layer.js:95:5)
    at next (/Users/achar/Projects/my_Projects/yancaooa/server/node_modules/express/lib/router/route.js:131:13)
    at exports.touchToken (/Users/achar/Projects/my_Projects/yancaooa/server/utils/token_manager.js:44:2)
    at Layer.handle [as handle_request] (/Users/achar/Projects/my_Projects/yancaooa/server/node_modules/express/lib/router/layer.js:95:5)
    at next (/Users/achar/Projects/my_Projects/yancaooa/server/node_modules/express/lib/router/route.js:131:13)
    at Route.dispatch (/Users/achar/Projects/my_Projects/yancaooa/server/node_modules/express/lib/router/route.js:112:3)
    at Layer.handle [as handle_request] (/Users/achar/Projects/my_Projects/yancaooa/server/node_modules/express/lib/router/layer.js:95:5)
    at /Users/achar/Projects/my_Projects/yancaooa/server/node_modules/express/lib/router/index.js:277:22
  errors: 
   { register: 
      { MongooseError: Cast to Number failed for value "NaN" at path "register"
          at CastError (/Users/achar/Projects/my_Projects/yancaooa/server/node_modules/mongoose/lib/error/cast.js:26:11)
          at model.Document.set (/Users/achar/Projects/my_Projects/yancaooa/server/node_modules/mongoose/lib/document.js:741:7)
          at model._handleIndex (/Users/achar/Projects/my_Projects/yancaooa/server/node_modules/mongoose/lib/document.js:583:14)
          at model.Document.set (/Users/achar/Projects/my_Projects/yancaooa/server/node_modules/mongoose/lib/document.js:544:24)
          at model.Document (/Users/achar/Projects/my_Projects/yancaooa/server/node_modules/mongoose/lib/document.js:68:10)
          at model.Model (/Users/achar/Projects/my_Projects/yancaooa/server/node_modules/mongoose/lib/model.js:48:12)
          at new model (/Users/achar/Projects/my_Projects/yancaooa/server/node_modules/mongoose/lib/model.js:3229:13)
          at /Users/achar/Projects/my_Projects/yancaooa/server/node_modules/mongoose/lib/model.js:1864:51
          at /Users/achar/Projects/my_Projects/yancaooa/server/node_modules/mongoose/node_modules/async/internal/parallel.js:27:9
          at eachOfArrayLike (/Users/achar/Projects/my_Projects/yancaooa/server/node_modules/mongoose/node_modules/async/eachOf.js:57:9)
          at exports.default (/Users/achar/Projects/my_Projects/yancaooa/server/node_modules/mongoose/node_modules/async/eachOf.js:9:5)
          at _parallel (/Users/achar/Projects/my_Projects/yancaooa/server/node_modules/mongoose/node_modules/async/internal/parallel.js:26:5)
          at parallelLimit (/Users/achar/Projects/my_Projects/yancaooa/server/node_modules/mongoose/node_modules/async/parallel.js:85:26)
          at /Users/achar/Projects/my_Projects/yancaooa/server/node_modules/mongoose/lib/model.js:1882:5
          at Function.create (/Users/achar/Projects/my_Projects/yancaooa/server/node_modules/mongoose/lib/model.js:1852:17)
          at exports.create (/Users/achar/Projects/my_Projects/yancaooa/server/api/shops/controller.js:43:11)
          at Layer.handle [as handle_request] (/Users/achar/Projects/my_Projects/yancaooa/server/node_modules/express/lib/router/layer.js:95:5)
          at next (/Users/achar/Projects/my_Projects/yancaooa/server/node_modules/express/lib/router/route.js:131:13)
          at module.exports (/Users/achar/Projects/my_Projects/yancaooa/server/utils/sanitize.js:25:5)
          at Layer.handle [as handle_request] (/Users/achar/Projects/my_Projects/yancaooa/server/node_modules/express/lib/router/layer.js:95:5)
          at next (/Users/achar/Projects/my_Projects/yancaooa/server/node_modules/express/lib/router/route.js:131:13)
          at exports.touchToken (/Users/achar/Projects/my_Projects/yancaooa/server/utils/token_manager.js:44:2)
          at Layer.handle [as handle_request] (/Users/achar/Projects/my_Projects/yancaooa/server/node_modules/express/lib/router/layer.js:95:5)
          at next (/Users/achar/Projects/my_Projects/yancaooa/server/node_modules/express/lib/router/route.js:131:13)
          at Route.dispatch (/Users/achar/Projects/my_Projects/yancaooa/server/node_modules/express/lib/router/route.js:112:3)
          at Layer.handle [as handle_request] (/Users/achar/Projects/my_Projects/yancaooa/server/node_modules/express/lib/router/layer.js:95:5)
          at /Users/achar/Projects/my_Projects/yancaooa/server/node_modules/express/lib/router/index.js:277:22
          at Function.process_params (/Users/achar/Projects/my_Projects/yancaooa/server/node_modules/express/lib/router/index.js:330:12)
        message: 'Cast to Number failed for value "NaN" at path "register"',
        name: 'CastError',
        kind: 'Number',
        value: NaN,
        path: 'register',
        reason: [Object] } },
  message: 'shops validation failed',
  name: 'ValidationError' }
[2017-03-28 16:28:43.799] [INFO] console - ::ffff:192.168.0.110 - - "POST /api/app/shop HTTP/1.1" 200 425 "" "Mozilla/5.0 (Linux; Android 4.4.4; Che1-CL20 Build/Che1-CL20) AppleWebKit/537.36 (KHTML, like Gecko) Version/4.0 Chrome/33.0.0.0 Mobile Safari/537.36 Html5Plus/1.0"
[2017-03-28 16:28:43.815] [INFO] console - Connection error: Error: connection timeout
[2017-03-28 16:28:43.868] [INFO] console - { data: '{"shop":{"licenseId":"371621116239","name":"新意书店","manager":"李守和","regist":"2017-03-21","expire":"2018-12-31","address":"山东省滨州市惠民县胡集镇北李村","status":"初始申请","image":"title.png"},"geolocation":{"coordsType":"gcj02","address":{"cityCode":"010","province":"北京市","district":"朝阳区","poiName":"元大都城垣遗址公园管理处","street":"北土城东路","city":"北京市","country":"中国"},"addresses":"北京市朝阳区北土城东路靠近元大都城垣遗址公园管理处","coords":{"latitude":39.976515,"longitude":116.427304,"accuracy":29,"altitude":0,"heading":null,"speed":0,"altitudeAccuracy":0},"timestamp":1490689145852}}' }
[2017-03-28 16:29:27.739] [INFO] console - { MongooseError: shops validation failed
    at ValidationError (/Users/achar/Projects/my_Projects/yancaooa/server/node_modules/mongoose/lib/error/validation.js:23:11)
    at model.Document.invalidate (/Users/achar/Projects/my_Projects/yancaooa/server/node_modules/mongoose/lib/document.js:1473:32)
    at model.Document.set (/Users/achar/Projects/my_Projects/yancaooa/server/node_modules/mongoose/lib/document.js:740:10)
    at model._handleIndex (/Users/achar/Projects/my_Projects/yancaooa/server/node_modules/mongoose/lib/document.js:583:14)
    at model.Document.set (/Users/achar/Projects/my_Projects/yancaooa/server/node_modules/mongoose/lib/document.js:544:24)
    at model.Document (/Users/achar/Projects/my_Projects/yancaooa/server/node_modules/mongoose/lib/document.js:68:10)
    at model.Model (/Users/achar/Projects/my_Projects/yancaooa/server/node_modules/mongoose/lib/model.js:48:12)
    at new model (/Users/achar/Projects/my_Projects/yancaooa/server/node_modules/mongoose/lib/model.js:3229:13)
    at /Users/achar/Projects/my_Projects/yancaooa/server/node_modules/mongoose/lib/model.js:1864:51
    at /Users/achar/Projects/my_Projects/yancaooa/server/node_modules/mongoose/node_modules/async/internal/parallel.js:27:9
    at eachOfArrayLike (/Users/achar/Projects/my_Projects/yancaooa/server/node_modules/mongoose/node_modules/async/eachOf.js:57:9)
    at exports.default (/Users/achar/Projects/my_Projects/yancaooa/server/node_modules/mongoose/node_modules/async/eachOf.js:9:5)
    at _parallel (/Users/achar/Projects/my_Projects/yancaooa/server/node_modules/mongoose/node_modules/async/internal/parallel.js:26:5)
    at parallelLimit (/Users/achar/Projects/my_Projects/yancaooa/server/node_modules/mongoose/node_modules/async/parallel.js:85:26)
    at /Users/achar/Projects/my_Projects/yancaooa/server/node_modules/mongoose/lib/model.js:1882:5
    at Function.create (/Users/achar/Projects/my_Projects/yancaooa/server/node_modules/mongoose/lib/model.js:1852:17)
    at exports.create (/Users/achar/Projects/my_Projects/yancaooa/server/api/shops/controller.js:43:11)
    at Layer.handle [as handle_request] (/Users/achar/Projects/my_Projects/yancaooa/server/node_modules/express/lib/router/layer.js:95:5)
    at next (/Users/achar/Projects/my_Projects/yancaooa/server/node_modules/express/lib/router/route.js:131:13)
    at module.exports (/Users/achar/Projects/my_Projects/yancaooa/server/utils/sanitize.js:25:5)
    at Layer.handle [as handle_request] (/Users/achar/Projects/my_Projects/yancaooa/server/node_modules/express/lib/router/layer.js:95:5)
    at next (/Users/achar/Projects/my_Projects/yancaooa/server/node_modules/express/lib/router/route.js:131:13)
    at exports.touchToken (/Users/achar/Projects/my_Projects/yancaooa/server/utils/token_manager.js:44:2)
    at Layer.handle [as handle_request] (/Users/achar/Projects/my_Projects/yancaooa/server/node_modules/express/lib/router/layer.js:95:5)
    at next (/Users/achar/Projects/my_Projects/yancaooa/server/node_modules/express/lib/router/route.js:131:13)
    at Route.dispatch (/Users/achar/Projects/my_Projects/yancaooa/server/node_modules/express/lib/router/route.js:112:3)
    at Layer.handle [as handle_request] (/Users/achar/Projects/my_Projects/yancaooa/server/node_modules/express/lib/router/layer.js:95:5)
    at /Users/achar/Projects/my_Projects/yancaooa/server/node_modules/express/lib/router/index.js:277:22
  errors: 
   { register: 
      { MongooseError: Cast to Number failed for value "NaN" at path "register"
          at CastError (/Users/achar/Projects/my_Projects/yancaooa/server/node_modules/mongoose/lib/error/cast.js:26:11)
          at model.Document.set (/Users/achar/Projects/my_Projects/yancaooa/server/node_modules/mongoose/lib/document.js:741:7)
          at model._handleIndex (/Users/achar/Projects/my_Projects/yancaooa/server/node_modules/mongoose/lib/document.js:583:14)
          at model.Document.set (/Users/achar/Projects/my_Projects/yancaooa/server/node_modules/mongoose/lib/document.js:544:24)
          at model.Document (/Users/achar/Projects/my_Projects/yancaooa/server/node_modules/mongoose/lib/document.js:68:10)
          at model.Model (/Users/achar/Projects/my_Projects/yancaooa/server/node_modules/mongoose/lib/model.js:48:12)
          at new model (/Users/achar/Projects/my_Projects/yancaooa/server/node_modules/mongoose/lib/model.js:3229:13)
          at /Users/achar/Projects/my_Projects/yancaooa/server/node_modules/mongoose/lib/model.js:1864:51
          at /Users/achar/Projects/my_Projects/yancaooa/server/node_modules/mongoose/node_modules/async/internal/parallel.js:27:9
          at eachOfArrayLike (/Users/achar/Projects/my_Projects/yancaooa/server/node_modules/mongoose/node_modules/async/eachOf.js:57:9)
          at exports.default (/Users/achar/Projects/my_Projects/yancaooa/server/node_modules/mongoose/node_modules/async/eachOf.js:9:5)
          at _parallel (/Users/achar/Projects/my_Projects/yancaooa/server/node_modules/mongoose/node_modules/async/internal/parallel.js:26:5)
          at parallelLimit (/Users/achar/Projects/my_Projects/yancaooa/server/node_modules/mongoose/node_modules/async/parallel.js:85:26)
          at /Users/achar/Projects/my_Projects/yancaooa/server/node_modules/mongoose/lib/model.js:1882:5
          at Function.create (/Users/achar/Projects/my_Projects/yancaooa/server/node_modules/mongoose/lib/model.js:1852:17)
          at exports.create (/Users/achar/Projects/my_Projects/yancaooa/server/api/shops/controller.js:43:11)
          at Layer.handle [as handle_request] (/Users/achar/Projects/my_Projects/yancaooa/server/node_modules/express/lib/router/layer.js:95:5)
          at next (/Users/achar/Projects/my_Projects/yancaooa/server/node_modules/express/lib/router/route.js:131:13)
          at module.exports (/Users/achar/Projects/my_Projects/yancaooa/server/utils/sanitize.js:25:5)
          at Layer.handle [as handle_request] (/Users/achar/Projects/my_Projects/yancaooa/server/node_modules/express/lib/router/layer.js:95:5)
          at next (/Users/achar/Projects/my_Projects/yancaooa/server/node_modules/express/lib/router/route.js:131:13)
          at exports.touchToken (/Users/achar/Projects/my_Projects/yancaooa/server/utils/token_manager.js:44:2)
          at Layer.handle [as handle_request] (/Users/achar/Projects/my_Projects/yancaooa/server/node_modules/express/lib/router/layer.js:95:5)
          at next (/Users/achar/Projects/my_Projects/yancaooa/server/node_modules/express/lib/router/route.js:131:13)
          at Route.dispatch (/Users/achar/Projects/my_Projects/yancaooa/server/node_modules/express/lib/router/route.js:112:3)
          at Layer.handle [as handle_request] (/Users/achar/Projects/my_Projects/yancaooa/server/node_modules/express/lib/router/layer.js:95:5)
          at /Users/achar/Projects/my_Projects/yancaooa/server/node_modules/express/lib/router/index.js:277:22
          at Function.process_params (/Users/achar/Projects/my_Projects/yancaooa/server/node_modules/express/lib/router/index.js:330:12)
        message: 'Cast to Number failed for value "NaN" at path "register"',
        name: 'CastError',
        kind: 'Number',
        value: NaN,
        path: 'register',
        reason: [Object] } },
  message: 'shops validation failed',
  name: 'ValidationError' }
[2017-03-28 16:29:27.754] [INFO] console - ::ffff:192.168.0.110 - - "POST /api/app/shop HTTP/1.1" 200 425 "" "Mozilla/5.0 (Linux; Android 4.4.4; Che1-CL20 Build/Che1-CL20) AppleWebKit/537.36 (KHTML, like Gecko) Version/4.0 Chrome/33.0.0.0 Mobile Safari/537.36 Html5Plus/1.0"
[2017-03-28 16:29:27.779] [INFO] console - { data: '{"shop":{"licenseId":"371621116239","name":"新意书店","manager":"李守和","regist":"2017-03-21","expire":"2018-12-31","address":"山东省滨州市惠民县胡集镇北李村","status":"初始申请","image":"title.png"},"geolocation":{"coordsType":"gcj02","address":{"cityCode":"010","province":"北京市","district":"朝阳区","poiName":"元大都城垣遗址公园管理处","street":"北土城东路","city":"北京市","country":"中国"},"addresses":"北京市朝阳区北土城东路靠近元大都城垣遗址公园管理处","coords":{"latitude":39.976515,"longitude":116.427304,"accuracy":29,"altitude":0,"heading":null,"speed":0,"altitudeAccuracy":0},"timestamp":1490689145852}}' }
[2017-03-28 16:31:53.097] [INFO] console - { MongooseError: shops validation failed
    at ValidationError (/Users/achar/Projects/my_Projects/yancaooa/server/node_modules/mongoose/lib/error/validation.js:23:11)
    at model.Document.invalidate (/Users/achar/Projects/my_Projects/yancaooa/server/node_modules/mongoose/lib/document.js:1473:32)
    at model.Document.set (/Users/achar/Projects/my_Projects/yancaooa/server/node_modules/mongoose/lib/document.js:740:10)
    at model._handleIndex (/Users/achar/Projects/my_Projects/yancaooa/server/node_modules/mongoose/lib/document.js:583:14)
    at model.Document.set (/Users/achar/Projects/my_Projects/yancaooa/server/node_modules/mongoose/lib/document.js:544:24)
    at model.Document (/Users/achar/Projects/my_Projects/yancaooa/server/node_modules/mongoose/lib/document.js:68:10)
    at model.Model (/Users/achar/Projects/my_Projects/yancaooa/server/node_modules/mongoose/lib/model.js:48:12)
    at new model (/Users/achar/Projects/my_Projects/yancaooa/server/node_modules/mongoose/lib/model.js:3229:13)
    at /Users/achar/Projects/my_Projects/yancaooa/server/node_modules/mongoose/lib/model.js:1864:51
    at /Users/achar/Projects/my_Projects/yancaooa/server/node_modules/mongoose/node_modules/async/internal/parallel.js:27:9
    at eachOfArrayLike (/Users/achar/Projects/my_Projects/yancaooa/server/node_modules/mongoose/node_modules/async/eachOf.js:57:9)
    at exports.default (/Users/achar/Projects/my_Projects/yancaooa/server/node_modules/mongoose/node_modules/async/eachOf.js:9:5)
    at _parallel (/Users/achar/Projects/my_Projects/yancaooa/server/node_modules/mongoose/node_modules/async/internal/parallel.js:26:5)
    at parallelLimit (/Users/achar/Projects/my_Projects/yancaooa/server/node_modules/mongoose/node_modules/async/parallel.js:85:26)
    at /Users/achar/Projects/my_Projects/yancaooa/server/node_modules/mongoose/lib/model.js:1882:5
    at Function.create (/Users/achar/Projects/my_Projects/yancaooa/server/node_modules/mongoose/lib/model.js:1852:17)
    at exports.create (/Users/achar/Projects/my_Projects/yancaooa/server/api/shops/controller.js:43:11)
    at Layer.handle [as handle_request] (/Users/achar/Projects/my_Projects/yancaooa/server/node_modules/express/lib/router/layer.js:95:5)
    at next (/Users/achar/Projects/my_Projects/yancaooa/server/node_modules/express/lib/router/route.js:131:13)
    at module.exports (/Users/achar/Projects/my_Projects/yancaooa/server/utils/sanitize.js:25:5)
    at Layer.handle [as handle_request] (/Users/achar/Projects/my_Projects/yancaooa/server/node_modules/express/lib/router/layer.js:95:5)
    at next (/Users/achar/Projects/my_Projects/yancaooa/server/node_modules/express/lib/router/route.js:131:13)
    at exports.touchToken (/Users/achar/Projects/my_Projects/yancaooa/server/utils/token_manager.js:44:2)
    at Layer.handle [as handle_request] (/Users/achar/Projects/my_Projects/yancaooa/server/node_modules/express/lib/router/layer.js:95:5)
    at next (/Users/achar/Projects/my_Projects/yancaooa/server/node_modules/express/lib/router/route.js:131:13)
    at Route.dispatch (/Users/achar/Projects/my_Projects/yancaooa/server/node_modules/express/lib/router/route.js:112:3)
    at Layer.handle [as handle_request] (/Users/achar/Projects/my_Projects/yancaooa/server/node_modules/express/lib/router/layer.js:95:5)
    at /Users/achar/Projects/my_Projects/yancaooa/server/node_modules/express/lib/router/index.js:277:22
  errors: 
   { register: 
      { MongooseError: Cast to Number failed for value "NaN" at path "register"
          at CastError (/Users/achar/Projects/my_Projects/yancaooa/server/node_modules/mongoose/lib/error/cast.js:26:11)
          at model.Document.set (/Users/achar/Projects/my_Projects/yancaooa/server/node_modules/mongoose/lib/document.js:741:7)
          at model._handleIndex (/Users/achar/Projects/my_Projects/yancaooa/server/node_modules/mongoose/lib/document.js:583:14)
          at model.Document.set (/Users/achar/Projects/my_Projects/yancaooa/server/node_modules/mongoose/lib/document.js:544:24)
          at model.Document (/Users/achar/Projects/my_Projects/yancaooa/server/node_modules/mongoose/lib/document.js:68:10)
          at model.Model (/Users/achar/Projects/my_Projects/yancaooa/server/node_modules/mongoose/lib/model.js:48:12)
          at new model (/Users/achar/Projects/my_Projects/yancaooa/server/node_modules/mongoose/lib/model.js:3229:13)
          at /Users/achar/Projects/my_Projects/yancaooa/server/node_modules/mongoose/lib/model.js:1864:51
          at /Users/achar/Projects/my_Projects/yancaooa/server/node_modules/mongoose/node_modules/async/internal/parallel.js:27:9
          at eachOfArrayLike (/Users/achar/Projects/my_Projects/yancaooa/server/node_modules/mongoose/node_modules/async/eachOf.js:57:9)
          at exports.default (/Users/achar/Projects/my_Projects/yancaooa/server/node_modules/mongoose/node_modules/async/eachOf.js:9:5)
          at _parallel (/Users/achar/Projects/my_Projects/yancaooa/server/node_modules/mongoose/node_modules/async/internal/parallel.js:26:5)
          at parallelLimit (/Users/achar/Projects/my_Projects/yancaooa/server/node_modules/mongoose/node_modules/async/parallel.js:85:26)
          at /Users/achar/Projects/my_Projects/yancaooa/server/node_modules/mongoose/lib/model.js:1882:5
          at Function.create (/Users/achar/Projects/my_Projects/yancaooa/server/node_modules/mongoose/lib/model.js:1852:17)
          at exports.create (/Users/achar/Projects/my_Projects/yancaooa/server/api/shops/controller.js:43:11)
          at Layer.handle [as handle_request] (/Users/achar/Projects/my_Projects/yancaooa/server/node_modules/express/lib/router/layer.js:95:5)
          at next (/Users/achar/Projects/my_Projects/yancaooa/server/node_modules/express/lib/router/route.js:131:13)
          at module.exports (/Users/achar/Projects/my_Projects/yancaooa/server/utils/sanitize.js:25:5)
          at Layer.handle [as handle_request] (/Users/achar/Projects/my_Projects/yancaooa/server/node_modules/express/lib/router/layer.js:95:5)
          at next (/Users/achar/Projects/my_Projects/yancaooa/server/node_modules/express/lib/router/route.js:131:13)
          at exports.touchToken (/Users/achar/Projects/my_Projects/yancaooa/server/utils/token_manager.js:44:2)
          at Layer.handle [as handle_request] (/Users/achar/Projects/my_Projects/yancaooa/server/node_modules/express/lib/router/layer.js:95:5)
          at next (/Users/achar/Projects/my_Projects/yancaooa/server/node_modules/express/lib/router/route.js:131:13)
          at Route.dispatch (/Users/achar/Projects/my_Projects/yancaooa/server/node_modules/express/lib/router/route.js:112:3)
          at Layer.handle [as handle_request] (/Users/achar/Projects/my_Projects/yancaooa/server/node_modules/express/lib/router/layer.js:95:5)
          at /Users/achar/Projects/my_Projects/yancaooa/server/node_modules/express/lib/router/index.js:277:22
          at Function.process_params (/Users/achar/Projects/my_Projects/yancaooa/server/node_modules/express/lib/router/index.js:330:12)
        message: 'Cast to Number failed for value "NaN" at path "register"',
        name: 'CastError',
        kind: 'Number',
        value: NaN,
        path: 'register',
        reason: [Object] } },
  message: 'shops validation failed',
  name: 'ValidationError' }
[2017-03-28 16:31:53.101] [INFO] console - ::ffff:192.168.0.110 - - "POST /api/app/shop HTTP/1.1" 200 425 "" "Mozilla/5.0 (Linux; Android 4.4.4; Che1-CL20 Build/Che1-CL20) AppleWebKit/537.36 (KHTML, like Gecko) Version/4.0 Chrome/33.0.0.0 Mobile Safari/537.36 Html5Plus/1.0"
[2017-03-28 16:31:53.166] [INFO] console - { data: '{"shop":{"licenseId":"371621116239","name":"新意书店","manager":"李守和","regist":"2017-03-21","expire":"2018-12-31","address":"山东省滨州市惠民县胡集镇北李村","status":"初始申请","image":"title.png"},"geolocation":{"coordsType":"gcj02","address":{"cityCode":"010","province":"北京市","district":"朝阳区","poiName":"元大都城垣遗址公园管理处","street":"北土城东路","city":"北京市","country":"中国"},"addresses":"北京市朝阳区北土城东路靠近元大都城垣遗址公园管理处","coords":{"latitude":39.976515,"longitude":116.427304,"accuracy":29,"altitude":0,"heading":null,"speed":0,"altitudeAccuracy":0},"timestamp":1490689145852}}' }
[2017-03-28 16:32:17.501] [INFO] console - { MongooseError: shops validation failed
    at ValidationError (/Users/achar/Projects/my_Projects/yancaooa/server/node_modules/mongoose/lib/error/validation.js:23:11)
    at model.Document.invalidate (/Users/achar/Projects/my_Projects/yancaooa/server/node_modules/mongoose/lib/document.js:1473:32)
    at model.Document.set (/Users/achar/Projects/my_Projects/yancaooa/server/node_modules/mongoose/lib/document.js:740:10)
    at model._handleIndex (/Users/achar/Projects/my_Projects/yancaooa/server/node_modules/mongoose/lib/document.js:583:14)
    at model.Document.set (/Users/achar/Projects/my_Projects/yancaooa/server/node_modules/mongoose/lib/document.js:544:24)
    at model.Document (/Users/achar/Projects/my_Projects/yancaooa/server/node_modules/mongoose/lib/document.js:68:10)
    at model.Model (/Users/achar/Projects/my_Projects/yancaooa/server/node_modules/mongoose/lib/model.js:48:12)
    at new model (/Users/achar/Projects/my_Projects/yancaooa/server/node_modules/mongoose/lib/model.js:3229:13)
    at /Users/achar/Projects/my_Projects/yancaooa/server/node_modules/mongoose/lib/model.js:1864:51
    at /Users/achar/Projects/my_Projects/yancaooa/server/node_modules/mongoose/node_modules/async/internal/parallel.js:27:9
    at eachOfArrayLike (/Users/achar/Projects/my_Projects/yancaooa/server/node_modules/mongoose/node_modules/async/eachOf.js:57:9)
    at exports.default (/Users/achar/Projects/my_Projects/yancaooa/server/node_modules/mongoose/node_modules/async/eachOf.js:9:5)
    at _parallel (/Users/achar/Projects/my_Projects/yancaooa/server/node_modules/mongoose/node_modules/async/internal/parallel.js:26:5)
    at parallelLimit (/Users/achar/Projects/my_Projects/yancaooa/server/node_modules/mongoose/node_modules/async/parallel.js:85:26)
    at /Users/achar/Projects/my_Projects/yancaooa/server/node_modules/mongoose/lib/model.js:1882:5
    at Function.create (/Users/achar/Projects/my_Projects/yancaooa/server/node_modules/mongoose/lib/model.js:1852:17)
    at exports.create (/Users/achar/Projects/my_Projects/yancaooa/server/api/shops/controller.js:43:11)
    at Layer.handle [as handle_request] (/Users/achar/Projects/my_Projects/yancaooa/server/node_modules/express/lib/router/layer.js:95:5)
    at next (/Users/achar/Projects/my_Projects/yancaooa/server/node_modules/express/lib/router/route.js:131:13)
    at module.exports (/Users/achar/Projects/my_Projects/yancaooa/server/utils/sanitize.js:25:5)
    at Layer.handle [as handle_request] (/Users/achar/Projects/my_Projects/yancaooa/server/node_modules/express/lib/router/layer.js:95:5)
    at next (/Users/achar/Projects/my_Projects/yancaooa/server/node_modules/express/lib/router/route.js:131:13)
    at exports.touchToken (/Users/achar/Projects/my_Projects/yancaooa/server/utils/token_manager.js:44:2)
    at Layer.handle [as handle_request] (/Users/achar/Projects/my_Projects/yancaooa/server/node_modules/express/lib/router/layer.js:95:5)
    at next (/Users/achar/Projects/my_Projects/yancaooa/server/node_modules/express/lib/router/route.js:131:13)
    at Route.dispatch (/Users/achar/Projects/my_Projects/yancaooa/server/node_modules/express/lib/router/route.js:112:3)
    at Layer.handle [as handle_request] (/Users/achar/Projects/my_Projects/yancaooa/server/node_modules/express/lib/router/layer.js:95:5)
    at /Users/achar/Projects/my_Projects/yancaooa/server/node_modules/express/lib/router/index.js:277:22
  errors: 
   { register: 
      { MongooseError: Cast to Number failed for value "NaN" at path "register"
          at CastError (/Users/achar/Projects/my_Projects/yancaooa/server/node_modules/mongoose/lib/error/cast.js:26:11)
          at model.Document.set (/Users/achar/Projects/my_Projects/yancaooa/server/node_modules/mongoose/lib/document.js:741:7)
          at model._handleIndex (/Users/achar/Projects/my_Projects/yancaooa/server/node_modules/mongoose/lib/document.js:583:14)
          at model.Document.set (/Users/achar/Projects/my_Projects/yancaooa/server/node_modules/mongoose/lib/document.js:544:24)
          at model.Document (/Users/achar/Projects/my_Projects/yancaooa/server/node_modules/mongoose/lib/document.js:68:10)
          at model.Model (/Users/achar/Projects/my_Projects/yancaooa/server/node_modules/mongoose/lib/model.js:48:12)
          at new model (/Users/achar/Projects/my_Projects/yancaooa/server/node_modules/mongoose/lib/model.js:3229:13)
          at /Users/achar/Projects/my_Projects/yancaooa/server/node_modules/mongoose/lib/model.js:1864:51
          at /Users/achar/Projects/my_Projects/yancaooa/server/node_modules/mongoose/node_modules/async/internal/parallel.js:27:9
          at eachOfArrayLike (/Users/achar/Projects/my_Projects/yancaooa/server/node_modules/mongoose/node_modules/async/eachOf.js:57:9)
          at exports.default (/Users/achar/Projects/my_Projects/yancaooa/server/node_modules/mongoose/node_modules/async/eachOf.js:9:5)
          at _parallel (/Users/achar/Projects/my_Projects/yancaooa/server/node_modules/mongoose/node_modules/async/internal/parallel.js:26:5)
          at parallelLimit (/Users/achar/Projects/my_Projects/yancaooa/server/node_modules/mongoose/node_modules/async/parallel.js:85:26)
          at /Users/achar/Projects/my_Projects/yancaooa/server/node_modules/mongoose/lib/model.js:1882:5
          at Function.create (/Users/achar/Projects/my_Projects/yancaooa/server/node_modules/mongoose/lib/model.js:1852:17)
          at exports.create (/Users/achar/Projects/my_Projects/yancaooa/server/api/shops/controller.js:43:11)
          at Layer.handle [as handle_request] (/Users/achar/Projects/my_Projects/yancaooa/server/node_modules/express/lib/router/layer.js:95:5)
          at next (/Users/achar/Projects/my_Projects/yancaooa/server/node_modules/express/lib/router/route.js:131:13)
          at module.exports (/Users/achar/Projects/my_Projects/yancaooa/server/utils/sanitize.js:25:5)
          at Layer.handle [as handle_request] (/Users/achar/Projects/my_Projects/yancaooa/server/node_modules/express/lib/router/layer.js:95:5)
          at next (/Users/achar/Projects/my_Projects/yancaooa/server/node_modules/express/lib/router/route.js:131:13)
          at exports.touchToken (/Users/achar/Projects/my_Projects/yancaooa/server/utils/token_manager.js:44:2)
          at Layer.handle [as handle_request] (/Users/achar/Projects/my_Projects/yancaooa/server/node_modules/express/lib/router/layer.js:95:5)
          at next (/Users/achar/Projects/my_Projects/yancaooa/server/node_modules/express/lib/router/route.js:131:13)
          at Route.dispatch (/Users/achar/Projects/my_Projects/yancaooa/server/node_modules/express/lib/router/route.js:112:3)
          at Layer.handle [as handle_request] (/Users/achar/Projects/my_Projects/yancaooa/server/node_modules/express/lib/router/layer.js:95:5)
          at /Users/achar/Projects/my_Projects/yancaooa/server/node_modules/express/lib/router/index.js:277:22
          at Function.process_params (/Users/achar/Projects/my_Projects/yancaooa/server/node_modules/express/lib/router/index.js:330:12)
        message: 'Cast to Number failed for value "NaN" at path "register"',
        name: 'CastError',
        kind: 'Number',
        value: NaN,
        path: 'register',
        reason: [Object] } },
  message: 'shops validation failed',
  name: 'ValidationError' }
[2017-03-28 16:32:17.504] [INFO] console - ::ffff:192.168.0.110 - - "POST /api/app/shop HTTP/1.1" 200 425 "" "Mozilla/5.0 (Linux; Android 4.4.4; Che1-CL20 Build/Che1-CL20) AppleWebKit/537.36 (KHTML, like Gecko) Version/4.0 Chrome/33.0.0.0 Mobile Safari/537.36 Html5Plus/1.0"
[2017-03-28 16:32:17.519] [INFO] console - { data: '{"shop":{"licenseId":"371621116239","name":"新意书店","manager":"李守和","register":"2017-03-21","expire":"2018-12-31","address":"山东省滨州市惠民县胡集镇北李村","status":"初始申请","image":"title.png"},"geolocation":{"coordsType":"gcj02","address":{"cityCode":"010","province":"北京市","district":"朝阳区","poiName":"元大都城垣遗址公园管理处","street":"北土城东路","city":"北京市","country":"中国"},"addresses":"北京市朝阳区北土城东路靠近元大都城垣遗址公园管理处","coords":{"latitude":39.976481,"longitude":116.427301,"accuracy":35,"altitude":0,"heading":null,"speed":0,"altitudeAccuracy":0},"timestamp":1490686721312}}' }
