[2016-12-06 11:43:18.032] [TRACE] log_file - This is a Log4js-Test
[2016-12-06 11:43:33.203] [TRACE] log_file - This is a Log4js-Test
[2016-12-06 11:47:24.726] [TRACE] log_file - This is a Log4js-Test
[2016-12-06 12:00:47.545] [TRACE] log_file - This is a Log4js-Test
[2016-12-06 12:00:47.546] [DEBUG] log_file - We Write Logs with log4js
[2016-12-06 12:00:47.546] [INFO] log_file - You can find logs-files in the log-dir
[2016-12-06 12:00:47.546] [WARN] log_file - log-dir is a configuration-item in the log4js.json
[2016-12-06 12:00:47.546] [ERROR] log_file - In This Test log-dir is : './logs/log_test/'
[2016-12-06 12:06:48.744] [TRACE] log_file - This is a Log4js-Test
[2016-12-06 12:07:24.016] [TRACE] log_file - This is a Log4js-Test
[2016-12-06 12:07:24.017] [DEBUG] log_file - We Write Logs with log4js
[2016-12-06 12:07:24.017] [INFO] log_file - You can find logs-files in the log-dir
[2016-12-06 12:07:24.017] [WARN] log_file - log-dir is a configuration-item in the log4js.json
[2016-12-06 12:07:24.017] [ERROR] log_file - In This Test log-dir is : './logs/log_test/'
[2016-12-06 14:14:34.536] [TRACE] log_file - This is a Log4js-Test
[2016-12-06 14:14:34.538] [DEBUG] log_file - We Write Logs with log4js
[2016-12-06 14:14:34.538] [INFO] log_file - You can find logs-files in the log-dir
[2016-12-06 14:14:34.538] [WARN] log_file - log-dir is a configuration-item in the log4js.json
[2016-12-06 14:14:34.538] [ERROR] log_file - In This Test log-dir is : './logs/log_test/'
[2016-12-06 14:16:28.127] [TRACE] log_file - This is a Log4js-Test
[2016-12-06 14:16:28.129] [DEBUG] log_file - We Write Logs with log4js
[2016-12-06 14:16:28.129] [INFO] log_file - You can find logs-files in the log-dir
[2016-12-06 14:16:28.129] [WARN] log_file - log-dir is a configuration-item in the log4js.json
[2016-12-06 14:16:28.129] [ERROR] log_file - In This Test log-dir is : './logs/log_test/'
[2016-12-06 14:25:34.343] [TRACE] log_file - This is a Log4js-Test
[2016-12-06 14:25:34.344] [DEBUG] log_file - We Write Logs with log4js
[2016-12-06 14:25:34.345] [INFO] log_file - You can find logs-files in the log-dir
[2016-12-06 14:25:34.345] [WARN] log_file - log-dir is a configuration-item in the log4js.json
[2016-12-06 14:25:34.345] [ERROR] log_file - In This Test log-dir is : './logs/log_test/'
[2016-12-06 14:38:03.594] [TRACE] log_file - This is a Log4js-Test
[2016-12-06 14:38:03.594] [DEBUG] log_file - We Write Logs with log4js
[2016-12-06 14:38:03.594] [INFO] log_file - You can find logs-files in the log-dir
[2016-12-06 14:38:03.594] [WARN] log_file - log-dir is a configuration-item in the log4js.json
[2016-12-06 14:38:03.594] [ERROR] log_file - In This Test log-dir is : './logs/log_test/'
